ARM GAS  C:\Users\Riccardo\AppData\Local\Temp\ccRX0KB6.s 			page 1


   1              		.syntax unified
   2              		.cpu cortex-m3
   3              		.fpu softvfp
   4              		.eabi_attribute 20, 1
   5              		.eabi_attribute 21, 1
   6              		.eabi_attribute 23, 3
   7              		.eabi_attribute 24, 1
   8              		.eabi_attribute 25, 1
   9              		.eabi_attribute 26, 1
  10              		.eabi_attribute 30, 1
  11              		.eabi_attribute 34, 1
  12              		.eabi_attribute 18, 4
  13              		.thumb
  14              		.syntax unified
  15              		.file	"cymetadata.c"
  16              		.text
  17              	.Ltext0:
  18              		.cfi_sections	.debug_frame
  19              		.global	cy_metadata
  20              		.global	cy_meta_flashprotect
  21              		.global	cy_meta_wonvl
  22              		.global	cy_meta_custnvl
  23              		.global	cy_meta_configecc
  24              		.section	.cyconfigecc,"a",%progbits
  25              		.align	2
  26              		.type	cy_meta_configecc, %object
  27              		.size	cy_meta_configecc, 888
  28              	cy_meta_configecc:
  29 0000 02       		.byte	2
  30 0001 4F       		.byte	79
  31 0002 00       		.byte	0
  32 0003 40       		.byte	64
  33 0004 03       		.byte	3
  34 0005 65       		.byte	101
  35 0006 00       		.byte	0
  36 0007 40       		.byte	64
  37 0008 04       		.byte	4
  38 0009 04       		.byte	4
  39 000a 01       		.byte	1
  40 000b 40       		.byte	64
  41 000c 02       		.byte	2
  42 000d 05       		.byte	5
  43 000e 01       		.byte	1
  44 000f 40       		.byte	64
  45 0010 03       		.byte	3
  46 0011 15       		.byte	21
  47 0012 01       		.byte	1
  48 0013 40       		.byte	64
  49 0014 01       		.byte	1
  50 0015 17       		.byte	23
  51 0016 01       		.byte	1
  52 0017 40       		.byte	64
  53 0018 0F       		.byte	15
  54 0019 18       		.byte	24
  55 001a 01       		.byte	1
  56 001b 40       		.byte	64
  57 001c 34       		.byte	52
ARM GAS  C:\Users\Riccardo\AppData\Local\Temp\ccRX0KB6.s 			page 2


  58 001d 19       		.byte	25
  59 001e 01       		.byte	1
  60 001f 40       		.byte	64
  61 0020 68       		.byte	104
  62 0021 1A       		.byte	26
  63 0022 01       		.byte	1
  64 0023 40       		.byte	64
  65 0024 50       		.byte	80
  66 0025 1B       		.byte	27
  67 0026 01       		.byte	1
  68 0027 40       		.byte	64
  69 0028 02       		.byte	2
  70 0029 40       		.byte	64
  71 002a 01       		.byte	1
  72 002b 40       		.byte	64
  73 002c 01       		.byte	1
  74 002d 41       		.byte	65
  75 002e 01       		.byte	1
  76 002f 40       		.byte	64
  77 0030 09       		.byte	9
  78 0031 42       		.byte	66
  79 0032 01       		.byte	1
  80 0033 40       		.byte	64
  81 0034 01       		.byte	1
  82 0035 43       		.byte	67
  83 0036 01       		.byte	1
  84 0037 40       		.byte	64
  85 0038 04       		.byte	4
  86 0039 48       		.byte	72
  87 003a 01       		.byte	1
  88 003b 40       		.byte	64
  89 003c 0F       		.byte	15
  90 003d 49       		.byte	73
  91 003e 01       		.byte	1
  92 003f 40       		.byte	64
  93 0040 09       		.byte	9
  94 0041 4C       		.byte	76
  95 0042 01       		.byte	1
  96 0043 40       		.byte	64
  97 0044 0E       		.byte	14
  98 0045 4D       		.byte	77
  99 0046 01       		.byte	1
 100 0047 40       		.byte	64
 101 0048 02       		.byte	2
 102 0049 50       		.byte	80
 103 004a 01       		.byte	1
 104 004b 40       		.byte	64
 105 004c 02       		.byte	2
 106 004d 51       		.byte	81
 107 004e 01       		.byte	1
 108 004f 40       		.byte	64
 109 0050 01       		.byte	1
 110 0051 10       		.byte	16
 111 0052 0A       		.byte	10
 112 0053 4B       		.byte	75
 113 0054 88       		.byte	-120
 114 0055 72       		.byte	114
ARM GAS  C:\Users\Riccardo\AppData\Local\Temp\ccRX0KB6.s 			page 3


 115 0056 8A       		.byte	-118
 116 0057 0F       		.byte	15
 117 0058 8B       		.byte	-117
 118 0059 38       		.byte	56
 119 005a 39       		.byte	57
 120 005b 08       		.byte	8
 121 005c 3F       		.byte	63
 122 005d 04       		.byte	4
 123 005e 59       		.byte	89
 124 005f 04       		.byte	4
 125 0060 5F       		.byte	95
 126 0061 01       		.byte	1
 127 0062 23       		.byte	35
 128 0063 10       		.byte	16
 129 0064 87       		.byte	-121
 130 0065 10       		.byte	16
 131 0066 E0       		.byte	-32
 132 0067 08       		.byte	8
 133 0068 E4       		.byte	-28
 134 0069 01       		.byte	1
 135 006a EA       		.byte	-22
 136 006b 01       		.byte	1
 137 006c E6       		.byte	-26
 138 006d 0C       		.byte	12
 139 006e 80       		.byte	-128
 140 006f 02       		.byte	2
 141 0070 82       		.byte	-126
 142 0071 0C       		.byte	12
 143 0072 8C       		.byte	-116
 144 0073 04       		.byte	4
 145 0074 8E       		.byte	-114
 146 0075 02       		.byte	2
 147 0076 94       		.byte	-108
 148 0077 08       		.byte	8
 149 0078 96       		.byte	-106
 150 0079 02       		.byte	2
 151 007a 98       		.byte	-104
 152 007b 0F       		.byte	15
 153 007c A8       		.byte	-88
 154 007d 0F       		.byte	15
 155 007e AC       		.byte	-84
 156 007f 01       		.byte	1
 157 0080 B0       		.byte	-80
 158 0081 0E       		.byte	14
 159 0082 B4       		.byte	-76
 160 0083 01       		.byte	1
 161 0084 BB       		.byte	-69
 162 0085 80       		.byte	-128
 163 0086 D8       		.byte	-40
 164 0087 04       		.byte	4
 165 0088 D9       		.byte	-39
 166 0089 04       		.byte	4
 167 008a DF       		.byte	-33
 168 008b 01       		.byte	1
 169 008c 01       		.byte	1
 170 008d 42       		.byte	66
 171 008e 04       		.byte	4
ARM GAS  C:\Users\Riccardo\AppData\Local\Temp\ccRX0KB6.s 			page 4


 172 008f 11       		.byte	17
 173 0090 06       		.byte	6
 174 0091 41       		.byte	65
 175 0092 07       		.byte	7
 176 0093 10       		.byte	16
 177 0094 08       		.byte	8
 178 0095 08       		.byte	8
 179 0096 0A       		.byte	10
 180 0097 04       		.byte	4
 181 0098 0E       		.byte	14
 182 0099 48       		.byte	72
 183 009a 0F       		.byte	15
 184 009b 22       		.byte	34
 185 009c 10       		.byte	16
 186 009d 0A       		.byte	10
 187 009e 14       		.byte	20
 188 009f 08       		.byte	8
 189 00a0 15       		.byte	21
 190 00a1 40       		.byte	64
 191 00a2 17       		.byte	23
 192 00a3 04       		.byte	4
 193 00a4 19       		.byte	25
 194 00a5 02       		.byte	2
 195 00a6 1B       		.byte	27
 196 00a7 11       		.byte	17
 197 00a8 1C       		.byte	28
 198 00a9 14       		.byte	20
 199 00aa 1D       		.byte	29
 200 00ab 08       		.byte	8
 201 00ac 1E       		.byte	30
 202 00ad 42       		.byte	66
 203 00ae 1F       		.byte	31
 204 00af 08       		.byte	8
 205 00b0 20       		.byte	32
 206 00b1 01       		.byte	1
 207 00b2 25       		.byte	37
 208 00b3 10       		.byte	16
 209 00b4 26       		.byte	38
 210 00b5 06       		.byte	6
 211 00b6 27       		.byte	39
 212 00b7 01       		.byte	1
 213 00b8 2C       		.byte	44
 214 00b9 40       		.byte	64
 215 00ba 2D       		.byte	45
 216 00bb 40       		.byte	64
 217 00bc 2F       		.byte	47
 218 00bd 28       		.byte	40
 219 00be 36       		.byte	54
 220 00bf 86       		.byte	-122
 221 00c0 37       		.byte	55
 222 00c1 10       		.byte	16
 223 00c2 3E       		.byte	62
 224 00c3 4A       		.byte	74
 225 00c4 3F       		.byte	63
 226 00c5 20       		.byte	32
 227 00c6 44       		.byte	68
 228 00c7 40       		.byte	64
ARM GAS  C:\Users\Riccardo\AppData\Local\Temp\ccRX0KB6.s 			page 5


 229 00c8 45       		.byte	69
 230 00c9 08       		.byte	8
 231 00ca 46       		.byte	70
 232 00cb 40       		.byte	64
 233 00cc 47       		.byte	71
 234 00cd 40       		.byte	64
 235 00ce 4D       		.byte	77
 236 00cf 04       		.byte	4
 237 00d0 4E       		.byte	78
 238 00d1 02       		.byte	2
 239 00d2 4F       		.byte	79
 240 00d3 20       		.byte	32
 241 00d4 57       		.byte	87
 242 00d5 20       		.byte	32
 243 00d6 5C       		.byte	92
 244 00d7 04       		.byte	4
 245 00d8 6C       		.byte	108
 246 00d9 0A       		.byte	10
 247 00da 6E       		.byte	110
 248 00db 14       		.byte	20
 249 00dc 76       		.byte	118
 250 00dd 0B       		.byte	11
 251 00de 77       		.byte	119
 252 00df 14       		.byte	20
 253 00e0 C0       		.byte	-64
 254 00e1 F9       		.byte	-7
 255 00e2 C2       		.byte	-62
 256 00e3 F6       		.byte	-10
 257 00e4 C4       		.byte	-60
 258 00e5 E3       		.byte	-29
 259 00e6 CA       		.byte	-54
 260 00e7 F0       		.byte	-16
 261 00e8 CC       		.byte	-52
 262 00e9 F0       		.byte	-16
 263 00ea CE       		.byte	-50
 264 00eb F0       		.byte	-16
 265 00ec D0       		.byte	-48
 266 00ed D0       		.byte	-48
 267 00ee D2       		.byte	-46
 268 00ef 30       		.byte	48
 269 00f0 D6       		.byte	-42
 270 00f1 40       		.byte	64
 271 00f2 E6       		.byte	-26
 272 00f3 0C       		.byte	12
 273 00f4 00       		.byte	0
 274 00f5 0C       		.byte	12
 275 00f6 02       		.byte	2
 276 00f7 71       		.byte	113
 277 00f8 04       		.byte	4
 278 00f9 14       		.byte	20
 279 00fa 05       		.byte	5
 280 00fb 03       		.byte	3
 281 00fc 07       		.byte	7
 282 00fd 14       		.byte	20
 283 00fe 0B       		.byte	11
 284 00ff 15       		.byte	21
 285 0100 0C       		.byte	12
ARM GAS  C:\Users\Riccardo\AppData\Local\Temp\ccRX0KB6.s 			page 6


 286 0101 10       		.byte	16
 287 0102 0E       		.byte	14
 288 0103 AC       		.byte	-84
 289 0104 0F       		.byte	15
 290 0105 08       		.byte	8
 291 0106 10       		.byte	16
 292 0107 09       		.byte	9
 293 0108 11       		.byte	17
 294 0109 13       		.byte	19
 295 010a 12       		.byte	18
 296 010b D0       		.byte	-48
 297 010c 13       		.byte	19
 298 010d 0C       		.byte	12
 299 010e 15       		.byte	21
 300 010f 0A       		.byte	10
 301 0110 16       		.byte	22
 302 0111 03       		.byte	3
 303 0112 17       		.byte	23
 304 0113 14       		.byte	20
 305 0114 18       		.byte	24
 306 0115 DC       		.byte	-36
 307 0116 19       		.byte	25
 308 0117 20       		.byte	32
 309 0118 1A       		.byte	26
 310 0119 22       		.byte	34
 311 011a 1D       		.byte	29
 312 011b 40       		.byte	64
 313 011c 21       		.byte	33
 314 011d 13       		.byte	19
 315 011e 23       		.byte	35
 316 011f 04       		.byte	4
 317 0120 26       		.byte	38
 318 0121 20       		.byte	32
 319 0122 2C       		.byte	44
 320 0123 10       		.byte	16
 321 0124 2E       		.byte	46
 322 0125 40       		.byte	64
 323 0126 31       		.byte	49
 324 0127 0F       		.byte	15
 325 0128 32       		.byte	50
 326 0129 1F       		.byte	31
 327 012a 33       		.byte	51
 328 012b 40       		.byte	64
 329 012c 35       		.byte	53
 330 012d 10       		.byte	16
 331 012e 36       		.byte	54
 332 012f E0       		.byte	-32
 333 0130 37       		.byte	55
 334 0131 20       		.byte	32
 335 0132 3A       		.byte	58
 336 0133 80       		.byte	-128
 337 0134 3B       		.byte	59
 338 0135 02       		.byte	2
 339 0136 3F       		.byte	63
 340 0137 54       		.byte	84
 341 0138 40       		.byte	64
 342 0139 52       		.byte	82
ARM GAS  C:\Users\Riccardo\AppData\Local\Temp\ccRX0KB6.s 			page 7


 343 013a 41       		.byte	65
 344 013b 01       		.byte	1
 345 013c 45       		.byte	69
 346 013d EB       		.byte	-21
 347 013e 47       		.byte	71
 348 013f 0C       		.byte	12
 349 0140 48       		.byte	72
 350 0141 13       		.byte	19
 351 0142 49       		.byte	73
 352 0143 FF       		.byte	-1
 353 0144 4A       		.byte	74
 354 0145 FF       		.byte	-1
 355 0146 4B       		.byte	75
 356 0147 FF       		.byte	-1
 357 0148 4E       		.byte	78
 358 0149 F0       		.byte	-16
 359 014a 4F       		.byte	79
 360 014b 44       		.byte	68
 361 014c 50       		.byte	80
 362 014d 0C       		.byte	12
 363 014e 54       		.byte	84
 364 014f 01       		.byte	1
 365 0150 58       		.byte	88
 366 0151 04       		.byte	4
 367 0152 59       		.byte	89
 368 0153 04       		.byte	4
 369 0154 5A       		.byte	90
 370 0155 04       		.byte	4
 371 0156 5B       		.byte	91
 372 0157 04       		.byte	4
 373 0158 5F       		.byte	95
 374 0159 01       		.byte	1
 375 015a 66       		.byte	102
 376 015b C0       		.byte	-64
 377 015c 6A       		.byte	106
 378 015d 40       		.byte	64
 379 015e 6B       		.byte	107
 380 015f 02       		.byte	2
 381 0160 81       		.byte	-127
 382 0161 08       		.byte	8
 383 0162 82       		.byte	-126
 384 0163 08       		.byte	8
 385 0164 83       		.byte	-125
 386 0165 15       		.byte	21
 387 0166 84       		.byte	-124
 388 0167 2C       		.byte	44
 389 0168 85       		.byte	-123
 390 0169 18       		.byte	24
 391 016a 86       		.byte	-122
 392 016b 43       		.byte	67
 393 016c 89       		.byte	-119
 394 016d 18       		.byte	24
 395 016e 8C       		.byte	-116
 396 016f 71       		.byte	113
 397 0170 8E       		.byte	-114
 398 0171 0E       		.byte	14
 399 0172 92       		.byte	-110
ARM GAS  C:\Users\Riccardo\AppData\Local\Temp\ccRX0KB6.s 			page 8


 400 0173 0C       		.byte	12
 401 0174 93       		.byte	-109
 402 0175 20       		.byte	32
 403 0176 95       		.byte	-107
 404 0177 10       		.byte	16
 405 0178 97       		.byte	-105
 406 0179 0C       		.byte	12
 407 017a A0       		.byte	-96
 408 017b 71       		.byte	113
 409 017c A2       		.byte	-94
 410 017d 06       		.byte	6
 411 017e A3       		.byte	-93
 412 017f 02       		.byte	2
 413 0180 A4       		.byte	-92
 414 0181 80       		.byte	-128
 415 0182 A6       		.byte	-90
 416 0183 13       		.byte	19
 417 0184 A7       		.byte	-89
 418 0185 20       		.byte	32
 419 0186 B0       		.byte	-80
 420 0187 C0       		.byte	-64
 421 0188 B1       		.byte	-79
 422 0189 06       		.byte	6
 423 018a B2       		.byte	-78
 424 018b 0F       		.byte	15
 425 018c B3       		.byte	-77
 426 018d 20       		.byte	32
 427 018e B4       		.byte	-76
 428 018f 30       		.byte	48
 429 0190 B5       		.byte	-75
 430 0191 18       		.byte	24
 431 0192 B7       		.byte	-73
 432 0193 01       		.byte	1
 433 0194 B8       		.byte	-72
 434 0195 22       		.byte	34
 435 0196 BA       		.byte	-70
 436 0197 08       		.byte	8
 437 0198 BE       		.byte	-66
 438 0199 10       		.byte	16
 439 019a BF       		.byte	-65
 440 019b 05       		.byte	5
 441 019c C0       		.byte	-64
 442 019d 02       		.byte	2
 443 019e C6       		.byte	-58
 444 019f 04       		.byte	4
 445 01a0 C9       		.byte	-55
 446 01a1 FF       		.byte	-1
 447 01a2 CA       		.byte	-54
 448 01a3 07       		.byte	7
 449 01a4 CB       		.byte	-53
 450 01a5 FF       		.byte	-1
 451 01a6 CC       		.byte	-52
 452 01a7 40       		.byte	64
 453 01a8 CD       		.byte	-51
 454 01a9 20       		.byte	32
 455 01aa CE       		.byte	-50
 456 01ab F0       		.byte	-16
ARM GAS  C:\Users\Riccardo\AppData\Local\Temp\ccRX0KB6.s 			page 9


 457 01ac CF       		.byte	-49
 458 01ad 05       		.byte	5
 459 01ae D0       		.byte	-48
 460 01af 08       		.byte	8
 461 01b0 D4       		.byte	-44
 462 01b1 18       		.byte	24
 463 01b2 D8       		.byte	-40
 464 01b3 04       		.byte	4
 465 01b4 D9       		.byte	-39
 466 01b5 04       		.byte	4
 467 01b6 DA       		.byte	-38
 468 01b7 04       		.byte	4
 469 01b8 DB       		.byte	-37
 470 01b9 04       		.byte	4
 471 01ba DF       		.byte	-33
 472 01bb 01       		.byte	1
 473 01bc E0       		.byte	-32
 474 01bd 40       		.byte	64
 475 01be E1       		.byte	-31
 476 01bf A8       		.byte	-88
 477 01c0 E2       		.byte	-30
 478 01c1 40       		.byte	64
 479 01c2 E3       		.byte	-29
 480 01c3 20       		.byte	32
 481 01c4 02       		.byte	2
 482 01c5 22       		.byte	34
 483 01c6 03       		.byte	3
 484 01c7 80       		.byte	-128
 485 01c8 05       		.byte	5
 486 01c9 84       		.byte	-124
 487 01ca 06       		.byte	6
 488 01cb 80       		.byte	-128
 489 01cc 09       		.byte	9
 490 01cd 02       		.byte	2
 491 01ce 0A       		.byte	10
 492 01cf 20       		.byte	32
 493 01d0 0B       		.byte	11
 494 01d1 08       		.byte	8
 495 01d2 0D       		.byte	13
 496 01d3 02       		.byte	2
 497 01d4 11       		.byte	17
 498 01d5 80       		.byte	-128
 499 01d6 12       		.byte	18
 500 01d7 10       		.byte	16
 501 01d8 15       		.byte	21
 502 01d9 02       		.byte	2
 503 01da 16       		.byte	22
 504 01db 10       		.byte	16
 505 01dc 19       		.byte	25
 506 01dd 80       		.byte	-128
 507 01de 1A       		.byte	26
 508 01df 20       		.byte	32
 509 01e0 1B       		.byte	27
 510 01e1 80       		.byte	-128
 511 01e2 1C       		.byte	28
 512 01e3 40       		.byte	64
 513 01e4 1D       		.byte	29
ARM GAS  C:\Users\Riccardo\AppData\Local\Temp\ccRX0KB6.s 			page 10


 514 01e5 26       		.byte	38
 515 01e6 1F       		.byte	31
 516 01e7 04       		.byte	4
 517 01e8 20       		.byte	32
 518 01e9 04       		.byte	4
 519 01ea 21       		.byte	33
 520 01eb 41       		.byte	65
 521 01ec 22       		.byte	34
 522 01ed 06       		.byte	6
 523 01ee 25       		.byte	37
 524 01ef 08       		.byte	8
 525 01f0 26       		.byte	38
 526 01f1 80       		.byte	-128
 527 01f2 27       		.byte	39
 528 01f3 48       		.byte	72
 529 01f4 2B       		.byte	43
 530 01f5 80       		.byte	-128
 531 01f6 2D       		.byte	45
 532 01f7 06       		.byte	6
 533 01f8 30       		.byte	48
 534 01f9 80       		.byte	-128
 535 01fa 31       		.byte	49
 536 01fb 04       		.byte	4
 537 01fc 32       		.byte	50
 538 01fd 12       		.byte	18
 539 01fe 34       		.byte	52
 540 01ff 08       		.byte	8
 541 0200 37       		.byte	55
 542 0201 09       		.byte	9
 543 0202 38       		.byte	56
 544 0203 48       		.byte	72
 545 0204 3A       		.byte	58
 546 0205 10       		.byte	16
 547 0206 3E       		.byte	62
 548 0207 16       		.byte	22
 549 0208 43       		.byte	67
 550 0209 A0       		.byte	-96
 551 020a 45       		.byte	69
 552 020b 28       		.byte	40
 553 020c 46       		.byte	70
 554 020d 20       		.byte	32
 555 020e 48       		.byte	72
 556 020f 80       		.byte	-128
 557 0210 49       		.byte	73
 558 0211 01       		.byte	1
 559 0212 4A       		.byte	74
 560 0213 22       		.byte	34
 561 0214 50       		.byte	80
 562 0215 04       		.byte	4
 563 0216 55       		.byte	85
 564 0217 40       		.byte	64
 565 0218 56       		.byte	86
 566 0219 90       		.byte	-112
 567 021a 57       		.byte	87
 568 021b 20       		.byte	32
 569 021c 59       		.byte	89
 570 021d 21       		.byte	33
ARM GAS  C:\Users\Riccardo\AppData\Local\Temp\ccRX0KB6.s 			page 11


 571 021e 5A       		.byte	90
 572 021f 48       		.byte	72
 573 0220 5E       		.byte	94
 574 0221 02       		.byte	2
 575 0222 66       		.byte	102
 576 0223 20       		.byte	32
 577 0224 67       		.byte	103
 578 0225 01       		.byte	1
 579 0226 80       		.byte	-128
 580 0227 04       		.byte	4
 581 0228 81       		.byte	-127
 582 0229 40       		.byte	64
 583 022a 82       		.byte	-126
 584 022b 40       		.byte	64
 585 022c 8A       		.byte	-118
 586 022d 02       		.byte	2
 587 022e 8C       		.byte	-116
 588 022f 04       		.byte	4
 589 0230 8D       		.byte	-115
 590 0231 60       		.byte	96
 591 0232 91       		.byte	-111
 592 0233 04       		.byte	4
 593 0234 92       		.byte	-110
 594 0235 14       		.byte	20
 595 0236 93       		.byte	-109
 596 0237 01       		.byte	1
 597 0238 95       		.byte	-107
 598 0239 40       		.byte	64
 599 023a 99       		.byte	-103
 600 023b 02       		.byte	2
 601 023c 9B       		.byte	-101
 602 023d 01       		.byte	1
 603 023e 9C       		.byte	-100
 604 023f 08       		.byte	8
 605 0240 9F       		.byte	-97
 606 0241 40       		.byte	64
 607 0242 A2       		.byte	-94
 608 0243 01       		.byte	1
 609 0244 A6       		.byte	-90
 610 0245 80       		.byte	-128
 611 0246 B5       		.byte	-75
 612 0247 10       		.byte	16
 613 0248 B7       		.byte	-73
 614 0249 01       		.byte	1
 615 024a C0       		.byte	-64
 616 024b BD       		.byte	-67
 617 024c C2       		.byte	-62
 618 024d 1E       		.byte	30
 619 024e C4       		.byte	-60
 620 024f 35       		.byte	53
 621 0250 CA       		.byte	-54
 622 0251 C1       		.byte	-63
 623 0252 CC       		.byte	-52
 624 0253 CF       		.byte	-49
 625 0254 CE       		.byte	-50
 626 0255 EE       		.byte	-18
 627 0256 D0       		.byte	-48
ARM GAS  C:\Users\Riccardo\AppData\Local\Temp\ccRX0KB6.s 			page 12


 628 0257 2C       		.byte	44
 629 0258 D2       		.byte	-46
 630 0259 08       		.byte	8
 631 025a D6       		.byte	-42
 632 025b 8F       		.byte	-113
 633 025c D8       		.byte	-40
 634 025d 30       		.byte	48
 635 025e E0       		.byte	-32
 636 025f 09       		.byte	9
 637 0260 E4       		.byte	-28
 638 0261 01       		.byte	1
 639 0262 EA       		.byte	-22
 640 0263 01       		.byte	1
 641 0264 32       		.byte	50
 642 0265 80       		.byte	-128
 643 0266 CC       		.byte	-52
 644 0267 10       		.byte	16
 645 0268 A6       		.byte	-90
 646 0269 80       		.byte	-128
 647 026a 12       		.byte	18
 648 026b 80       		.byte	-128
 649 026c 3E       		.byte	62
 650 026d 10       		.byte	16
 651 026e 5B       		.byte	91
 652 026f 08       		.byte	8
 653 0270 87       		.byte	-121
 654 0271 08       		.byte	8
 655 0272 A6       		.byte	-90
 656 0273 80       		.byte	-128
 657 0274 C4       		.byte	-60
 658 0275 10       		.byte	16
 659 0276 CE       		.byte	-50
 660 0277 20       		.byte	32
 661 0278 D6       		.byte	-42
 662 0279 40       		.byte	64
 663 027a E2       		.byte	-30
 664 027b 10       		.byte	16
 665 027c 96       		.byte	-106
 666 027d 10       		.byte	16
 667 027e 80       		.byte	-128
 668 027f 01       		.byte	1
 669 0280 85       		.byte	-123
 670 0281 08       		.byte	8
 671 0282 96       		.byte	-106
 672 0283 10       		.byte	16
 673 0284 E6       		.byte	-26
 674 0285 30       		.byte	48
 675 0286 12       		.byte	18
 676 0287 20       		.byte	32
 677 0288 16       		.byte	22
 678 0289 40       		.byte	64
 679 028a 70       		.byte	112
 680 028b 01       		.byte	1
 681 028c 75       		.byte	117
 682 028d 08       		.byte	8
 683 028e 82       		.byte	-126
 684 028f 20       		.byte	32
ARM GAS  C:\Users\Riccardo\AppData\Local\Temp\ccRX0KB6.s 			page 13


 685 0290 86       		.byte	-122
 686 0291 40       		.byte	64
 687 0292 90       		.byte	-112
 688 0293 02       		.byte	2
 689 0294 99       		.byte	-103
 690 0295 08       		.byte	8
 691 0296 AA       		.byte	-86
 692 0297 10       		.byte	16
 693 0298 C4       		.byte	-60
 694 0299 30       		.byte	48
 695 029a DC       		.byte	-36
 696 029b 80       		.byte	-128
 697 029c DE       		.byte	-34
 698 029d 20       		.byte	32
 699 029e E0       		.byte	-32
 700 029f 10       		.byte	16
 701 02a0 E4       		.byte	-28
 702 02a1 80       		.byte	-128
 703 02a2 EA       		.byte	-22
 704 02a3 80       		.byte	-128
 705 02a4 12       		.byte	18
 706 02a5 80       		.byte	-128
 707 02a6 13       		.byte	19
 708 02a7 20       		.byte	32
 709 02a8 14       		.byte	20
 710 02a9 40       		.byte	64
 711 02aa 7B       		.byte	123
 712 02ab 10       		.byte	16
 713 02ac 7F       		.byte	127
 714 02ad 40       		.byte	64
 715 02ae 82       		.byte	-126
 716 02af 80       		.byte	-128
 717 02b0 84       		.byte	-124
 718 02b1 40       		.byte	64
 719 02b2 C4       		.byte	-60
 720 02b3 0E       		.byte	14
 721 02b4 DE       		.byte	-34
 722 02b5 03       		.byte	3
 723 02b6 10       		.byte	16
 724 02b7 40       		.byte	64
 725 02b8 12       		.byte	18
 726 02b9 80       		.byte	-128
 727 02ba 71       		.byte	113
 728 02bb 02       		.byte	2
 729 02bc 81       		.byte	-127
 730 02bd 02       		.byte	2
 731 02be 83       		.byte	-125
 732 02bf 10       		.byte	16
 733 02c0 87       		.byte	-121
 734 02c1 40       		.byte	64
 735 02c2 88       		.byte	-120
 736 02c3 40       		.byte	64
 737 02c4 8E       		.byte	-114
 738 02c5 80       		.byte	-128
 739 02c6 97       		.byte	-105
 740 02c7 80       		.byte	-128
 741 02c8 A7       		.byte	-89
ARM GAS  C:\Users\Riccardo\AppData\Local\Temp\ccRX0KB6.s 			page 14


 742 02c9 10       		.byte	16
 743 02ca AB       		.byte	-85
 744 02cb 20       		.byte	32
 745 02cc C4       		.byte	-60
 746 02cd 08       		.byte	8
 747 02ce DC       		.byte	-36
 748 02cf 01       		.byte	1
 749 02d0 E2       		.byte	-30
 750 02d1 03       		.byte	3
 751 02d2 10       		.byte	16
 752 02d3 01       		.byte	1
 753 02d4 1C       		.byte	28
 754 02d5 01       		.byte	1
 755 02d6 00       		.byte	0
 756 02d7 02       		.byte	2
 757 02d8 03       		.byte	3
 758 02d9 C0       		.byte	-64
 759 02da 00       		.byte	0
 760 02db 00       		.byte	0
 761 02dc 02       		.byte	2
 762 02dd 80       		.byte	-128
 763 02de 00       		.byte	0
 764 02df 00       		.byte	0
 765 02e0 43       		.byte	67
 766 02e1 00       		.byte	0
 767 02e2 00       		.byte	0
 768 02e3 00       		.byte	0
 769 02e4 FF       		.byte	-1
 770 02e5 10       		.byte	16
 771 02e6 00       		.byte	0
 772 02e7 00       		.byte	0
 773 02e8 0C       		.byte	12
 774 02e9 08       		.byte	8
 775 02ea 00       		.byte	0
 776 02eb 00       		.byte	0
 777 02ec F3       		.byte	-13
 778 02ed 00       		.byte	0
 779 02ee 0C       		.byte	12
 780 02ef 23       		.byte	35
 781 02f0 08       		.byte	8
 782 02f1 1C       		.byte	28
 783 02f2 00       		.byte	0
 784 02f3 61       		.byte	97
 785 02f4 1F       		.byte	31
 786 02f5 00       		.byte	0
 787 02f6 E0       		.byte	-32
 788 02f7 80       		.byte	-128
 789 02f8 00       		.byte	0
 790 02f9 3C       		.byte	60
 791 02fa E3       		.byte	-29
 792 02fb 42       		.byte	66
 793 02fc 1C       		.byte	28
 794 02fd 18       		.byte	24
 795 02fe E3       		.byte	-29
 796 02ff 00       		.byte	0
 797 0300 C3       		.byte	-61
 798 0301 00       		.byte	0
ARM GAS  C:\Users\Riccardo\AppData\Local\Temp\ccRX0KB6.s 			page 15


 799 0302 00       		.byte	0
 800 0303 04       		.byte	4
 801 0304 00       		.byte	0
 802 0305 7F       		.byte	127
 803 0306 00       		.byte	0
 804 0307 00       		.byte	0
 805 0308 04       		.byte	4
 806 0309 00       		.byte	0
 807 030a 00       		.byte	0
 808 030b 80       		.byte	-128
 809 030c 82       		.byte	-126
 810 030d 67       		.byte	103
 811 030e 00       		.byte	0
 812 030f 18       		.byte	24
 813 0310 41       		.byte	65
 814 0311 04       		.byte	4
 815 0312 00       		.byte	0
 816 0313 00       		.byte	0
 817 0314 2C       		.byte	44
 818 0315 38       		.byte	56
 819 0316 0F       		.byte	15
 820 0317 1F       		.byte	31
 821 0318 10       		.byte	16
 822 0319 80       		.byte	-128
 823 031a C0       		.byte	-64
 824 031b 40       		.byte	64
 825 031c 00       		.byte	0
 826 031d 80       		.byte	-128
 827 031e 0A       		.byte	10
 828 031f 08       		.byte	8
 829 0320 00       		.byte	0
 830 0321 00       		.byte	0
 831 0322 10       		.byte	16
 832 0323 10       		.byte	16
 833 0324 36       		.byte	54
 834 0325 04       		.byte	4
 835 0326 05       		.byte	5
 836 0327 00       		.byte	0
 837 0328 01       		.byte	1
 838 0329 0E       		.byte	14
 839 032a C0       		.byte	-64
 840 032b 00       		.byte	0
 841 032c 09       		.byte	9
 842 032d FF       		.byte	-1
 843 032e FF       		.byte	-1
 844 032f FF       		.byte	-1
 845 0330 62       		.byte	98
 846 0331 A0       		.byte	-96
 847 0332 F0       		.byte	-16
 848 0333 41       		.byte	65
 849 0334 0C       		.byte	12
 850 0335 00       		.byte	0
 851 0336 00       		.byte	0
 852 0337 00       		.byte	0
 853 0338 00       		.byte	0
 854 0339 00       		.byte	0
 855 033a 02       		.byte	2
ARM GAS  C:\Users\Riccardo\AppData\Local\Temp\ccRX0KB6.s 			page 16


 856 033b 12       		.byte	18
 857 033c 04       		.byte	4
 858 033d 04       		.byte	4
 859 033e 04       		.byte	4
 860 033f 04       		.byte	4
 861 0340 00       		.byte	0
 862 0341 00       		.byte	0
 863 0342 00       		.byte	0
 864 0343 01       		.byte	1
 865 0344 00       		.byte	0
 866 0345 00       		.byte	0
 867 0346 00       		.byte	0
 868 0347 00       		.byte	0
 869 0348 00       		.byte	0
 870 0349 00       		.byte	0
 871 034a 40       		.byte	64
 872 034b 02       		.byte	2
 873 034c 00       		.byte	0
 874 034d 10       		.byte	16
 875 034e 30       		.byte	48
 876 034f 10       		.byte	16
 877 0350 00       		.byte	0
 878 0351 10       		.byte	16
 879 0352 10       		.byte	16
 880 0353 12       		.byte	18
 881 0354 00       		.byte	0
 882 0355 00       		.byte	0
 883 0356 00       		.byte	0
 884 0357 00       		.byte	0
 885 0358 00       		.byte	0
 886 0359 00       		.byte	0
 887 035a 00       		.byte	0
 888 035b 00       		.byte	0
 889 035c 00       		.byte	0
 890 035d 00       		.byte	0
 891 035e 00       		.byte	0
 892 035f 00       		.byte	0
 893 0360 00       		.byte	0
 894 0361 00       		.byte	0
 895 0362 00       		.byte	0
 896 0363 00       		.byte	0
 897 0364 83       		.byte	-125
 898 0365 00       		.byte	0
 899 0366 40       		.byte	64
 900 0367 80       		.byte	-128
 901 0368 83       		.byte	-125
 902 0369 00       		.byte	0
 903 036a 83       		.byte	-125
 904 036b 00       		.byte	0
 905 036c 00       		.byte	0
 906 036d 00       		.byte	0
 907 036e 00       		.byte	0
 908 036f 00       		.byte	0
 909 0370 00       		.byte	0
 910 0371 0B       		.byte	11
 911 0372 0B       		.byte	11
 912 0373 00       		.byte	0
ARM GAS  C:\Users\Riccardo\AppData\Local\Temp\ccRX0KB6.s 			page 17


 913 0374 00       		.byte	0
 914 0375 00       		.byte	0
 915 0376 00       		.byte	0
 916 0377 00       		.byte	0
 917              		.section	.cywolatch,"a",%progbits
 918              		.align	2
 919              		.type	cy_meta_wonvl, %object
 920              		.size	cy_meta_wonvl, 4
 921              	cy_meta_wonvl:
 922 0000 BC       		.byte	-68
 923 0001 90       		.byte	-112
 924 0002 AC       		.byte	-84
 925 0003 AF       		.byte	-81
 926              		.section	.cycustnvl,"a",%progbits
 927              		.align	2
 928              		.type	cy_meta_custnvl, %object
 929              		.size	cy_meta_custnvl, 4
 930              	cy_meta_custnvl:
 931 0000 00       		.byte	0
 932 0001 00       		.byte	0
 933 0002 40       		.byte	64
 934 0003 05       		.byte	5
 935              		.section	.cymeta,"a",%progbits
 936              		.align	2
 937              		.type	cy_metadata, %object
 938              		.size	cy_metadata, 12
 939              	cy_metadata:
 940 0000 00       		.byte	0
 941 0001 01       		.byte	1
 942 0002 2E       		.byte	46
 943 0003 16       		.byte	22
 944 0004 10       		.byte	16
 945 0005 69       		.byte	105
 946 0006 00       		.byte	0
 947 0007 01       		.byte	1
 948 0008 00       		.byte	0
 949 0009 00       		.byte	0
 950 000a 00       		.byte	0
 951 000b 00       		.byte	0
 952              		.section	.cyflashprotect,"a",%progbits
 953              		.align	2
 954              		.type	cy_meta_flashprotect, %object
 955              		.size	cy_meta_flashprotect, 256
 956              	cy_meta_flashprotect:
 957 0000 00000000 		.space	256
 957      00000000 
 957      00000000 
 957      00000000 
 957      00000000 
 958              		.text
 959              	.Letext0:
 960              		.file 1 "c:\\program files (x86)\\cypress\\psoc creator\\4.3\\psoc creator\\import\\gnu\\arm\\5.4.
 961              		.file 2 "c:\\program files (x86)\\cypress\\psoc creator\\4.3\\psoc creator\\import\\gnu\\arm\\5.4.
 962              		.file 3 "Generated_Source\\PSoC5\\cymetadata.c"
 963              		.section	.debug_info,"",%progbits
 964              	.Ldebug_info0:
 965 0000 31010000 		.4byte	0x131
ARM GAS  C:\Users\Riccardo\AppData\Local\Temp\ccRX0KB6.s 			page 18


 966 0004 0400     		.2byte	0x4
 967 0006 00000000 		.4byte	.Ldebug_abbrev0
 968 000a 04       		.byte	0x4
 969 000b 01       		.uleb128 0x1
 970 000c 24000000 		.4byte	.LASF17
 971 0010 0C       		.byte	0xc
 972 0011 F4010000 		.4byte	.LASF18
 973 0015 D7000000 		.4byte	.LASF19
 974 0019 00000000 		.4byte	.Ldebug_line0
 975 001d 02       		.uleb128 0x2
 976 001e 01       		.byte	0x1
 977 001f 06       		.byte	0x6
 978 0020 E8010000 		.4byte	.LASF0
 979 0024 03       		.uleb128 0x3
 980 0025 00000000 		.4byte	.LASF9
 981 0029 01       		.byte	0x1
 982 002a 1D       		.byte	0x1d
 983 002b 2F000000 		.4byte	0x2f
 984 002f 02       		.uleb128 0x2
 985 0030 01       		.byte	0x1
 986 0031 08       		.byte	0x8
 987 0032 16000000 		.4byte	.LASF1
 988 0036 02       		.uleb128 0x2
 989 0037 02       		.byte	0x2
 990 0038 05       		.byte	0x5
 991 0039 D5010000 		.4byte	.LASF2
 992 003d 02       		.uleb128 0x2
 993 003e 02       		.byte	0x2
 994 003f 07       		.byte	0x7
 995 0040 C4000000 		.4byte	.LASF3
 996 0044 02       		.uleb128 0x2
 997 0045 04       		.byte	0x4
 998 0046 05       		.byte	0x5
 999 0047 DF010000 		.4byte	.LASF4
 1000 004b 02       		.uleb128 0x2
 1001 004c 04       		.byte	0x4
 1002 004d 07       		.byte	0x7
 1003 004e B2000000 		.4byte	.LASF5
 1004 0052 02       		.uleb128 0x2
 1005 0053 08       		.byte	0x8
 1006 0054 05       		.byte	0x5
 1007 0055 C7010000 		.4byte	.LASF6
 1008 0059 02       		.uleb128 0x2
 1009 005a 08       		.byte	0x8
 1010 005b 07       		.byte	0x7
 1011 005c 7C010000 		.4byte	.LASF7
 1012 0060 04       		.uleb128 0x4
 1013 0061 04       		.byte	0x4
 1014 0062 05       		.byte	0x5
 1015 0063 696E7400 		.ascii	"int\000"
 1016 0067 02       		.uleb128 0x2
 1017 0068 04       		.byte	0x4
 1018 0069 07       		.byte	0x7
 1019 006a 6F010000 		.4byte	.LASF8
 1020 006e 03       		.uleb128 0x3
 1021 006f 93010000 		.4byte	.LASF10
 1022 0073 02       		.byte	0x2
ARM GAS  C:\Users\Riccardo\AppData\Local\Temp\ccRX0KB6.s 			page 19


 1023 0074 18       		.byte	0x18
 1024 0075 24000000 		.4byte	0x24
 1025 0079 05       		.uleb128 0x5
 1026 007a 91000000 		.4byte	0x91
 1027 007e 8A000000 		.4byte	0x8a
 1028 0082 06       		.uleb128 0x6
 1029 0083 8A000000 		.4byte	0x8a
 1030 0087 7703     		.2byte	0x377
 1031 0089 00       		.byte	0
 1032 008a 02       		.uleb128 0x2
 1033 008b 04       		.byte	0x4
 1034 008c 07       		.byte	0x7
 1035 008d BE010000 		.4byte	.LASF11
 1036 0091 07       		.uleb128 0x7
 1037 0092 6E000000 		.4byte	0x6e
 1038 0096 08       		.uleb128 0x8
 1039 0097 5D010000 		.4byte	.LASF12
 1040 009b 03       		.byte	0x3
 1041 009c 1F       		.byte	0x1f
 1042 009d A7000000 		.4byte	0xa7
 1043 00a1 05       		.uleb128 0x5
 1044 00a2 03       		.byte	0x3
 1045 00a3 00000000 		.4byte	cy_meta_configecc
 1046 00a7 07       		.uleb128 0x7
 1047 00a8 79000000 		.4byte	0x79
 1048 00ac 05       		.uleb128 0x5
 1049 00ad 91000000 		.4byte	0x91
 1050 00b1 BC000000 		.4byte	0xbc
 1051 00b5 09       		.uleb128 0x9
 1052 00b6 8A000000 		.4byte	0x8a
 1053 00ba 03       		.byte	0x3
 1054 00bb 00       		.byte	0
 1055 00bc 08       		.uleb128 0x8
 1056 00bd 4D010000 		.4byte	.LASF13
 1057 00c1 03       		.byte	0x3
 1058 00c2 9B       		.byte	0x9b
 1059 00c3 CD000000 		.4byte	0xcd
 1060 00c7 05       		.uleb128 0x5
 1061 00c8 03       		.byte	0x3
 1062 00c9 00000000 		.4byte	cy_meta_custnvl
 1063 00cd 07       		.uleb128 0x7
 1064 00ce AC000000 		.4byte	0xac
 1065 00d2 08       		.uleb128 0x8
 1066 00d3 B0010000 		.4byte	.LASF14
 1067 00d7 03       		.byte	0x3
 1068 00d8 A9       		.byte	0xa9
 1069 00d9 E3000000 		.4byte	0xe3
 1070 00dd 05       		.uleb128 0x5
 1071 00de 03       		.byte	0x3
 1072 00df 00000000 		.4byte	cy_meta_wonvl
 1073 00e3 07       		.uleb128 0x7
 1074 00e4 AC000000 		.4byte	0xac
 1075 00e8 05       		.uleb128 0x5
 1076 00e9 91000000 		.4byte	0x91
 1077 00ed F8000000 		.4byte	0xf8
 1078 00f1 09       		.uleb128 0x9
 1079 00f2 8A000000 		.4byte	0x8a
ARM GAS  C:\Users\Riccardo\AppData\Local\Temp\ccRX0KB6.s 			page 20


 1080 00f6 FF       		.byte	0xff
 1081 00f7 00       		.byte	0
 1082 00f8 08       		.uleb128 0x8
 1083 00f9 9B010000 		.4byte	.LASF15
 1084 00fd 03       		.byte	0x3
 1085 00fe B7       		.byte	0xb7
 1086 00ff 09010000 		.4byte	0x109
 1087 0103 05       		.uleb128 0x5
 1088 0104 03       		.byte	0x3
 1089 0105 00000000 		.4byte	cy_meta_flashprotect
 1090 0109 07       		.uleb128 0x7
 1091 010a E8000000 		.4byte	0xe8
 1092 010e 05       		.uleb128 0x5
 1093 010f 91000000 		.4byte	0x91
 1094 0113 1E010000 		.4byte	0x11e
 1095 0117 09       		.uleb128 0x9
 1096 0118 8A000000 		.4byte	0x8a
 1097 011c 0B       		.byte	0xb
 1098 011d 00       		.byte	0
 1099 011e 08       		.uleb128 0x8
 1100 011f 0A000000 		.4byte	.LASF16
 1101 0123 03       		.byte	0x3
 1102 0124 E4       		.byte	0xe4
 1103 0125 2F010000 		.4byte	0x12f
 1104 0129 05       		.uleb128 0x5
 1105 012a 03       		.byte	0x3
 1106 012b 00000000 		.4byte	cy_metadata
 1107 012f 07       		.uleb128 0x7
 1108 0130 0E010000 		.4byte	0x10e
 1109 0134 00       		.byte	0
 1110              		.section	.debug_abbrev,"",%progbits
 1111              	.Ldebug_abbrev0:
 1112 0000 01       		.uleb128 0x1
 1113 0001 11       		.uleb128 0x11
 1114 0002 01       		.byte	0x1
 1115 0003 25       		.uleb128 0x25
 1116 0004 0E       		.uleb128 0xe
 1117 0005 13       		.uleb128 0x13
 1118 0006 0B       		.uleb128 0xb
 1119 0007 03       		.uleb128 0x3
 1120 0008 0E       		.uleb128 0xe
 1121 0009 1B       		.uleb128 0x1b
 1122 000a 0E       		.uleb128 0xe
 1123 000b 10       		.uleb128 0x10
 1124 000c 17       		.uleb128 0x17
 1125 000d 00       		.byte	0
 1126 000e 00       		.byte	0
 1127 000f 02       		.uleb128 0x2
 1128 0010 24       		.uleb128 0x24
 1129 0011 00       		.byte	0
 1130 0012 0B       		.uleb128 0xb
 1131 0013 0B       		.uleb128 0xb
 1132 0014 3E       		.uleb128 0x3e
 1133 0015 0B       		.uleb128 0xb
 1134 0016 03       		.uleb128 0x3
 1135 0017 0E       		.uleb128 0xe
 1136 0018 00       		.byte	0
ARM GAS  C:\Users\Riccardo\AppData\Local\Temp\ccRX0KB6.s 			page 21


 1137 0019 00       		.byte	0
 1138 001a 03       		.uleb128 0x3
 1139 001b 16       		.uleb128 0x16
 1140 001c 00       		.byte	0
 1141 001d 03       		.uleb128 0x3
 1142 001e 0E       		.uleb128 0xe
 1143 001f 3A       		.uleb128 0x3a
 1144 0020 0B       		.uleb128 0xb
 1145 0021 3B       		.uleb128 0x3b
 1146 0022 0B       		.uleb128 0xb
 1147 0023 49       		.uleb128 0x49
 1148 0024 13       		.uleb128 0x13
 1149 0025 00       		.byte	0
 1150 0026 00       		.byte	0
 1151 0027 04       		.uleb128 0x4
 1152 0028 24       		.uleb128 0x24
 1153 0029 00       		.byte	0
 1154 002a 0B       		.uleb128 0xb
 1155 002b 0B       		.uleb128 0xb
 1156 002c 3E       		.uleb128 0x3e
 1157 002d 0B       		.uleb128 0xb
 1158 002e 03       		.uleb128 0x3
 1159 002f 08       		.uleb128 0x8
 1160 0030 00       		.byte	0
 1161 0031 00       		.byte	0
 1162 0032 05       		.uleb128 0x5
 1163 0033 01       		.uleb128 0x1
 1164 0034 01       		.byte	0x1
 1165 0035 49       		.uleb128 0x49
 1166 0036 13       		.uleb128 0x13
 1167 0037 01       		.uleb128 0x1
 1168 0038 13       		.uleb128 0x13
 1169 0039 00       		.byte	0
 1170 003a 00       		.byte	0
 1171 003b 06       		.uleb128 0x6
 1172 003c 21       		.uleb128 0x21
 1173 003d 00       		.byte	0
 1174 003e 49       		.uleb128 0x49
 1175 003f 13       		.uleb128 0x13
 1176 0040 2F       		.uleb128 0x2f
 1177 0041 05       		.uleb128 0x5
 1178 0042 00       		.byte	0
 1179 0043 00       		.byte	0
 1180 0044 07       		.uleb128 0x7
 1181 0045 26       		.uleb128 0x26
 1182 0046 00       		.byte	0
 1183 0047 49       		.uleb128 0x49
 1184 0048 13       		.uleb128 0x13
 1185 0049 00       		.byte	0
 1186 004a 00       		.byte	0
 1187 004b 08       		.uleb128 0x8
 1188 004c 34       		.uleb128 0x34
 1189 004d 00       		.byte	0
 1190 004e 03       		.uleb128 0x3
 1191 004f 0E       		.uleb128 0xe
 1192 0050 3A       		.uleb128 0x3a
 1193 0051 0B       		.uleb128 0xb
ARM GAS  C:\Users\Riccardo\AppData\Local\Temp\ccRX0KB6.s 			page 22


 1194 0052 3B       		.uleb128 0x3b
 1195 0053 0B       		.uleb128 0xb
 1196 0054 49       		.uleb128 0x49
 1197 0055 13       		.uleb128 0x13
 1198 0056 3F       		.uleb128 0x3f
 1199 0057 19       		.uleb128 0x19
 1200 0058 02       		.uleb128 0x2
 1201 0059 18       		.uleb128 0x18
 1202 005a 00       		.byte	0
 1203 005b 00       		.byte	0
 1204 005c 09       		.uleb128 0x9
 1205 005d 21       		.uleb128 0x21
 1206 005e 00       		.byte	0
 1207 005f 49       		.uleb128 0x49
 1208 0060 13       		.uleb128 0x13
 1209 0061 2F       		.uleb128 0x2f
 1210 0062 0B       		.uleb128 0xb
 1211 0063 00       		.byte	0
 1212 0064 00       		.byte	0
 1213 0065 00       		.byte	0
 1214              		.section	.debug_aranges,"",%progbits
 1215 0000 14000000 		.4byte	0x14
 1216 0004 0200     		.2byte	0x2
 1217 0006 00000000 		.4byte	.Ldebug_info0
 1218 000a 04       		.byte	0x4
 1219 000b 00       		.byte	0
 1220 000c 0000     		.2byte	0
 1221 000e 0000     		.2byte	0
 1222 0010 00000000 		.4byte	0
 1223 0014 00000000 		.4byte	0
 1224              		.section	.debug_line,"",%progbits
 1225              	.Ldebug_line0:
 1226 0000 3D010000 		.section	.debug_str,"MS",%progbits,1
 1226      02003701 
 1226      00000201 
 1226      FB0E0D00 
 1226      01010101 
 1227              	.LASF9:
 1228 0000 5F5F7569 		.ascii	"__uint8_t\000"
 1228      6E74385F 
 1228      7400
 1229              	.LASF16:
 1230 000a 63795F6D 		.ascii	"cy_metadata\000"
 1230      65746164 
 1230      61746100 
 1231              	.LASF1:
 1232 0016 756E7369 		.ascii	"unsigned char\000"
 1232      676E6564 
 1232      20636861 
 1232      7200
 1233              	.LASF17:
 1234 0024 474E5520 		.ascii	"GNU C11 5.4.1 20160609 (release) [ARM/embedded-5-br"
 1234      43313120 
 1234      352E342E 
 1234      31203230 
 1234      31363036 
 1235 0057 616E6368 		.ascii	"anch revision 237715] -mcpu=cortex-m3 -mthumb -g -O"
ARM GAS  C:\Users\Riccardo\AppData\Local\Temp\ccRX0KB6.s 			page 23


 1235      20726576 
 1235      6973696F 
 1235      6E203233 
 1235      37373135 
 1236 008a 67202D66 		.ascii	"g -ffunction-sections -ffat-lto-objects\000"
 1236      66756E63 
 1236      74696F6E 
 1236      2D736563 
 1236      74696F6E 
 1237              	.LASF5:
 1238 00b2 6C6F6E67 		.ascii	"long unsigned int\000"
 1238      20756E73 
 1238      69676E65 
 1238      6420696E 
 1238      7400
 1239              	.LASF3:
 1240 00c4 73686F72 		.ascii	"short unsigned int\000"
 1240      7420756E 
 1240      7369676E 
 1240      65642069 
 1240      6E7400
 1241              	.LASF19:
 1242 00d7 433A5C55 		.ascii	"C:\\Users\\Riccardo\\Desktop\\Lab_sensori\\Assignme"
 1242      73657273 
 1242      5C526963 
 1242      63617264 
 1242      6F5C4465 
 1243 0105 6E74735C 		.ascii	"nts\\Assignment_04\\PSoC_03_Complete\\PSoC_03\\AY19"
 1243      41737369 
 1243      676E6D65 
 1243      6E745F30 
 1243      345C5053 
 1244 0134 32305F49 		.ascii	"20_II_HW_05_PROJ_3.cydsn\000"
 1244      495F4857 
 1244      5F30355F 
 1244      50524F4A 
 1244      5F332E63 
 1245              	.LASF13:
 1246 014d 63795F6D 		.ascii	"cy_meta_custnvl\000"
 1246      6574615F 
 1246      63757374 
 1246      6E766C00 
 1247              	.LASF12:
 1248 015d 63795F6D 		.ascii	"cy_meta_configecc\000"
 1248      6574615F 
 1248      636F6E66 
 1248      69676563 
 1248      6300
 1249              	.LASF8:
 1250 016f 756E7369 		.ascii	"unsigned int\000"
 1250      676E6564 
 1250      20696E74 
 1250      00
 1251              	.LASF7:
 1252 017c 6C6F6E67 		.ascii	"long long unsigned int\000"
 1252      206C6F6E 
 1252      6720756E 
ARM GAS  C:\Users\Riccardo\AppData\Local\Temp\ccRX0KB6.s 			page 24


 1252      7369676E 
 1252      65642069 
 1253              	.LASF10:
 1254 0193 75696E74 		.ascii	"uint8_t\000"
 1254      385F7400 
 1255              	.LASF15:
 1256 019b 63795F6D 		.ascii	"cy_meta_flashprotect\000"
 1256      6574615F 
 1256      666C6173 
 1256      6870726F 
 1256      74656374 
 1257              	.LASF14:
 1258 01b0 63795F6D 		.ascii	"cy_meta_wonvl\000"
 1258      6574615F 
 1258      776F6E76 
 1258      6C00
 1259              	.LASF11:
 1260 01be 73697A65 		.ascii	"sizetype\000"
 1260      74797065 
 1260      00
 1261              	.LASF6:
 1262 01c7 6C6F6E67 		.ascii	"long long int\000"
 1262      206C6F6E 
 1262      6720696E 
 1262      7400
 1263              	.LASF2:
 1264 01d5 73686F72 		.ascii	"short int\000"
 1264      7420696E 
 1264      7400
 1265              	.LASF4:
 1266 01df 6C6F6E67 		.ascii	"long int\000"
 1266      20696E74 
 1266      00
 1267              	.LASF0:
 1268 01e8 7369676E 		.ascii	"signed char\000"
 1268      65642063 
 1268      68617200 
 1269              	.LASF18:
 1270 01f4 47656E65 		.ascii	"Generated_Source\\PSoC5\\cymetadata.c\000"
 1270      72617465 
 1270      645F536F 
 1270      75726365 
 1270      5C50536F 
 1271              		.ident	"GCC: (GNU Tools for ARM Embedded Processors) 5.4.1 20160609 (release) [ARM/embedded-5-bran
