ARM GAS  C:\Users\Riccardo\AppData\Local\Temp\ccuIBVAD.s 			page 1


   1              		.syntax unified
   2              		.cpu cortex-m3
   3              		.fpu softvfp
   4              		.eabi_attribute 20, 1
   5              		.eabi_attribute 21, 1
   6              		.eabi_attribute 23, 3
   7              		.eabi_attribute 24, 1
   8              		.eabi_attribute 25, 1
   9              		.eabi_attribute 26, 1
  10              		.eabi_attribute 30, 1
  11              		.eabi_attribute 34, 1
  12              		.eabi_attribute 18, 4
  13              		.thumb
  14              		.syntax unified
  15              		.file	"InterruptRoutines.c"
  16              		.text
  17              	.Ltext0:
  18              		.cfi_sections	.debug_frame
  19              		.section	.text.Custom_Timer_ISR,"ax",%progbits
  20              		.align	2
  21              		.global	Custom_Timer_ISR
  22              		.thumb
  23              		.thumb_func
  24              		.type	Custom_Timer_ISR, %function
  25              	Custom_Timer_ISR:
  26              	.LFB63:
  27              		.file 1 "InterruptRoutines.c"
   1:InterruptRoutines.c **** /* ========================================
   2:InterruptRoutines.c ****  *
   3:InterruptRoutines.c ****  * Copyright YOUR COMPANY, THE YEAR
   4:InterruptRoutines.c ****  * All Rights Reserved
   5:InterruptRoutines.c ****  * UNPUBLISHED, LICENSED SOFTWARE.
   6:InterruptRoutines.c ****  *
   7:InterruptRoutines.c ****  * CONFIDENTIAL AND PROPRIETARY INFORMATION
   8:InterruptRoutines.c ****  * WHICH IS THE PROPERTY OF your company.
   9:InterruptRoutines.c ****  *
  10:InterruptRoutines.c ****  * ========================================
  11:InterruptRoutines.c **** */
  12:InterruptRoutines.c **** #include "InterruptRoutines.h"
  13:InterruptRoutines.c **** 
  14:InterruptRoutines.c **** CY_ISR(Custom_Timer_ISR){
  28              		.loc 1 14 0
  29              		.cfi_startproc
  30              		@ args = 0, pretend = 0, frame = 0
  31              		@ frame_needed = 0, uses_anonymous_args = 0
  32 0000 08B5     		push	{r3, lr}
  33              		.cfi_def_cfa_offset 8
  34              		.cfi_offset 3, -8
  35              		.cfi_offset 14, -4
  15:InterruptRoutines.c **** 
  16:InterruptRoutines.c ****     
  17:InterruptRoutines.c **** 
  18:InterruptRoutines.c ****     Timer_ReadStatusRegister(); // Read Timer Status Register in order to reset counter and trigger
  36              		.loc 1 18 0
  37 0002 FFF7FEFF 		bl	Timer_ReadStatusRegister
  38              	.LVL0:
  19:InterruptRoutines.c ****     Start_reading_flag=1;
ARM GAS  C:\Users\Riccardo\AppData\Local\Temp\ccuIBVAD.s 			page 2


  39              		.loc 1 19 0
  40 0006 0122     		movs	r2, #1
  41 0008 014B     		ldr	r3, .L3
  42 000a 1A70     		strb	r2, [r3]
  43 000c 08BD     		pop	{r3, pc}
  44              	.L4:
  45 000e 00BF     		.align	2
  46              	.L3:
  47 0010 00000000 		.word	Start_reading_flag
  48              		.cfi_endproc
  49              	.LFE63:
  50              		.size	Custom_Timer_ISR, .-Custom_Timer_ISR
  51              		.comm	Start_reading_flag,1,1
  52              		.text
  53              	.Letext0:
  54              		.file 2 "c:\\program files (x86)\\cypress\\psoc creator\\4.3\\psoc creator\\import\\gnu\\arm\\5.4.
  55              		.file 3 "c:\\program files (x86)\\cypress\\psoc creator\\4.3\\psoc creator\\import\\gnu\\arm\\5.4.
  56              		.file 4 "Generated_Source\\PSoC5/cytypes.h"
  57              		.file 5 "Generated_Source\\PSoC5/core_cm3.h"
  58              		.file 6 "InterruptRoutines.h"
  59              		.file 7 "Generated_Source\\PSoC5/Timer.h"
  60              		.section	.debug_info,"",%progbits
  61              	.Ldebug_info0:
  62 0000 FE000000 		.4byte	0xfe
  63 0004 0400     		.2byte	0x4
  64 0006 00000000 		.4byte	.Ldebug_abbrev0
  65 000a 04       		.byte	0x4
  66 000b 01       		.uleb128 0x1
  67 000c 41000000 		.4byte	.LASF19
  68 0010 0C       		.byte	0xc
  69 0011 05010000 		.4byte	.LASF20
  70 0015 AF010000 		.4byte	.LASF21
  71 0019 00000000 		.4byte	.Ldebug_ranges0+0
  72 001d 00000000 		.4byte	0
  73 0021 00000000 		.4byte	.Ldebug_line0
  74 0025 02       		.uleb128 0x2
  75 0026 01       		.byte	0x1
  76 0027 06       		.byte	0x6
  77 0028 6C010000 		.4byte	.LASF0
  78 002c 02       		.uleb128 0x2
  79 002d 01       		.byte	0x1
  80 002e 08       		.byte	0x8
  81 002f 19010000 		.4byte	.LASF1
  82 0033 02       		.uleb128 0x2
  83 0034 02       		.byte	0x2
  84 0035 05       		.byte	0x5
  85 0036 94010000 		.4byte	.LASF2
  86 003a 02       		.uleb128 0x2
  87 003b 02       		.byte	0x2
  88 003c 07       		.byte	0x7
  89 003d 0E000000 		.4byte	.LASF3
  90 0041 03       		.uleb128 0x3
  91 0042 84010000 		.4byte	.LASF9
  92 0046 02       		.byte	0x2
  93 0047 3F       		.byte	0x3f
  94 0048 4C000000 		.4byte	0x4c
  95 004c 02       		.uleb128 0x2
ARM GAS  C:\Users\Riccardo\AppData\Local\Temp\ccuIBVAD.s 			page 3


  96 004d 04       		.byte	0x4
  97 004e 05       		.byte	0x5
  98 004f 2C010000 		.4byte	.LASF4
  99 0053 02       		.uleb128 0x2
 100 0054 04       		.byte	0x4
 101 0055 07       		.byte	0x7
 102 0056 46010000 		.4byte	.LASF5
 103 005a 02       		.uleb128 0x2
 104 005b 08       		.byte	0x8
 105 005c 05       		.byte	0x5
 106 005d 00000000 		.4byte	.LASF6
 107 0061 02       		.uleb128 0x2
 108 0062 08       		.byte	0x8
 109 0063 07       		.byte	0x7
 110 0064 EE000000 		.4byte	.LASF7
 111 0068 04       		.uleb128 0x4
 112 0069 04       		.byte	0x4
 113 006a 05       		.byte	0x5
 114 006b 696E7400 		.ascii	"int\000"
 115 006f 02       		.uleb128 0x2
 116 0070 04       		.byte	0x4
 117 0071 07       		.byte	0x7
 118 0072 21000000 		.4byte	.LASF8
 119 0076 03       		.uleb128 0x3
 120 0077 9E010000 		.4byte	.LASF10
 121 007b 03       		.byte	0x3
 122 007c 2C       		.byte	0x2c
 123 007d 41000000 		.4byte	0x41
 124 0081 05       		.uleb128 0x5
 125 0082 CF000000 		.4byte	.LASF11
 126 0086 04       		.byte	0x4
 127 0087 E401     		.2byte	0x1e4
 128 0089 2C000000 		.4byte	0x2c
 129 008d 02       		.uleb128 0x2
 130 008e 04       		.byte	0x4
 131 008f 04       		.byte	0x4
 132 0090 8E010000 		.4byte	.LASF12
 133 0094 02       		.uleb128 0x2
 134 0095 08       		.byte	0x8
 135 0096 04       		.byte	0x4
 136 0097 58010000 		.4byte	.LASF13
 137 009b 02       		.uleb128 0x2
 138 009c 01       		.byte	0x1
 139 009d 08       		.byte	0x8
 140 009e 27010000 		.4byte	.LASF14
 141 00a2 06       		.uleb128 0x6
 142 00a3 81000000 		.4byte	0x81
 143 00a7 02       		.uleb128 0x2
 144 00a8 08       		.byte	0x8
 145 00a9 04       		.byte	0x4
 146 00aa 78010000 		.4byte	.LASF15
 147 00ae 02       		.uleb128 0x2
 148 00af 04       		.byte	0x4
 149 00b0 07       		.byte	0x7
 150 00b1 A6010000 		.4byte	.LASF16
 151 00b5 07       		.uleb128 0x7
 152 00b6 35010000 		.4byte	.LASF22
ARM GAS  C:\Users\Riccardo\AppData\Local\Temp\ccuIBVAD.s 			page 4


 153 00ba 01       		.byte	0x1
 154 00bb 0E       		.byte	0xe
 155 00bc 00000000 		.4byte	.LFB63
 156 00c0 14000000 		.4byte	.LFE63-.LFB63
 157 00c4 01       		.uleb128 0x1
 158 00c5 9C       		.byte	0x9c
 159 00c6 D4000000 		.4byte	0xd4
 160 00ca 08       		.uleb128 0x8
 161 00cb 06000000 		.4byte	.LVL0
 162 00cf F6000000 		.4byte	0xf6
 163 00d3 00       		.byte	0
 164 00d4 09       		.uleb128 0x9
 165 00d5 5F010000 		.4byte	.LASF17
 166 00d9 05       		.byte	0x5
 167 00da 1207     		.2byte	0x712
 168 00dc E0000000 		.4byte	0xe0
 169 00e0 06       		.uleb128 0x6
 170 00e1 76000000 		.4byte	0x76
 171 00e5 0A       		.uleb128 0xa
 172 00e6 2E000000 		.4byte	.LASF18
 173 00ea 06       		.byte	0x6
 174 00eb 1A       		.byte	0x1a
 175 00ec A2000000 		.4byte	0xa2
 176 00f0 05       		.uleb128 0x5
 177 00f1 03       		.byte	0x3
 178 00f2 00000000 		.4byte	Start_reading_flag
 179 00f6 0B       		.uleb128 0xb
 180 00f7 D5000000 		.4byte	.LASF23
 181 00fb D5000000 		.4byte	.LASF23
 182 00ff 07       		.byte	0x7
 183 0100 5E       		.byte	0x5e
 184 0101 00       		.byte	0
 185              		.section	.debug_abbrev,"",%progbits
 186              	.Ldebug_abbrev0:
 187 0000 01       		.uleb128 0x1
 188 0001 11       		.uleb128 0x11
 189 0002 01       		.byte	0x1
 190 0003 25       		.uleb128 0x25
 191 0004 0E       		.uleb128 0xe
 192 0005 13       		.uleb128 0x13
 193 0006 0B       		.uleb128 0xb
 194 0007 03       		.uleb128 0x3
 195 0008 0E       		.uleb128 0xe
 196 0009 1B       		.uleb128 0x1b
 197 000a 0E       		.uleb128 0xe
 198 000b 55       		.uleb128 0x55
 199 000c 17       		.uleb128 0x17
 200 000d 11       		.uleb128 0x11
 201 000e 01       		.uleb128 0x1
 202 000f 10       		.uleb128 0x10
 203 0010 17       		.uleb128 0x17
 204 0011 00       		.byte	0
 205 0012 00       		.byte	0
 206 0013 02       		.uleb128 0x2
 207 0014 24       		.uleb128 0x24
 208 0015 00       		.byte	0
 209 0016 0B       		.uleb128 0xb
ARM GAS  C:\Users\Riccardo\AppData\Local\Temp\ccuIBVAD.s 			page 5


 210 0017 0B       		.uleb128 0xb
 211 0018 3E       		.uleb128 0x3e
 212 0019 0B       		.uleb128 0xb
 213 001a 03       		.uleb128 0x3
 214 001b 0E       		.uleb128 0xe
 215 001c 00       		.byte	0
 216 001d 00       		.byte	0
 217 001e 03       		.uleb128 0x3
 218 001f 16       		.uleb128 0x16
 219 0020 00       		.byte	0
 220 0021 03       		.uleb128 0x3
 221 0022 0E       		.uleb128 0xe
 222 0023 3A       		.uleb128 0x3a
 223 0024 0B       		.uleb128 0xb
 224 0025 3B       		.uleb128 0x3b
 225 0026 0B       		.uleb128 0xb
 226 0027 49       		.uleb128 0x49
 227 0028 13       		.uleb128 0x13
 228 0029 00       		.byte	0
 229 002a 00       		.byte	0
 230 002b 04       		.uleb128 0x4
 231 002c 24       		.uleb128 0x24
 232 002d 00       		.byte	0
 233 002e 0B       		.uleb128 0xb
 234 002f 0B       		.uleb128 0xb
 235 0030 3E       		.uleb128 0x3e
 236 0031 0B       		.uleb128 0xb
 237 0032 03       		.uleb128 0x3
 238 0033 08       		.uleb128 0x8
 239 0034 00       		.byte	0
 240 0035 00       		.byte	0
 241 0036 05       		.uleb128 0x5
 242 0037 16       		.uleb128 0x16
 243 0038 00       		.byte	0
 244 0039 03       		.uleb128 0x3
 245 003a 0E       		.uleb128 0xe
 246 003b 3A       		.uleb128 0x3a
 247 003c 0B       		.uleb128 0xb
 248 003d 3B       		.uleb128 0x3b
 249 003e 05       		.uleb128 0x5
 250 003f 49       		.uleb128 0x49
 251 0040 13       		.uleb128 0x13
 252 0041 00       		.byte	0
 253 0042 00       		.byte	0
 254 0043 06       		.uleb128 0x6
 255 0044 35       		.uleb128 0x35
 256 0045 00       		.byte	0
 257 0046 49       		.uleb128 0x49
 258 0047 13       		.uleb128 0x13
 259 0048 00       		.byte	0
 260 0049 00       		.byte	0
 261 004a 07       		.uleb128 0x7
 262 004b 2E       		.uleb128 0x2e
 263 004c 01       		.byte	0x1
 264 004d 3F       		.uleb128 0x3f
 265 004e 19       		.uleb128 0x19
 266 004f 03       		.uleb128 0x3
ARM GAS  C:\Users\Riccardo\AppData\Local\Temp\ccuIBVAD.s 			page 6


 267 0050 0E       		.uleb128 0xe
 268 0051 3A       		.uleb128 0x3a
 269 0052 0B       		.uleb128 0xb
 270 0053 3B       		.uleb128 0x3b
 271 0054 0B       		.uleb128 0xb
 272 0055 27       		.uleb128 0x27
 273 0056 19       		.uleb128 0x19
 274 0057 11       		.uleb128 0x11
 275 0058 01       		.uleb128 0x1
 276 0059 12       		.uleb128 0x12
 277 005a 06       		.uleb128 0x6
 278 005b 40       		.uleb128 0x40
 279 005c 18       		.uleb128 0x18
 280 005d 9742     		.uleb128 0x2117
 281 005f 19       		.uleb128 0x19
 282 0060 01       		.uleb128 0x1
 283 0061 13       		.uleb128 0x13
 284 0062 00       		.byte	0
 285 0063 00       		.byte	0
 286 0064 08       		.uleb128 0x8
 287 0065 898201   		.uleb128 0x4109
 288 0068 00       		.byte	0
 289 0069 11       		.uleb128 0x11
 290 006a 01       		.uleb128 0x1
 291 006b 31       		.uleb128 0x31
 292 006c 13       		.uleb128 0x13
 293 006d 00       		.byte	0
 294 006e 00       		.byte	0
 295 006f 09       		.uleb128 0x9
 296 0070 34       		.uleb128 0x34
 297 0071 00       		.byte	0
 298 0072 03       		.uleb128 0x3
 299 0073 0E       		.uleb128 0xe
 300 0074 3A       		.uleb128 0x3a
 301 0075 0B       		.uleb128 0xb
 302 0076 3B       		.uleb128 0x3b
 303 0077 05       		.uleb128 0x5
 304 0078 49       		.uleb128 0x49
 305 0079 13       		.uleb128 0x13
 306 007a 3F       		.uleb128 0x3f
 307 007b 19       		.uleb128 0x19
 308 007c 3C       		.uleb128 0x3c
 309 007d 19       		.uleb128 0x19
 310 007e 00       		.byte	0
 311 007f 00       		.byte	0
 312 0080 0A       		.uleb128 0xa
 313 0081 34       		.uleb128 0x34
 314 0082 00       		.byte	0
 315 0083 03       		.uleb128 0x3
 316 0084 0E       		.uleb128 0xe
 317 0085 3A       		.uleb128 0x3a
 318 0086 0B       		.uleb128 0xb
 319 0087 3B       		.uleb128 0x3b
 320 0088 0B       		.uleb128 0xb
 321 0089 49       		.uleb128 0x49
 322 008a 13       		.uleb128 0x13
 323 008b 3F       		.uleb128 0x3f
ARM GAS  C:\Users\Riccardo\AppData\Local\Temp\ccuIBVAD.s 			page 7


 324 008c 19       		.uleb128 0x19
 325 008d 02       		.uleb128 0x2
 326 008e 18       		.uleb128 0x18
 327 008f 00       		.byte	0
 328 0090 00       		.byte	0
 329 0091 0B       		.uleb128 0xb
 330 0092 2E       		.uleb128 0x2e
 331 0093 00       		.byte	0
 332 0094 3F       		.uleb128 0x3f
 333 0095 19       		.uleb128 0x19
 334 0096 3C       		.uleb128 0x3c
 335 0097 19       		.uleb128 0x19
 336 0098 6E       		.uleb128 0x6e
 337 0099 0E       		.uleb128 0xe
 338 009a 03       		.uleb128 0x3
 339 009b 0E       		.uleb128 0xe
 340 009c 3A       		.uleb128 0x3a
 341 009d 0B       		.uleb128 0xb
 342 009e 3B       		.uleb128 0x3b
 343 009f 0B       		.uleb128 0xb
 344 00a0 00       		.byte	0
 345 00a1 00       		.byte	0
 346 00a2 00       		.byte	0
 347              		.section	.debug_aranges,"",%progbits
 348 0000 1C000000 		.4byte	0x1c
 349 0004 0200     		.2byte	0x2
 350 0006 00000000 		.4byte	.Ldebug_info0
 351 000a 04       		.byte	0x4
 352 000b 00       		.byte	0
 353 000c 0000     		.2byte	0
 354 000e 0000     		.2byte	0
 355 0010 00000000 		.4byte	.LFB63
 356 0014 14000000 		.4byte	.LFE63-.LFB63
 357 0018 00000000 		.4byte	0
 358 001c 00000000 		.4byte	0
 359              		.section	.debug_ranges,"",%progbits
 360              	.Ldebug_ranges0:
 361 0000 00000000 		.4byte	.LFB63
 362 0004 14000000 		.4byte	.LFE63
 363 0008 00000000 		.4byte	0
 364 000c 00000000 		.4byte	0
 365              		.section	.debug_line,"",%progbits
 366              	.Ldebug_line0:
 367 0000 92010000 		.section	.debug_str,"MS",%progbits,1
 367      02007B01 
 367      00000201 
 367      FB0E0D00 
 367      01010101 
 368              	.LASF6:
 369 0000 6C6F6E67 		.ascii	"long long int\000"
 369      206C6F6E 
 369      6720696E 
 369      7400
 370              	.LASF3:
 371 000e 73686F72 		.ascii	"short unsigned int\000"
 371      7420756E 
 371      7369676E 
ARM GAS  C:\Users\Riccardo\AppData\Local\Temp\ccuIBVAD.s 			page 8


 371      65642069 
 371      6E7400
 372              	.LASF8:
 373 0021 756E7369 		.ascii	"unsigned int\000"
 373      676E6564 
 373      20696E74 
 373      00
 374              	.LASF18:
 375 002e 53746172 		.ascii	"Start_reading_flag\000"
 375      745F7265 
 375      6164696E 
 375      675F666C 
 375      616700
 376              	.LASF19:
 377 0041 474E5520 		.ascii	"GNU C11 5.4.1 20160609 (release) [ARM/embedded-5-br"
 377      43313120 
 377      352E342E 
 377      31203230 
 377      31363036 
 378 0074 616E6368 		.ascii	"anch revision 237715] -mcpu=cortex-m3 -mthumb -g -O"
 378      20726576 
 378      6973696F 
 378      6E203233 
 378      37373135 
 379 00a7 67202D66 		.ascii	"g -ffunction-sections -ffat-lto-objects\000"
 379      66756E63 
 379      74696F6E 
 379      2D736563 
 379      74696F6E 
 380              	.LASF11:
 381 00cf 75696E74 		.ascii	"uint8\000"
 381      3800
 382              	.LASF23:
 383 00d5 54696D65 		.ascii	"Timer_ReadStatusRegister\000"
 383      725F5265 
 383      61645374 
 383      61747573 
 383      52656769 
 384              	.LASF7:
 385 00ee 6C6F6E67 		.ascii	"long long unsigned int\000"
 385      206C6F6E 
 385      6720756E 
 385      7369676E 
 385      65642069 
 386              	.LASF20:
 387 0105 496E7465 		.ascii	"InterruptRoutines.c\000"
 387      72727570 
 387      74526F75 
 387      74696E65 
 387      732E6300 
 388              	.LASF1:
 389 0119 756E7369 		.ascii	"unsigned char\000"
 389      676E6564 
 389      20636861 
 389      7200
 390              	.LASF14:
 391 0127 63686172 		.ascii	"char\000"
ARM GAS  C:\Users\Riccardo\AppData\Local\Temp\ccuIBVAD.s 			page 9


 391      00
 392              	.LASF4:
 393 012c 6C6F6E67 		.ascii	"long int\000"
 393      20696E74 
 393      00
 394              	.LASF22:
 395 0135 43757374 		.ascii	"Custom_Timer_ISR\000"
 395      6F6D5F54 
 395      696D6572 
 395      5F495352 
 395      00
 396              	.LASF5:
 397 0146 6C6F6E67 		.ascii	"long unsigned int\000"
 397      20756E73 
 397      69676E65 
 397      6420696E 
 397      7400
 398              	.LASF13:
 399 0158 646F7562 		.ascii	"double\000"
 399      6C6500
 400              	.LASF17:
 401 015f 49544D5F 		.ascii	"ITM_RxBuffer\000"
 401      52784275 
 401      66666572 
 401      00
 402              	.LASF0:
 403 016c 7369676E 		.ascii	"signed char\000"
 403      65642063 
 403      68617200 
 404              	.LASF15:
 405 0178 6C6F6E67 		.ascii	"long double\000"
 405      20646F75 
 405      626C6500 
 406              	.LASF9:
 407 0184 5F5F696E 		.ascii	"__int32_t\000"
 407      7433325F 
 407      7400
 408              	.LASF12:
 409 018e 666C6F61 		.ascii	"float\000"
 409      7400
 410              	.LASF2:
 411 0194 73686F72 		.ascii	"short int\000"
 411      7420696E 
 411      7400
 412              	.LASF10:
 413 019e 696E7433 		.ascii	"int32_t\000"
 413      325F7400 
 414              	.LASF16:
 415 01a6 73697A65 		.ascii	"sizetype\000"
 415      74797065 
 415      00
 416              	.LASF21:
 417 01af 433A5C55 		.ascii	"C:\\Users\\Riccardo\\Desktop\\Lab_sensori\\Assignme"
 417      73657273 
 417      5C526963 
 417      63617264 
 417      6F5C4465 
ARM GAS  C:\Users\Riccardo\AppData\Local\Temp\ccuIBVAD.s 			page 10


 418 01dd 6E74735C 		.ascii	"nts\\Assignment_04\\PSoC_03_Complete\\PSoC_03\\AY19"
 418      41737369 
 418      676E6D65 
 418      6E745F30 
 418      345C5053 
 419 020c 32305F49 		.ascii	"20_II_HW_05_PROJ_3.cydsn\000"
 419      495F4857 
 419      5F30355F 
 419      50524F4A 
 419      5F332E63 
 420              		.ident	"GCC: (GNU Tools for ARM Embedded Processors) 5.4.1 20160609 (release) [ARM/embedded-5-bran
