ARM GAS  C:\Users\Riccardo\AppData\Local\Temp\ccNFHpXv.s 			page 1


   1              		.syntax unified
   2              		.cpu cortex-m3
   3              		.fpu softvfp
   4              		.eabi_attribute 20, 1
   5              		.eabi_attribute 21, 1
   6              		.eabi_attribute 23, 3
   7              		.eabi_attribute 24, 1
   8              		.eabi_attribute 25, 1
   9              		.eabi_attribute 26, 1
  10              		.eabi_attribute 30, 1
  11              		.eabi_attribute 34, 1
  12              		.eabi_attribute 18, 4
  13              		.thumb
  14              		.syntax unified
  15              		.file	"cymetadata.c"
  16              		.text
  17              	.Ltext0:
  18              		.cfi_sections	.debug_frame
  19              		.global	cy_metadata
  20              		.global	cy_meta_flashprotect
  21              		.global	cy_meta_wonvl
  22              		.global	cy_meta_custnvl
  23              		.global	cy_meta_configecc
  24              		.section	.cyconfigecc,"a",%progbits
  25              		.align	2
  26              		.type	cy_meta_configecc, %object
  27              		.size	cy_meta_configecc, 880
  28              	cy_meta_configecc:
  29 0000 03       		.byte	3
  30 0001 65       		.byte	101
  31 0002 00       		.byte	0
  32 0003 40       		.byte	64
  33 0004 03       		.byte	3
  34 0005 15       		.byte	21
  35 0006 01       		.byte	1
  36 0007 40       		.byte	64
  37 0008 01       		.byte	1
  38 0009 17       		.byte	23
  39 000a 01       		.byte	1
  40 000b 40       		.byte	64
  41 000c 14       		.byte	20
  42 000d 18       		.byte	24
  43 000e 01       		.byte	1
  44 000f 40       		.byte	64
  45 0010 3E       		.byte	62
  46 0011 19       		.byte	25
  47 0012 01       		.byte	1
  48 0013 40       		.byte	64
  49 0014 70       		.byte	112
  50 0015 1A       		.byte	26
  51 0016 01       		.byte	1
  52 0017 40       		.byte	64
  53 0018 56       		.byte	86
  54 0019 1B       		.byte	27
  55 001a 01       		.byte	1
  56 001b 40       		.byte	64
  57 001c 02       		.byte	2
ARM GAS  C:\Users\Riccardo\AppData\Local\Temp\ccNFHpXv.s 			page 2


  58 001d 42       		.byte	66
  59 001e 01       		.byte	1
  60 001f 40       		.byte	64
  61 0020 01       		.byte	1
  62 0021 43       		.byte	67
  63 0022 01       		.byte	1
  64 0023 40       		.byte	64
  65 0024 03       		.byte	3
  66 0025 48       		.byte	72
  67 0026 01       		.byte	1
  68 0027 40       		.byte	64
  69 0028 10       		.byte	16
  70 0029 49       		.byte	73
  71 002a 01       		.byte	1
  72 002b 40       		.byte	64
  73 002c 08       		.byte	8
  74 002d 4C       		.byte	76
  75 002e 01       		.byte	1
  76 002f 40       		.byte	64
  77 0030 0C       		.byte	12
  78 0031 4D       		.byte	77
  79 0032 01       		.byte	1
  80 0033 40       		.byte	64
  81 0034 02       		.byte	2
  82 0035 50       		.byte	80
  83 0036 01       		.byte	1
  84 0037 40       		.byte	64
  85 0038 01       		.byte	1
  86 0039 51       		.byte	81
  87 003a 01       		.byte	1
  88 003b 40       		.byte	64
  89 003c 88       		.byte	-120
  90 003d 72       		.byte	114
  91 003e 89       		.byte	-119
  92 003f 38       		.byte	56
  93 0040 8B       		.byte	-117
  94 0041 0F       		.byte	15
  95 0042 E4       		.byte	-28
  96 0043 01       		.byte	1
  97 0044 E8       		.byte	-24
  98 0045 20       		.byte	32
  99 0046 EA       		.byte	-22
 100 0047 05       		.byte	5
 101 0048 E6       		.byte	-26
 102 0049 08       		.byte	8
 103 004a 88       		.byte	-120
 104 004b 04       		.byte	4
 105 004c 95       		.byte	-107
 106 004d 01       		.byte	1
 107 004e 96       		.byte	-106
 108 004f 02       		.byte	2
 109 0050 9A       		.byte	-102
 110 0051 08       		.byte	8
 111 0052 A2       		.byte	-94
 112 0053 02       		.byte	2
 113 0054 A4       		.byte	-92
 114 0055 01       		.byte	1
ARM GAS  C:\Users\Riccardo\AppData\Local\Temp\ccNFHpXv.s 			page 3


 115 0056 A8       		.byte	-88
 116 0057 01       		.byte	1
 117 0058 AC       		.byte	-84
 118 0059 01       		.byte	1
 119 005a B0       		.byte	-80
 120 005b 02       		.byte	2
 121 005c B2       		.byte	-78
 122 005d 08       		.byte	8
 123 005e B4       		.byte	-76
 124 005f 01       		.byte	1
 125 0060 B5       		.byte	-75
 126 0061 01       		.byte	1
 127 0062 B6       		.byte	-74
 128 0063 04       		.byte	4
 129 0064 BE       		.byte	-66
 130 0065 41       		.byte	65
 131 0066 BF       		.byte	-65
 132 0067 10       		.byte	16
 133 0068 D4       		.byte	-44
 134 0069 18       		.byte	24
 135 006a D8       		.byte	-40
 136 006b 04       		.byte	4
 137 006c D9       		.byte	-39
 138 006d 04       		.byte	4
 139 006e DB       		.byte	-37
 140 006f 04       		.byte	4
 141 0070 DF       		.byte	-33
 142 0071 01       		.byte	1
 143 0072 01       		.byte	1
 144 0073 20       		.byte	32
 145 0074 04       		.byte	4
 146 0075 18       		.byte	24
 147 0076 05       		.byte	5
 148 0077 41       		.byte	65
 149 0078 08       		.byte	8
 150 0079 20       		.byte	32
 151 007a 09       		.byte	9
 152 007b 04       		.byte	4
 153 007c 0D       		.byte	13
 154 007d 22       		.byte	34
 155 007e 0E       		.byte	14
 156 007f 60       		.byte	96
 157 0080 10       		.byte	16
 158 0081 A2       		.byte	-94
 159 0082 11       		.byte	17
 160 0083 10       		.byte	16
 161 0084 15       		.byte	21
 162 0085 01       		.byte	1
 163 0086 16       		.byte	22
 164 0087 01       		.byte	1
 165 0088 17       		.byte	23
 166 0089 26       		.byte	38
 167 008a 18       		.byte	24
 168 008b 08       		.byte	8
 169 008c 1A       		.byte	26
 170 008d 09       		.byte	9
 171 008e 1B       		.byte	27
ARM GAS  C:\Users\Riccardo\AppData\Local\Temp\ccNFHpXv.s 			page 4


 172 008f 25       		.byte	37
 173 0090 1C       		.byte	28
 174 0091 10       		.byte	16
 175 0092 1D       		.byte	29
 176 0093 29       		.byte	41
 177 0094 1E       		.byte	30
 178 0095 02       		.byte	2
 179 0096 1F       		.byte	31
 180 0097 14       		.byte	20
 181 0098 23       		.byte	35
 182 0099 04       		.byte	4
 183 009a 25       		.byte	37
 184 009b 06       		.byte	6
 185 009c 27       		.byte	39
 186 009d 11       		.byte	17
 187 009e 2D       		.byte	45
 188 009f 01       		.byte	1
 189 00a0 2F       		.byte	47
 190 00a1 26       		.byte	38
 191 00a2 30       		.byte	48
 192 00a3 08       		.byte	8
 193 00a4 34       		.byte	52
 194 00a5 40       		.byte	64
 195 00a6 35       		.byte	53
 196 00a7 41       		.byte	65
 197 00a8 36       		.byte	54
 198 00a9 10       		.byte	16
 199 00aa 37       		.byte	55
 200 00ab 04       		.byte	4
 201 00ac 3E       		.byte	62
 202 00ad 62       		.byte	98
 203 00ae 3F       		.byte	63
 204 00af 08       		.byte	8
 205 00b0 45       		.byte	69
 206 00b1 08       		.byte	8
 207 00b2 46       		.byte	70
 208 00b3 40       		.byte	64
 209 00b4 47       		.byte	71
 210 00b5 50       		.byte	80
 211 00b6 4C       		.byte	76
 212 00b7 80       		.byte	-128
 213 00b8 4E       		.byte	78
 214 00b9 04       		.byte	4
 215 00ba 54       		.byte	84
 216 00bb 40       		.byte	64
 217 00bc 5B       		.byte	91
 218 00bd 01       		.byte	1
 219 00be 5E       		.byte	94
 220 00bf 02       		.byte	2
 221 00c0 60       		.byte	96
 222 00c1 04       		.byte	4
 223 00c2 63       		.byte	99
 224 00c3 02       		.byte	2
 225 00c4 6C       		.byte	108
 226 00c5 22       		.byte	34
 227 00c6 6D       		.byte	109
 228 00c7 10       		.byte	16
ARM GAS  C:\Users\Riccardo\AppData\Local\Temp\ccNFHpXv.s 			page 5


 229 00c8 6E       		.byte	110
 230 00c9 04       		.byte	4
 231 00ca 76       		.byte	118
 232 00cb 23       		.byte	35
 233 00cc 77       		.byte	119
 234 00cd 24       		.byte	36
 235 00ce 86       		.byte	-122
 236 00cf 01       		.byte	1
 237 00d0 89       		.byte	-119
 238 00d1 20       		.byte	32
 239 00d2 8A       		.byte	-118
 240 00d3 40       		.byte	64
 241 00d4 8B       		.byte	-117
 242 00d5 02       		.byte	2
 243 00d6 C0       		.byte	-64
 244 00d7 F2       		.byte	-14
 245 00d8 C2       		.byte	-62
 246 00d9 76       		.byte	118
 247 00da C4       		.byte	-60
 248 00db FF       		.byte	-1
 249 00dc CA       		.byte	-54
 250 00dd F0       		.byte	-16
 251 00de CC       		.byte	-52
 252 00df F2       		.byte	-14
 253 00e0 CE       		.byte	-50
 254 00e1 F0       		.byte	-16
 255 00e2 D0       		.byte	-48
 256 00e3 F0       		.byte	-16
 257 00e4 D2       		.byte	-46
 258 00e5 20       		.byte	32
 259 00e6 D6       		.byte	-42
 260 00e7 81       		.byte	-127
 261 00e8 D8       		.byte	-40
 262 00e9 0C       		.byte	12
 263 00ea E0       		.byte	-32
 264 00eb 08       		.byte	8
 265 00ec E6       		.byte	-26
 266 00ed 08       		.byte	8
 267 00ee 00       		.byte	0
 268 00ef 0C       		.byte	12
 269 00f0 02       		.byte	2
 270 00f1 71       		.byte	113
 271 00f2 04       		.byte	4
 272 00f3 14       		.byte	20
 273 00f4 05       		.byte	5
 274 00f5 2C       		.byte	44
 275 00f6 07       		.byte	7
 276 00f7 43       		.byte	67
 277 00f8 0F       		.byte	15
 278 00f9 08       		.byte	8
 279 00fa 10       		.byte	16
 280 00fb 10       		.byte	16
 281 00fc 12       		.byte	18
 282 00fd 40       		.byte	64
 283 00fe 14       		.byte	20
 284 00ff 10       		.byte	16
 285 0100 15       		.byte	21
ARM GAS  C:\Users\Riccardo\AppData\Local\Temp\ccNFHpXv.s 			page 6


 286 0101 71       		.byte	113
 287 0102 16       		.byte	22
 288 0103 AC       		.byte	-84
 289 0104 17       		.byte	23
 290 0105 06       		.byte	6
 291 0106 19       		.byte	25
 292 0107 80       		.byte	-128
 293 0108 1A       		.byte	26
 294 0109 03       		.byte	3
 295 010a 1B       		.byte	27
 296 010b 13       		.byte	19
 297 010c 1F       		.byte	31
 298 010d 0C       		.byte	12
 299 010e 20       		.byte	32
 300 010f 09       		.byte	9
 301 0110 22       		.byte	34
 302 0111 D0       		.byte	-48
 303 0112 26       		.byte	38
 304 0113 20       		.byte	32
 305 0114 28       		.byte	40
 306 0115 DC       		.byte	-36
 307 0116 2A       		.byte	42
 308 0117 22       		.byte	34
 309 0118 2D       		.byte	45
 310 0119 71       		.byte	113
 311 011a 2F       		.byte	47
 312 011b 0E       		.byte	14
 313 011c 30       		.byte	48
 314 011d E0       		.byte	-32
 315 011e 33       		.byte	51
 316 011f 0F       		.byte	15
 317 0120 34       		.byte	52
 318 0121 1F       		.byte	31
 319 0122 35       		.byte	53
 320 0123 30       		.byte	48
 321 0124 37       		.byte	55
 322 0125 C0       		.byte	-64
 323 0126 39       		.byte	57
 324 0127 A0       		.byte	-96
 325 0128 3A       		.byte	58
 326 0129 02       		.byte	2
 327 012a 3B       		.byte	59
 328 012b 08       		.byte	8
 329 012c 3F       		.byte	63
 330 012d 10       		.byte	16
 331 012e 40       		.byte	64
 332 012f 06       		.byte	6
 333 0130 46       		.byte	70
 334 0131 04       		.byte	4
 335 0132 49       		.byte	73
 336 0133 FF       		.byte	-1
 337 0134 4A       		.byte	74
 338 0135 07       		.byte	7
 339 0136 4B       		.byte	75
 340 0137 FF       		.byte	-1
 341 0138 4C       		.byte	76
 342 0139 40       		.byte	64
ARM GAS  C:\Users\Riccardo\AppData\Local\Temp\ccNFHpXv.s 			page 7


 343 013a 4D       		.byte	77
 344 013b 20       		.byte	32
 345 013c 4E       		.byte	78
 346 013d F0       		.byte	-16
 347 013e 4F       		.byte	79
 348 013f 05       		.byte	5
 349 0140 50       		.byte	80
 350 0141 08       		.byte	8
 351 0142 58       		.byte	88
 352 0143 04       		.byte	4
 353 0144 59       		.byte	89
 354 0145 04       		.byte	4
 355 0146 5A       		.byte	90
 356 0147 04       		.byte	4
 357 0148 5F       		.byte	95
 358 0149 01       		.byte	1
 359 014a 60       		.byte	96
 360 014b 40       		.byte	64
 361 014c 61       		.byte	97
 362 014d A8       		.byte	-88
 363 014e 62       		.byte	98
 364 014f 40       		.byte	64
 365 0150 63       		.byte	99
 366 0151 20       		.byte	32
 367 0152 80       		.byte	-128
 368 0153 13       		.byte	19
 369 0154 81       		.byte	-127
 370 0155 08       		.byte	8
 371 0156 82       		.byte	-126
 372 0157 04       		.byte	4
 373 0158 83       		.byte	-125
 374 0159 14       		.byte	20
 375 015a 84       		.byte	-124
 376 015b 13       		.byte	19
 377 015c 85       		.byte	-123
 378 015d 18       		.byte	24
 379 015e 86       		.byte	-122
 380 015f 0C       		.byte	12
 381 0160 88       		.byte	-120
 382 0161 0A       		.byte	10
 383 0162 89       		.byte	-119
 384 0163 18       		.byte	24
 385 0164 8A       		.byte	-118
 386 0165 14       		.byte	20
 387 0166 8C       		.byte	-116
 388 0167 80       		.byte	-128
 389 0168 8E       		.byte	-114
 390 0169 20       		.byte	32
 391 016a 8F       		.byte	-113
 392 016b 20       		.byte	32
 393 016c 93       		.byte	-109
 394 016d 01       		.byte	1
 395 016e 94       		.byte	-108
 396 016f 40       		.byte	64
 397 0170 95       		.byte	-107
 398 0171 10       		.byte	16
 399 0172 96       		.byte	-106
ARM GAS  C:\Users\Riccardo\AppData\Local\Temp\ccNFHpXv.s 			page 8


 400 0173 20       		.byte	32
 401 0174 97       		.byte	-105
 402 0175 0C       		.byte	12
 403 0176 98       		.byte	-104
 404 0177 E0       		.byte	-32
 405 0178 9C       		.byte	-100
 406 0179 20       		.byte	32
 407 017a 9E       		.byte	-98
 408 017b C0       		.byte	-64
 409 017c 9F       		.byte	-97
 410 017d 20       		.byte	32
 411 017e A0       		.byte	-96
 412 017f 03       		.byte	3
 413 0180 A2       		.byte	-94
 414 0181 14       		.byte	20
 415 0182 A3       		.byte	-93
 416 0183 02       		.byte	2
 417 0184 A5       		.byte	-91
 418 0185 01       		.byte	1
 419 0186 A6       		.byte	-90
 420 0187 15       		.byte	21
 421 0188 A8       		.byte	-88
 422 0189 E0       		.byte	-32
 423 018a A9       		.byte	-87
 424 018b 01       		.byte	1
 425 018c AE       		.byte	-82
 426 018d 08       		.byte	8
 427 018e AF       		.byte	-81
 428 018f 01       		.byte	1
 429 0190 B0       		.byte	-80
 430 0191 10       		.byte	16
 431 0192 B1       		.byte	-79
 432 0193 06       		.byte	6
 433 0194 B2       		.byte	-78
 434 0195 0F       		.byte	15
 435 0196 B3       		.byte	-77
 436 0197 18       		.byte	24
 437 0198 B5       		.byte	-75
 438 0199 20       		.byte	32
 439 019a B6       		.byte	-74
 440 019b E0       		.byte	-32
 441 019c B7       		.byte	-73
 442 019d 01       		.byte	1
 443 019e B9       		.byte	-71
 444 019f 80       		.byte	-128
 445 01a0 BA       		.byte	-70
 446 01a1 08       		.byte	8
 447 01a2 BE       		.byte	-66
 448 01a3 01       		.byte	1
 449 01a4 BF       		.byte	-65
 450 01a5 11       		.byte	17
 451 01a6 C0       		.byte	-64
 452 01a7 32       		.byte	50
 453 01a8 C1       		.byte	-63
 454 01a9 05       		.byte	5
 455 01aa C6       		.byte	-58
 456 01ab BC       		.byte	-68
ARM GAS  C:\Users\Riccardo\AppData\Local\Temp\ccNFHpXv.s 			page 9


 457 01ac C7       		.byte	-57
 458 01ad 0E       		.byte	14
 459 01ae C8       		.byte	-56
 460 01af 1C       		.byte	28
 461 01b0 C9       		.byte	-55
 462 01b1 FF       		.byte	-1
 463 01b2 CA       		.byte	-54
 464 01b3 FF       		.byte	-1
 465 01b4 CB       		.byte	-53
 466 01b5 FF       		.byte	-1
 467 01b6 CE       		.byte	-50
 468 01b7 F0       		.byte	-16
 469 01b8 CF       		.byte	-49
 470 01b9 44       		.byte	68
 471 01ba D0       		.byte	-48
 472 01bb 0C       		.byte	12
 473 01bc D4       		.byte	-44
 474 01bd 01       		.byte	1
 475 01be D8       		.byte	-40
 476 01bf 04       		.byte	4
 477 01c0 D9       		.byte	-39
 478 01c1 04       		.byte	4
 479 01c2 DA       		.byte	-38
 480 01c3 04       		.byte	4
 481 01c4 DB       		.byte	-37
 482 01c5 04       		.byte	4
 483 01c6 DF       		.byte	-33
 484 01c7 01       		.byte	1
 485 01c8 E6       		.byte	-26
 486 01c9 C0       		.byte	-64
 487 01ca EA       		.byte	-22
 488 01cb 40       		.byte	64
 489 01cc EB       		.byte	-21
 490 01cd 02       		.byte	2
 491 01ce 01       		.byte	1
 492 01cf 02       		.byte	2
 493 01d0 03       		.byte	3
 494 01d1 20       		.byte	32
 495 01d2 05       		.byte	5
 496 01d3 06       		.byte	6
 497 01d4 06       		.byte	6
 498 01d5 05       		.byte	5
 499 01d6 07       		.byte	7
 500 01d7 02       		.byte	2
 501 01d8 09       		.byte	9
 502 01d9 08       		.byte	8
 503 01da 0A       		.byte	10
 504 01db 08       		.byte	8
 505 01dc 0B       		.byte	11
 506 01dd 80       		.byte	-128
 507 01de 0C       		.byte	12
 508 01df 40       		.byte	64
 509 01e0 0E       		.byte	14
 510 01e1 24       		.byte	36
 511 01e2 10       		.byte	16
 512 01e3 20       		.byte	32
 513 01e4 12       		.byte	18
ARM GAS  C:\Users\Riccardo\AppData\Local\Temp\ccNFHpXv.s 			page 10


 514 01e5 84       		.byte	-124
 515 01e6 15       		.byte	21
 516 01e7 90       		.byte	-112
 517 01e8 16       		.byte	22
 518 01e9 50       		.byte	80
 519 01ea 19       		.byte	25
 520 01eb 22       		.byte	34
 521 01ec 1A       		.byte	26
 522 01ed 08       		.byte	8
 523 01ee 1B       		.byte	27
 524 01ef 01       		.byte	1
 525 01f0 1C       		.byte	28
 526 01f1 40       		.byte	64
 527 01f2 1D       		.byte	29
 528 01f3 0C       		.byte	12
 529 01f4 1F       		.byte	31
 530 01f5 88       		.byte	-120
 531 01f6 20       		.byte	32
 532 01f7 08       		.byte	8
 533 01f8 21       		.byte	33
 534 01f9 44       		.byte	68
 535 01fa 22       		.byte	34
 536 01fb 80       		.byte	-128
 537 01fc 24       		.byte	36
 538 01fd 04       		.byte	4
 539 01fe 25       		.byte	37
 540 01ff 04       		.byte	4
 541 0200 26       		.byte	38
 542 0201 48       		.byte	72
 543 0202 27       		.byte	39
 544 0203 40       		.byte	64
 545 0204 29       		.byte	41
 546 0205 80       		.byte	-128
 547 0206 2B       		.byte	43
 548 0207 01       		.byte	1
 549 0208 2C       		.byte	44
 550 0209 40       		.byte	64
 551 020a 2E       		.byte	46
 552 020b 40       		.byte	64
 553 020c 2F       		.byte	47
 554 020d 94       		.byte	-108
 555 020e 30       		.byte	48
 556 020f 20       		.byte	32
 557 0210 32       		.byte	50
 558 0211 80       		.byte	-128
 559 0212 33       		.byte	51
 560 0213 18       		.byte	24
 561 0214 35       		.byte	53
 562 0215 01       		.byte	1
 563 0216 36       		.byte	54
 564 0217 48       		.byte	72
 565 0218 39       		.byte	57
 566 0219 08       		.byte	8
 567 021a 3A       		.byte	58
 568 021b 04       		.byte	4
 569 021c 3B       		.byte	59
 570 021d 80       		.byte	-128
ARM GAS  C:\Users\Riccardo\AppData\Local\Temp\ccNFHpXv.s 			page 11


 571 021e 3C       		.byte	60
 572 021f 80       		.byte	-128
 573 0220 3D       		.byte	61
 574 0221 10       		.byte	16
 575 0222 3E       		.byte	62
 576 0223 06       		.byte	6
 577 0224 45       		.byte	69
 578 0225 08       		.byte	8
 579 0226 47       		.byte	71
 580 0227 10       		.byte	16
 581 0228 48       		.byte	72
 582 0229 04       		.byte	4
 583 022a 4D       		.byte	77
 584 022b 80       		.byte	-128
 585 022c 50       		.byte	80
 586 022d 20       		.byte	32
 587 022e 52       		.byte	82
 588 022f 10       		.byte	16
 589 0230 53       		.byte	83
 590 0231 40       		.byte	64
 591 0232 54       		.byte	84
 592 0233 08       		.byte	8
 593 0234 56       		.byte	86
 594 0235 40       		.byte	64
 595 0236 57       		.byte	87
 596 0237 20       		.byte	32
 597 0238 5C       		.byte	92
 598 0239 40       		.byte	64
 599 023a 5F       		.byte	95
 600 023b 15       		.byte	21
 601 023c 86       		.byte	-122
 602 023d 40       		.byte	64
 603 023e 87       		.byte	-121
 604 023f 10       		.byte	16
 605 0240 88       		.byte	-120
 606 0241 20       		.byte	32
 607 0242 8A       		.byte	-118
 608 0243 12       		.byte	18
 609 0244 8C       		.byte	-116
 610 0245 08       		.byte	8
 611 0246 8D       		.byte	-115
 612 0247 04       		.byte	4
 613 0248 8E       		.byte	-114
 614 0249 01       		.byte	1
 615 024a 8F       		.byte	-113
 616 024b 01       		.byte	1
 617 024c 91       		.byte	-111
 618 024d 10       		.byte	16
 619 024e 92       		.byte	-110
 620 024f 44       		.byte	68
 621 0250 93       		.byte	-109
 622 0251 2C       		.byte	44
 623 0252 94       		.byte	-108
 624 0253 04       		.byte	4
 625 0254 99       		.byte	-103
 626 0255 01       		.byte	1
 627 0256 9C       		.byte	-100
ARM GAS  C:\Users\Riccardo\AppData\Local\Temp\ccNFHpXv.s 			page 12


 628 0257 60       		.byte	96
 629 0258 9D       		.byte	-99
 630 0259 20       		.byte	32
 631 025a 9F       		.byte	-97
 632 025b 42       		.byte	66
 633 025c A0       		.byte	-96
 634 025d 40       		.byte	64
 635 025e A4       		.byte	-92
 636 025f 08       		.byte	8
 637 0260 A6       		.byte	-90
 638 0261 10       		.byte	16
 639 0262 C0       		.byte	-64
 640 0263 FC       		.byte	-4
 641 0264 C2       		.byte	-62
 642 0265 EE       		.byte	-18
 643 0266 C4       		.byte	-60
 644 0267 FE       		.byte	-2
 645 0268 CA       		.byte	-54
 646 0269 F8       		.byte	-8
 647 026a CC       		.byte	-52
 648 026b DE       		.byte	-34
 649 026c CE       		.byte	-50
 650 026d FA       		.byte	-6
 651 026e D0       		.byte	-48
 652 026f 60       		.byte	96
 653 0270 D2       		.byte	-46
 654 0271 14       		.byte	20
 655 0272 D6       		.byte	-42
 656 0273 F0       		.byte	-16
 657 0274 E4       		.byte	-28
 658 0275 01       		.byte	1
 659 0276 E8       		.byte	-24
 660 0277 20       		.byte	32
 661 0278 EA       		.byte	-22
 662 0279 05       		.byte	5
 663 027a 3E       		.byte	62
 664 027b 10       		.byte	16
 665 027c CE       		.byte	-50
 666 027d 20       		.byte	32
 667 027e 96       		.byte	-106
 668 027f 10       		.byte	16
 669 0280 85       		.byte	-123
 670 0281 08       		.byte	8
 671 0282 96       		.byte	-106
 672 0283 10       		.byte	16
 673 0284 E6       		.byte	-26
 674 0285 10       		.byte	16
 675 0286 12       		.byte	18
 676 0287 20       		.byte	32
 677 0288 15       		.byte	21
 678 0289 02       		.byte	2
 679 028a 75       		.byte	117
 680 028b 08       		.byte	8
 681 028c 7B       		.byte	123
 682 028d 02       		.byte	2
 683 028e 82       		.byte	-126
 684 028f 20       		.byte	32
ARM GAS  C:\Users\Riccardo\AppData\Local\Temp\ccNFHpXv.s 			page 13


 685 0290 95       		.byte	-107
 686 0291 02       		.byte	2
 687 0292 99       		.byte	-103
 688 0293 08       		.byte	8
 689 0294 A3       		.byte	-93
 690 0295 02       		.byte	2
 691 0296 AA       		.byte	-86
 692 0297 10       		.byte	16
 693 0298 AB       		.byte	-85
 694 0299 02       		.byte	2
 695 029a B1       		.byte	-79
 696 029b 01       		.byte	1
 697 029c C4       		.byte	-60
 698 029d 30       		.byte	48
 699 029e DC       		.byte	-36
 700 029f 80       		.byte	-128
 701 02a0 DE       		.byte	-34
 702 02a1 20       		.byte	32
 703 02a2 E4       		.byte	-28
 704 02a3 80       		.byte	-128
 705 02a4 EA       		.byte	-22
 706 02a5 A0       		.byte	-96
 707 02a6 13       		.byte	19
 708 02a7 28       		.byte	40
 709 02a8 14       		.byte	20
 710 02a9 40       		.byte	64
 711 02aa 7B       		.byte	123
 712 02ab 10       		.byte	16
 713 02ac 7F       		.byte	127
 714 02ad 08       		.byte	8
 715 02ae 84       		.byte	-124
 716 02af 40       		.byte	64
 717 02b0 87       		.byte	-121
 718 02b1 10       		.byte	16
 719 02b2 C4       		.byte	-60
 720 02b3 0E       		.byte	14
 721 02b4 DE       		.byte	-34
 722 02b5 03       		.byte	3
 723 02b6 10       		.byte	16
 724 02b7 40       		.byte	64
 725 02b8 73       		.byte	115
 726 02b9 10       		.byte	16
 727 02ba 83       		.byte	-125
 728 02bb 10       		.byte	16
 729 02bc 88       		.byte	-120
 730 02bd 40       		.byte	64
 731 02be 93       		.byte	-109
 732 02bf 10       		.byte	16
 733 02c0 A7       		.byte	-89
 734 02c1 10       		.byte	16
 735 02c2 AB       		.byte	-85
 736 02c3 28       		.byte	40
 737 02c4 B3       		.byte	-77
 738 02c5 08       		.byte	8
 739 02c6 C4       		.byte	-60
 740 02c7 08       		.byte	8
 741 02c8 DC       		.byte	-36
ARM GAS  C:\Users\Riccardo\AppData\Local\Temp\ccNFHpXv.s 			page 14


 742 02c9 01       		.byte	1
 743 02ca E2       		.byte	-30
 744 02cb 01       		.byte	1
 745 02cc E8       		.byte	-24
 746 02cd 04       		.byte	4
 747 02ce 10       		.byte	16
 748 02cf 01       		.byte	1
 749 02d0 1C       		.byte	28
 750 02d1 01       		.byte	1
 751 02d2 03       		.byte	3
 752 02d3 C0       		.byte	-64
 753 02d4 02       		.byte	2
 754 02d5 80       		.byte	-128
 755 02d6 00       		.byte	0
 756 02d7 00       		.byte	0
 757 02d8 43       		.byte	67
 758 02d9 00       		.byte	0
 759 02da 00       		.byte	0
 760 02db 00       		.byte	0
 761 02dc 1F       		.byte	31
 762 02dd 10       		.byte	16
 763 02de 20       		.byte	32
 764 02df 00       		.byte	0
 765 02e0 00       		.byte	0
 766 02e1 00       		.byte	0
 767 02e2 23       		.byte	35
 768 02e3 04       		.byte	4
 769 02e4 3F       		.byte	63
 770 02e5 18       		.byte	24
 771 02e6 00       		.byte	0
 772 02e7 00       		.byte	0
 773 02e8 03       		.byte	3
 774 02e9 3C       		.byte	60
 775 02ea 00       		.byte	0
 776 02eb C2       		.byte	-62
 777 02ec 1C       		.byte	28
 778 02ed 1C       		.byte	28
 779 02ee 23       		.byte	35
 780 02ef E1       		.byte	-31
 781 02f0 01       		.byte	1
 782 02f1 08       		.byte	8
 783 02f2 00       		.byte	0
 784 02f3 00       		.byte	0
 785 02f4 33       		.byte	51
 786 02f5 44       		.byte	68
 787 02f6 0C       		.byte	12
 788 02f7 00       		.byte	0
 789 02f8 00       		.byte	0
 790 02f9 C0       		.byte	-64
 791 02fa 00       		.byte	0
 792 02fb 00       		.byte	0
 793 02fc 02       		.byte	2
 794 02fd 80       		.byte	-128
 795 02fe 00       		.byte	0
 796 02ff 00       		.byte	0
 797 0300 04       		.byte	4
 798 0301 00       		.byte	0
ARM GAS  C:\Users\Riccardo\AppData\Local\Temp\ccNFHpXv.s 			page 15


 799 0302 00       		.byte	0
 800 0303 E3       		.byte	-29
 801 0304 0C       		.byte	12
 802 0305 FF       		.byte	-1
 803 0306 00       		.byte	0
 804 0307 00       		.byte	0
 805 0308 08       		.byte	8
 806 0309 E7       		.byte	-25
 807 030a 00       		.byte	0
 808 030b 18       		.byte	24
 809 030c 2C       		.byte	44
 810 030d 1F       		.byte	31
 811 030e 00       		.byte	0
 812 030f 38       		.byte	56
 813 0310 0F       		.byte	15
 814 0311 00       		.byte	0
 815 0312 10       		.byte	16
 816 0313 C0       		.byte	-64
 817 0314 00       		.byte	0
 818 0315 00       		.byte	0
 819 0316 2A       		.byte	42
 820 0317 02       		.byte	2
 821 0318 00       		.byte	0
 822 0319 00       		.byte	0
 823 031a 40       		.byte	64
 824 031b 00       		.byte	0
 825 031c 46       		.byte	70
 826 031d 03       		.byte	3
 827 031e 02       		.byte	2
 828 031f 00       		.byte	0
 829 0320 01       		.byte	1
 830 0321 C0       		.byte	-64
 831 0322 0E       		.byte	14
 832 0323 00       		.byte	0
 833 0324 06       		.byte	6
 834 0325 FF       		.byte	-1
 835 0326 FF       		.byte	-1
 836 0327 FF       		.byte	-1
 837 0328 62       		.byte	98
 838 0329 A0       		.byte	-96
 839 032a F0       		.byte	-16
 840 032b 41       		.byte	65
 841 032c 0C       		.byte	12
 842 032d 00       		.byte	0
 843 032e 00       		.byte	0
 844 032f 00       		.byte	0
 845 0330 00       		.byte	0
 846 0331 00       		.byte	0
 847 0332 02       		.byte	2
 848 0333 13       		.byte	19
 849 0334 04       		.byte	4
 850 0335 04       		.byte	4
 851 0336 04       		.byte	4
 852 0337 04       		.byte	4
 853 0338 00       		.byte	0
 854 0339 00       		.byte	0
 855 033a 00       		.byte	0
ARM GAS  C:\Users\Riccardo\AppData\Local\Temp\ccNFHpXv.s 			page 16


 856 033b 01       		.byte	1
 857 033c 00       		.byte	0
 858 033d 00       		.byte	0
 859 033e 00       		.byte	0
 860 033f 00       		.byte	0
 861 0340 00       		.byte	0
 862 0341 00       		.byte	0
 863 0342 40       		.byte	64
 864 0343 02       		.byte	2
 865 0344 00       		.byte	0
 866 0345 10       		.byte	16
 867 0346 30       		.byte	48
 868 0347 10       		.byte	16
 869 0348 00       		.byte	0
 870 0349 10       		.byte	16
 871 034a 10       		.byte	16
 872 034b 12       		.byte	18
 873 034c 00       		.byte	0
 874 034d 00       		.byte	0
 875 034e 00       		.byte	0
 876 034f 00       		.byte	0
 877 0350 00       		.byte	0
 878 0351 00       		.byte	0
 879 0352 00       		.byte	0
 880 0353 00       		.byte	0
 881 0354 00       		.byte	0
 882 0355 00       		.byte	0
 883 0356 00       		.byte	0
 884 0357 00       		.byte	0
 885 0358 00       		.byte	0
 886 0359 00       		.byte	0
 887 035a 00       		.byte	0
 888 035b 00       		.byte	0
 889 035c 83       		.byte	-125
 890 035d 00       		.byte	0
 891 035e 40       		.byte	64
 892 035f 80       		.byte	-128
 893 0360 83       		.byte	-125
 894 0361 00       		.byte	0
 895 0362 83       		.byte	-125
 896 0363 00       		.byte	0
 897 0364 00       		.byte	0
 898 0365 00       		.byte	0
 899 0366 00       		.byte	0
 900 0367 00       		.byte	0
 901 0368 00       		.byte	0
 902 0369 0B       		.byte	11
 903 036a 0B       		.byte	11
 904 036b 00       		.byte	0
 905 036c 00       		.byte	0
 906 036d 00       		.byte	0
 907 036e 00       		.byte	0
 908 036f 00       		.byte	0
 909              		.section	.cywolatch,"a",%progbits
 910              		.align	2
 911              		.type	cy_meta_wonvl, %object
 912              		.size	cy_meta_wonvl, 4
ARM GAS  C:\Users\Riccardo\AppData\Local\Temp\ccNFHpXv.s 			page 17


 913              	cy_meta_wonvl:
 914 0000 BC       		.byte	-68
 915 0001 90       		.byte	-112
 916 0002 AC       		.byte	-84
 917 0003 AF       		.byte	-81
 918              		.section	.cycustnvl,"a",%progbits
 919              		.align	2
 920              		.type	cy_meta_custnvl, %object
 921              		.size	cy_meta_custnvl, 4
 922              	cy_meta_custnvl:
 923 0000 00       		.byte	0
 924 0001 00       		.byte	0
 925 0002 40       		.byte	64
 926 0003 05       		.byte	5
 927              		.section	.cymeta,"a",%progbits
 928              		.align	2
 929              		.type	cy_metadata, %object
 930              		.size	cy_metadata, 12
 931              	cy_metadata:
 932 0000 00       		.byte	0
 933 0001 01       		.byte	1
 934 0002 2E       		.byte	46
 935 0003 16       		.byte	22
 936 0004 10       		.byte	16
 937 0005 69       		.byte	105
 938 0006 00       		.byte	0
 939 0007 01       		.byte	1
 940 0008 00       		.byte	0
 941 0009 00       		.byte	0
 942 000a 00       		.byte	0
 943 000b 00       		.byte	0
 944              		.section	.cyflashprotect,"a",%progbits
 945              		.align	2
 946              		.type	cy_meta_flashprotect, %object
 947              		.size	cy_meta_flashprotect, 256
 948              	cy_meta_flashprotect:
 949 0000 00000000 		.space	256
 949      00000000 
 949      00000000 
 949      00000000 
 949      00000000 
 950              		.text
 951              	.Letext0:
 952              		.file 1 "c:\\program files (x86)\\cypress\\psoc creator\\4.3\\psoc creator\\import\\gnu\\arm\\5.4.
 953              		.file 2 "c:\\program files (x86)\\cypress\\psoc creator\\4.3\\psoc creator\\import\\gnu\\arm\\5.4.
 954              		.file 3 "Generated_Source\\PSoC5\\cymetadata.c"
 955              		.section	.debug_info,"",%progbits
 956              	.Ldebug_info0:
 957 0000 31010000 		.4byte	0x131
 958 0004 0400     		.2byte	0x4
 959 0006 00000000 		.4byte	.Ldebug_abbrev0
 960 000a 04       		.byte	0x4
 961 000b 01       		.uleb128 0x1
 962 000c 9A000000 		.4byte	.LASF17
 963 0010 0C       		.byte	0xc
 964 0011 F4010000 		.4byte	.LASF18
 965 0015 16000000 		.4byte	.LASF19
ARM GAS  C:\Users\Riccardo\AppData\Local\Temp\ccNFHpXv.s 			page 18


 966 0019 00000000 		.4byte	.Ldebug_line0
 967 001d 02       		.uleb128 0x2
 968 001e 01       		.byte	0x1
 969 001f 06       		.byte	0x6
 970 0020 E8010000 		.4byte	.LASF0
 971 0024 03       		.uleb128 0x3
 972 0025 00000000 		.4byte	.LASF9
 973 0029 01       		.byte	0x1
 974 002a 1D       		.byte	0x1d
 975 002b 2F000000 		.4byte	0x2f
 976 002f 02       		.uleb128 0x2
 977 0030 01       		.byte	0x1
 978 0031 08       		.byte	0x8
 979 0032 8C000000 		.4byte	.LASF1
 980 0036 02       		.uleb128 0x2
 981 0037 02       		.byte	0x2
 982 0038 05       		.byte	0x5
 983 0039 D5010000 		.4byte	.LASF2
 984 003d 02       		.uleb128 0x2
 985 003e 02       		.byte	0x2
 986 003f 07       		.byte	0x7
 987 0040 3A010000 		.4byte	.LASF3
 988 0044 02       		.uleb128 0x2
 989 0045 04       		.byte	0x4
 990 0046 05       		.byte	0x5
 991 0047 DF010000 		.4byte	.LASF4
 992 004b 02       		.uleb128 0x2
 993 004c 04       		.byte	0x4
 994 004d 07       		.byte	0x7
 995 004e 28010000 		.4byte	.LASF5
 996 0052 02       		.uleb128 0x2
 997 0053 08       		.byte	0x8
 998 0054 05       		.byte	0x5
 999 0055 C7010000 		.4byte	.LASF6
 1000 0059 02       		.uleb128 0x2
 1001 005a 08       		.byte	0x8
 1002 005b 07       		.byte	0x7
 1003 005c 7C010000 		.4byte	.LASF7
 1004 0060 04       		.uleb128 0x4
 1005 0061 04       		.byte	0x4
 1006 0062 05       		.byte	0x5
 1007 0063 696E7400 		.ascii	"int\000"
 1008 0067 02       		.uleb128 0x2
 1009 0068 04       		.byte	0x4
 1010 0069 07       		.byte	0x7
 1011 006a 6F010000 		.4byte	.LASF8
 1012 006e 03       		.uleb128 0x3
 1013 006f 93010000 		.4byte	.LASF10
 1014 0073 02       		.byte	0x2
 1015 0074 18       		.byte	0x18
 1016 0075 24000000 		.4byte	0x24
 1017 0079 05       		.uleb128 0x5
 1018 007a 91000000 		.4byte	0x91
 1019 007e 8A000000 		.4byte	0x8a
 1020 0082 06       		.uleb128 0x6
 1021 0083 8A000000 		.4byte	0x8a
 1022 0087 6F03     		.2byte	0x36f
ARM GAS  C:\Users\Riccardo\AppData\Local\Temp\ccNFHpXv.s 			page 19


 1023 0089 00       		.byte	0
 1024 008a 02       		.uleb128 0x2
 1025 008b 04       		.byte	0x4
 1026 008c 07       		.byte	0x7
 1027 008d BE010000 		.4byte	.LASF11
 1028 0091 07       		.uleb128 0x7
 1029 0092 6E000000 		.4byte	0x6e
 1030 0096 08       		.uleb128 0x8
 1031 0097 5D010000 		.4byte	.LASF12
 1032 009b 03       		.byte	0x3
 1033 009c 1F       		.byte	0x1f
 1034 009d A7000000 		.4byte	0xa7
 1035 00a1 05       		.uleb128 0x5
 1036 00a2 03       		.byte	0x3
 1037 00a3 00000000 		.4byte	cy_meta_configecc
 1038 00a7 07       		.uleb128 0x7
 1039 00a8 79000000 		.4byte	0x79
 1040 00ac 05       		.uleb128 0x5
 1041 00ad 91000000 		.4byte	0x91
 1042 00b1 BC000000 		.4byte	0xbc
 1043 00b5 09       		.uleb128 0x9
 1044 00b6 8A000000 		.4byte	0x8a
 1045 00ba 03       		.byte	0x3
 1046 00bb 00       		.byte	0
 1047 00bc 08       		.uleb128 0x8
 1048 00bd 4D010000 		.4byte	.LASF13
 1049 00c1 03       		.byte	0x3
 1050 00c2 9A       		.byte	0x9a
 1051 00c3 CD000000 		.4byte	0xcd
 1052 00c7 05       		.uleb128 0x5
 1053 00c8 03       		.byte	0x3
 1054 00c9 00000000 		.4byte	cy_meta_custnvl
 1055 00cd 07       		.uleb128 0x7
 1056 00ce AC000000 		.4byte	0xac
 1057 00d2 08       		.uleb128 0x8
 1058 00d3 B0010000 		.4byte	.LASF14
 1059 00d7 03       		.byte	0x3
 1060 00d8 A8       		.byte	0xa8
 1061 00d9 E3000000 		.4byte	0xe3
 1062 00dd 05       		.uleb128 0x5
 1063 00de 03       		.byte	0x3
 1064 00df 00000000 		.4byte	cy_meta_wonvl
 1065 00e3 07       		.uleb128 0x7
 1066 00e4 AC000000 		.4byte	0xac
 1067 00e8 05       		.uleb128 0x5
 1068 00e9 91000000 		.4byte	0x91
 1069 00ed F8000000 		.4byte	0xf8
 1070 00f1 09       		.uleb128 0x9
 1071 00f2 8A000000 		.4byte	0x8a
 1072 00f6 FF       		.byte	0xff
 1073 00f7 00       		.byte	0
 1074 00f8 08       		.uleb128 0x8
 1075 00f9 9B010000 		.4byte	.LASF15
 1076 00fd 03       		.byte	0x3
 1077 00fe B6       		.byte	0xb6
 1078 00ff 09010000 		.4byte	0x109
 1079 0103 05       		.uleb128 0x5
ARM GAS  C:\Users\Riccardo\AppData\Local\Temp\ccNFHpXv.s 			page 20


 1080 0104 03       		.byte	0x3
 1081 0105 00000000 		.4byte	cy_meta_flashprotect
 1082 0109 07       		.uleb128 0x7
 1083 010a E8000000 		.4byte	0xe8
 1084 010e 05       		.uleb128 0x5
 1085 010f 91000000 		.4byte	0x91
 1086 0113 1E010000 		.4byte	0x11e
 1087 0117 09       		.uleb128 0x9
 1088 0118 8A000000 		.4byte	0x8a
 1089 011c 0B       		.byte	0xb
 1090 011d 00       		.byte	0
 1091 011e 08       		.uleb128 0x8
 1092 011f 0A000000 		.4byte	.LASF16
 1093 0123 03       		.byte	0x3
 1094 0124 E3       		.byte	0xe3
 1095 0125 2F010000 		.4byte	0x12f
 1096 0129 05       		.uleb128 0x5
 1097 012a 03       		.byte	0x3
 1098 012b 00000000 		.4byte	cy_metadata
 1099 012f 07       		.uleb128 0x7
 1100 0130 0E010000 		.4byte	0x10e
 1101 0134 00       		.byte	0
 1102              		.section	.debug_abbrev,"",%progbits
 1103              	.Ldebug_abbrev0:
 1104 0000 01       		.uleb128 0x1
 1105 0001 11       		.uleb128 0x11
 1106 0002 01       		.byte	0x1
 1107 0003 25       		.uleb128 0x25
 1108 0004 0E       		.uleb128 0xe
 1109 0005 13       		.uleb128 0x13
 1110 0006 0B       		.uleb128 0xb
 1111 0007 03       		.uleb128 0x3
 1112 0008 0E       		.uleb128 0xe
 1113 0009 1B       		.uleb128 0x1b
 1114 000a 0E       		.uleb128 0xe
 1115 000b 10       		.uleb128 0x10
 1116 000c 17       		.uleb128 0x17
 1117 000d 00       		.byte	0
 1118 000e 00       		.byte	0
 1119 000f 02       		.uleb128 0x2
 1120 0010 24       		.uleb128 0x24
 1121 0011 00       		.byte	0
 1122 0012 0B       		.uleb128 0xb
 1123 0013 0B       		.uleb128 0xb
 1124 0014 3E       		.uleb128 0x3e
 1125 0015 0B       		.uleb128 0xb
 1126 0016 03       		.uleb128 0x3
 1127 0017 0E       		.uleb128 0xe
 1128 0018 00       		.byte	0
 1129 0019 00       		.byte	0
 1130 001a 03       		.uleb128 0x3
 1131 001b 16       		.uleb128 0x16
 1132 001c 00       		.byte	0
 1133 001d 03       		.uleb128 0x3
 1134 001e 0E       		.uleb128 0xe
 1135 001f 3A       		.uleb128 0x3a
 1136 0020 0B       		.uleb128 0xb
ARM GAS  C:\Users\Riccardo\AppData\Local\Temp\ccNFHpXv.s 			page 21


 1137 0021 3B       		.uleb128 0x3b
 1138 0022 0B       		.uleb128 0xb
 1139 0023 49       		.uleb128 0x49
 1140 0024 13       		.uleb128 0x13
 1141 0025 00       		.byte	0
 1142 0026 00       		.byte	0
 1143 0027 04       		.uleb128 0x4
 1144 0028 24       		.uleb128 0x24
 1145 0029 00       		.byte	0
 1146 002a 0B       		.uleb128 0xb
 1147 002b 0B       		.uleb128 0xb
 1148 002c 3E       		.uleb128 0x3e
 1149 002d 0B       		.uleb128 0xb
 1150 002e 03       		.uleb128 0x3
 1151 002f 08       		.uleb128 0x8
 1152 0030 00       		.byte	0
 1153 0031 00       		.byte	0
 1154 0032 05       		.uleb128 0x5
 1155 0033 01       		.uleb128 0x1
 1156 0034 01       		.byte	0x1
 1157 0035 49       		.uleb128 0x49
 1158 0036 13       		.uleb128 0x13
 1159 0037 01       		.uleb128 0x1
 1160 0038 13       		.uleb128 0x13
 1161 0039 00       		.byte	0
 1162 003a 00       		.byte	0
 1163 003b 06       		.uleb128 0x6
 1164 003c 21       		.uleb128 0x21
 1165 003d 00       		.byte	0
 1166 003e 49       		.uleb128 0x49
 1167 003f 13       		.uleb128 0x13
 1168 0040 2F       		.uleb128 0x2f
 1169 0041 05       		.uleb128 0x5
 1170 0042 00       		.byte	0
 1171 0043 00       		.byte	0
 1172 0044 07       		.uleb128 0x7
 1173 0045 26       		.uleb128 0x26
 1174 0046 00       		.byte	0
 1175 0047 49       		.uleb128 0x49
 1176 0048 13       		.uleb128 0x13
 1177 0049 00       		.byte	0
 1178 004a 00       		.byte	0
 1179 004b 08       		.uleb128 0x8
 1180 004c 34       		.uleb128 0x34
 1181 004d 00       		.byte	0
 1182 004e 03       		.uleb128 0x3
 1183 004f 0E       		.uleb128 0xe
 1184 0050 3A       		.uleb128 0x3a
 1185 0051 0B       		.uleb128 0xb
 1186 0052 3B       		.uleb128 0x3b
 1187 0053 0B       		.uleb128 0xb
 1188 0054 49       		.uleb128 0x49
 1189 0055 13       		.uleb128 0x13
 1190 0056 3F       		.uleb128 0x3f
 1191 0057 19       		.uleb128 0x19
 1192 0058 02       		.uleb128 0x2
 1193 0059 18       		.uleb128 0x18
ARM GAS  C:\Users\Riccardo\AppData\Local\Temp\ccNFHpXv.s 			page 22


 1194 005a 00       		.byte	0
 1195 005b 00       		.byte	0
 1196 005c 09       		.uleb128 0x9
 1197 005d 21       		.uleb128 0x21
 1198 005e 00       		.byte	0
 1199 005f 49       		.uleb128 0x49
 1200 0060 13       		.uleb128 0x13
 1201 0061 2F       		.uleb128 0x2f
 1202 0062 0B       		.uleb128 0xb
 1203 0063 00       		.byte	0
 1204 0064 00       		.byte	0
 1205 0065 00       		.byte	0
 1206              		.section	.debug_aranges,"",%progbits
 1207 0000 14000000 		.4byte	0x14
 1208 0004 0200     		.2byte	0x2
 1209 0006 00000000 		.4byte	.Ldebug_info0
 1210 000a 04       		.byte	0x4
 1211 000b 00       		.byte	0
 1212 000c 0000     		.2byte	0
 1213 000e 0000     		.2byte	0
 1214 0010 00000000 		.4byte	0
 1215 0014 00000000 		.4byte	0
 1216              		.section	.debug_line,"",%progbits
 1217              	.Ldebug_line0:
 1218 0000 3D010000 		.section	.debug_str,"MS",%progbits,1
 1218      02003701 
 1218      00000201 
 1218      FB0E0D00 
 1218      01010101 
 1219              	.LASF9:
 1220 0000 5F5F7569 		.ascii	"__uint8_t\000"
 1220      6E74385F 
 1220      7400
 1221              	.LASF16:
 1222 000a 63795F6D 		.ascii	"cy_metadata\000"
 1222      65746164 
 1222      61746100 
 1223              	.LASF19:
 1224 0016 433A5C55 		.ascii	"C:\\Users\\Riccardo\\Desktop\\Lab_sensori\\Assignme"
 1224      73657273 
 1224      5C526963 
 1224      63617264 
 1224      6F5C4465 
 1225 0044 6E74735C 		.ascii	"nts\\Assignment_04\\PSoC_03_Complete\\PSoC_03\\AY19"
 1225      41737369 
 1225      676E6D65 
 1225      6E745F30 
 1225      345C5053 
 1226 0073 32305F49 		.ascii	"20_II_HW_05_PROJ_2.cydsn\000"
 1226      495F4857 
 1226      5F30355F 
 1226      50524F4A 
 1226      5F322E63 
 1227              	.LASF1:
 1228 008c 756E7369 		.ascii	"unsigned char\000"
 1228      676E6564 
 1228      20636861 
ARM GAS  C:\Users\Riccardo\AppData\Local\Temp\ccNFHpXv.s 			page 23


 1228      7200
 1229              	.LASF17:
 1230 009a 474E5520 		.ascii	"GNU C11 5.4.1 20160609 (release) [ARM/embedded-5-br"
 1230      43313120 
 1230      352E342E 
 1230      31203230 
 1230      31363036 
 1231 00cd 616E6368 		.ascii	"anch revision 237715] -mcpu=cortex-m3 -mthumb -g -O"
 1231      20726576 
 1231      6973696F 
 1231      6E203233 
 1231      37373135 
 1232 0100 67202D66 		.ascii	"g -ffunction-sections -ffat-lto-objects\000"
 1232      66756E63 
 1232      74696F6E 
 1232      2D736563 
 1232      74696F6E 
 1233              	.LASF5:
 1234 0128 6C6F6E67 		.ascii	"long unsigned int\000"
 1234      20756E73 
 1234      69676E65 
 1234      6420696E 
 1234      7400
 1235              	.LASF3:
 1236 013a 73686F72 		.ascii	"short unsigned int\000"
 1236      7420756E 
 1236      7369676E 
 1236      65642069 
 1236      6E7400
 1237              	.LASF13:
 1238 014d 63795F6D 		.ascii	"cy_meta_custnvl\000"
 1238      6574615F 
 1238      63757374 
 1238      6E766C00 
 1239              	.LASF12:
 1240 015d 63795F6D 		.ascii	"cy_meta_configecc\000"
 1240      6574615F 
 1240      636F6E66 
 1240      69676563 
 1240      6300
 1241              	.LASF8:
 1242 016f 756E7369 		.ascii	"unsigned int\000"
 1242      676E6564 
 1242      20696E74 
 1242      00
 1243              	.LASF7:
 1244 017c 6C6F6E67 		.ascii	"long long unsigned int\000"
 1244      206C6F6E 
 1244      6720756E 
 1244      7369676E 
 1244      65642069 
 1245              	.LASF10:
 1246 0193 75696E74 		.ascii	"uint8_t\000"
 1246      385F7400 
 1247              	.LASF15:
 1248 019b 63795F6D 		.ascii	"cy_meta_flashprotect\000"
 1248      6574615F 
ARM GAS  C:\Users\Riccardo\AppData\Local\Temp\ccNFHpXv.s 			page 24


 1248      666C6173 
 1248      6870726F 
 1248      74656374 
 1249              	.LASF14:
 1250 01b0 63795F6D 		.ascii	"cy_meta_wonvl\000"
 1250      6574615F 
 1250      776F6E76 
 1250      6C00
 1251              	.LASF11:
 1252 01be 73697A65 		.ascii	"sizetype\000"
 1252      74797065 
 1252      00
 1253              	.LASF6:
 1254 01c7 6C6F6E67 		.ascii	"long long int\000"
 1254      206C6F6E 
 1254      6720696E 
 1254      7400
 1255              	.LASF2:
 1256 01d5 73686F72 		.ascii	"short int\000"
 1256      7420696E 
 1256      7400
 1257              	.LASF4:
 1258 01df 6C6F6E67 		.ascii	"long int\000"
 1258      20696E74 
 1258      00
 1259              	.LASF0:
 1260 01e8 7369676E 		.ascii	"signed char\000"
 1260      65642063 
 1260      68617200 
 1261              	.LASF18:
 1262 01f4 47656E65 		.ascii	"Generated_Source\\PSoC5\\cymetadata.c\000"
 1262      72617465 
 1262      645F536F 
 1262      75726365 
 1262      5C50536F 
 1263              		.ident	"GCC: (GNU Tools for ARM Embedded Processors) 5.4.1 20160609 (release) [ARM/embedded-5-bran
