ARM GAS  C:\Users\Riccardo\AppData\Local\Temp\cc2w0Dmm.s 			page 1


   1              		.syntax unified
   2              		.cpu cortex-m3
   3              		.fpu softvfp
   4              		.eabi_attribute 20, 1
   5              		.eabi_attribute 21, 1
   6              		.eabi_attribute 23, 3
   7              		.eabi_attribute 24, 1
   8              		.eabi_attribute 25, 1
   9              		.eabi_attribute 26, 1
  10              		.eabi_attribute 30, 1
  11              		.eabi_attribute 34, 1
  12              		.eabi_attribute 18, 4
  13              		.thumb
  14              		.syntax unified
  15              		.file	"I2C_Interface.c"
  16              		.text
  17              	.Ltext0:
  18              		.cfi_sections	.debug_frame
  19              		.section	.text.I2C_Peripheral_Start,"ax",%progbits
  20              		.align	2
  21              		.global	I2C_Peripheral_Start
  22              		.thumb
  23              		.thumb_func
  24              		.type	I2C_Peripheral_Start, %function
  25              	I2C_Peripheral_Start:
  26              	.LFB0:
  27              		.file 1 "I2C_Interface.c"
   1:I2C_Interface.c **** /*
   2:I2C_Interface.c **** * This file includes all the required source code to interface
   3:I2C_Interface.c **** * the I2C peripheral.
   4:I2C_Interface.c **** */
   5:I2C_Interface.c **** 
   6:I2C_Interface.c **** /**
   7:I2C_Interface.c **** *   \brief Value returned if device present on I2C bus.
   8:I2C_Interface.c **** */
   9:I2C_Interface.c **** #ifndef DEVICE_CONNECTED
  10:I2C_Interface.c ****     #define DEVICE_CONNECTED 1
  11:I2C_Interface.c **** #endif
  12:I2C_Interface.c **** 
  13:I2C_Interface.c **** /**
  14:I2C_Interface.c **** *   \brief Value returned if device not present on I2C bus.
  15:I2C_Interface.c **** */
  16:I2C_Interface.c **** #ifndef DEVICE_UNCONNECTED
  17:I2C_Interface.c ****     #define DEVICE_UNCONNECTED 0
  18:I2C_Interface.c **** #endif
  19:I2C_Interface.c **** 
  20:I2C_Interface.c **** #include "I2C_Interface.h" 
  21:I2C_Interface.c **** #include "I2C_Master.h"
  22:I2C_Interface.c **** 
  23:I2C_Interface.c ****     ErrorCode I2C_Peripheral_Start(void) 
  24:I2C_Interface.c ****     {
  28              		.loc 1 24 0
  29              		.cfi_startproc
  30              		@ args = 0, pretend = 0, frame = 0
  31              		@ frame_needed = 0, uses_anonymous_args = 0
  32 0000 08B5     		push	{r3, lr}
  33              		.cfi_def_cfa_offset 8
ARM GAS  C:\Users\Riccardo\AppData\Local\Temp\cc2w0Dmm.s 			page 2


  34              		.cfi_offset 3, -8
  35              		.cfi_offset 14, -4
  25:I2C_Interface.c ****         // Start I2C peripheral
  26:I2C_Interface.c ****         I2C_Master_Start();  
  36              		.loc 1 26 0
  37 0002 FFF7FEFF 		bl	I2C_Master_Start
  38              	.LVL0:
  27:I2C_Interface.c ****         
  28:I2C_Interface.c ****         // Return no error since start function does not return any error
  29:I2C_Interface.c ****         return NO_ERROR;
  30:I2C_Interface.c ****     }
  39              		.loc 1 30 0
  40 0006 0020     		movs	r0, #0
  41 0008 08BD     		pop	{r3, pc}
  42              		.cfi_endproc
  43              	.LFE0:
  44              		.size	I2C_Peripheral_Start, .-I2C_Peripheral_Start
  45 000a 00BF     		.section	.text.I2C_Peripheral_Stop,"ax",%progbits
  46              		.align	2
  47              		.global	I2C_Peripheral_Stop
  48              		.thumb
  49              		.thumb_func
  50              		.type	I2C_Peripheral_Stop, %function
  51              	I2C_Peripheral_Stop:
  52              	.LFB1:
  31:I2C_Interface.c ****     
  32:I2C_Interface.c ****     
  33:I2C_Interface.c ****     ErrorCode I2C_Peripheral_Stop(void)
  34:I2C_Interface.c ****     {
  53              		.loc 1 34 0
  54              		.cfi_startproc
  55              		@ args = 0, pretend = 0, frame = 0
  56              		@ frame_needed = 0, uses_anonymous_args = 0
  57 0000 08B5     		push	{r3, lr}
  58              		.cfi_def_cfa_offset 8
  59              		.cfi_offset 3, -8
  60              		.cfi_offset 14, -4
  35:I2C_Interface.c ****         // Stop I2C peripheral
  36:I2C_Interface.c ****         I2C_Master_Stop();
  61              		.loc 1 36 0
  62 0002 FFF7FEFF 		bl	I2C_Master_Stop
  63              	.LVL1:
  37:I2C_Interface.c ****         // Return no error since stop function does not return any error
  38:I2C_Interface.c ****         return NO_ERROR;
  39:I2C_Interface.c ****     }
  64              		.loc 1 39 0
  65 0006 0020     		movs	r0, #0
  66 0008 08BD     		pop	{r3, pc}
  67              		.cfi_endproc
  68              	.LFE1:
  69              		.size	I2C_Peripheral_Stop, .-I2C_Peripheral_Stop
  70 000a 00BF     		.section	.text.I2C_Peripheral_ReadRegister,"ax",%progbits
  71              		.align	2
  72              		.global	I2C_Peripheral_ReadRegister
  73              		.thumb
  74              		.thumb_func
  75              		.type	I2C_Peripheral_ReadRegister, %function
ARM GAS  C:\Users\Riccardo\AppData\Local\Temp\cc2w0Dmm.s 			page 3


  76              	I2C_Peripheral_ReadRegister:
  77              	.LFB2:
  40:I2C_Interface.c **** 
  41:I2C_Interface.c ****     ErrorCode I2C_Peripheral_ReadRegister(uint8_t device_address, 
  42:I2C_Interface.c ****                                             uint8_t register_address,
  43:I2C_Interface.c ****                                             uint8_t* data)
  44:I2C_Interface.c ****     {
  78              		.loc 1 44 0
  79              		.cfi_startproc
  80              		@ args = 0, pretend = 0, frame = 0
  81              		@ frame_needed = 0, uses_anonymous_args = 0
  82              	.LVL2:
  83 0000 F8B5     		push	{r3, r4, r5, r6, r7, lr}
  84              		.cfi_def_cfa_offset 24
  85              		.cfi_offset 3, -24
  86              		.cfi_offset 4, -20
  87              		.cfi_offset 5, -16
  88              		.cfi_offset 6, -12
  89              		.cfi_offset 7, -8
  90              		.cfi_offset 14, -4
  91 0002 0646     		mov	r6, r0
  92 0004 0D46     		mov	r5, r1
  93 0006 1746     		mov	r7, r2
  45:I2C_Interface.c ****         // Send start condition
  46:I2C_Interface.c ****         uint8_t error = I2C_Master_MasterSendStart(device_address,I2C_Master_WRITE_XFER_MODE);
  94              		.loc 1 46 0
  95 0008 0021     		movs	r1, #0
  96              	.LVL3:
  97 000a FFF7FEFF 		bl	I2C_Master_MasterSendStart
  98              	.LVL4:
  47:I2C_Interface.c ****         if (error == I2C_Master_MSTR_NO_ERROR)
  99              		.loc 1 47 0
 100 000e 0446     		mov	r4, r0
 101 0010 68B9     		cbnz	r0, .L6
  48:I2C_Interface.c ****         {
  49:I2C_Interface.c ****             // Write address of register to be read
  50:I2C_Interface.c ****             error = I2C_Master_MasterWriteByte(register_address);
 102              		.loc 1 50 0
 103 0012 2846     		mov	r0, r5
 104              	.LVL5:
 105 0014 FFF7FEFF 		bl	I2C_Master_MasterWriteByte
 106              	.LVL6:
  51:I2C_Interface.c ****             if (error == I2C_Master_MSTR_NO_ERROR)
 107              		.loc 1 51 0
 108 0018 0446     		mov	r4, r0
 109 001a 40B9     		cbnz	r0, .L6
  52:I2C_Interface.c ****             {
  53:I2C_Interface.c ****                 // Send restart condition
  54:I2C_Interface.c ****                 error = I2C_Master_MasterSendRestart(device_address, I2C_Master_READ_XFER_MODE);
 110              		.loc 1 54 0
 111 001c 0121     		movs	r1, #1
 112 001e 3046     		mov	r0, r6
 113              	.LVL7:
 114 0020 FFF7FEFF 		bl	I2C_Master_MasterSendRestart
 115              	.LVL8:
  55:I2C_Interface.c ****                 if (error == I2C_Master_MSTR_NO_ERROR)
 116              		.loc 1 55 0
ARM GAS  C:\Users\Riccardo\AppData\Local\Temp\cc2w0Dmm.s 			page 4


 117 0024 0446     		mov	r4, r0
 118 0026 10B9     		cbnz	r0, .L6
  56:I2C_Interface.c ****                 {
  57:I2C_Interface.c ****                     // Read data without acknowledgement
  58:I2C_Interface.c ****                     *data = I2C_Master_MasterReadByte(I2C_Master_NAK_DATA);
 119              		.loc 1 58 0
 120 0028 FFF7FEFF 		bl	I2C_Master_MasterReadByte
 121              	.LVL9:
 122 002c 3870     		strb	r0, [r7]
 123              	.L6:
 124              	.LVL10:
  59:I2C_Interface.c ****                 }
  60:I2C_Interface.c ****             }
  61:I2C_Interface.c ****         }
  62:I2C_Interface.c ****         // Send stop condition
  63:I2C_Interface.c ****         I2C_Master_MasterSendStop();
 125              		.loc 1 63 0
 126 002e FFF7FEFF 		bl	I2C_Master_MasterSendStop
 127              	.LVL11:
  64:I2C_Interface.c ****         // Return error code
  65:I2C_Interface.c ****         return error ? ERROR : NO_ERROR;
  66:I2C_Interface.c ****     }
 128              		.loc 1 66 0
 129 0032 201C     		adds	r0, r4, #0
 130 0034 18BF     		it	ne
 131 0036 0120     		movne	r0, #1
 132 0038 F8BD     		pop	{r3, r4, r5, r6, r7, pc}
 133              		.cfi_endproc
 134              	.LFE2:
 135              		.size	I2C_Peripheral_ReadRegister, .-I2C_Peripheral_ReadRegister
 136 003a 00BF     		.section	.text.I2C_Peripheral_ReadRegisterMulti,"ax",%progbits
 137              		.align	2
 138              		.global	I2C_Peripheral_ReadRegisterMulti
 139              		.thumb
 140              		.thumb_func
 141              		.type	I2C_Peripheral_ReadRegisterMulti, %function
 142              	I2C_Peripheral_ReadRegisterMulti:
 143              	.LFB3:
  67:I2C_Interface.c ****     
  68:I2C_Interface.c ****     ErrorCode I2C_Peripheral_ReadRegisterMulti(uint8_t device_address,
  69:I2C_Interface.c ****                                                 uint8_t register_address,
  70:I2C_Interface.c ****                                                 uint8_t register_count,
  71:I2C_Interface.c ****                                                 uint8_t* data)
  72:I2C_Interface.c ****     {
 144              		.loc 1 72 0
 145              		.cfi_startproc
 146              		@ args = 0, pretend = 0, frame = 0
 147              		@ frame_needed = 0, uses_anonymous_args = 0
 148              	.LVL12:
 149 0000 2DE9F041 		push	{r4, r5, r6, r7, r8, lr}
 150              		.cfi_def_cfa_offset 24
 151              		.cfi_offset 4, -24
 152              		.cfi_offset 5, -20
 153              		.cfi_offset 6, -16
 154              		.cfi_offset 7, -12
 155              		.cfi_offset 8, -8
 156              		.cfi_offset 14, -4
ARM GAS  C:\Users\Riccardo\AppData\Local\Temp\cc2w0Dmm.s 			page 5


 157 0004 8046     		mov	r8, r0
 158 0006 0F46     		mov	r7, r1
 159 0008 1446     		mov	r4, r2
 160 000a 1E46     		mov	r6, r3
  73:I2C_Interface.c ****         // Send start condition
  74:I2C_Interface.c ****         uint8_t error = I2C_Master_MasterSendStart(device_address,I2C_Master_WRITE_XFER_MODE);
 161              		.loc 1 74 0
 162 000c 0021     		movs	r1, #0
 163              	.LVL13:
 164 000e FFF7FEFF 		bl	I2C_Master_MasterSendStart
 165              	.LVL14:
  75:I2C_Interface.c ****         if (error == I2C_Master_MSTR_NO_ERROR)
 166              		.loc 1 75 0
 167 0012 0546     		mov	r5, r0
 168 0014 D0B9     		cbnz	r0, .L9
  76:I2C_Interface.c ****         {
  77:I2C_Interface.c ****             // Write address of register to be read
  78:I2C_Interface.c ****             error = I2C_Master_MasterWriteByte(register_address|(0x80));
 169              		.loc 1 78 0
 170 0016 47F08000 		orr	r0, r7, #128
 171              	.LVL15:
 172 001a FFF7FEFF 		bl	I2C_Master_MasterWriteByte
 173              	.LVL16:
  79:I2C_Interface.c ****             if (error == I2C_Master_MSTR_NO_ERROR)
 174              		.loc 1 79 0
 175 001e 0546     		mov	r5, r0
 176 0020 A0B9     		cbnz	r0, .L9
  80:I2C_Interface.c ****             {
  81:I2C_Interface.c ****                 // Send restart condition
  82:I2C_Interface.c ****                 error = I2C_Master_MasterSendRestart(device_address, I2C_Master_READ_XFER_MODE);
 177              		.loc 1 82 0
 178 0022 0121     		movs	r1, #1
 179 0024 4046     		mov	r0, r8
 180              	.LVL17:
 181 0026 FFF7FEFF 		bl	I2C_Master_MasterSendRestart
 182              	.LVL18:
  83:I2C_Interface.c ****                 if (error == I2C_Master_MSTR_NO_ERROR)
 183              		.loc 1 83 0
 184 002a 0546     		mov	r5, r0
 185 002c 70B9     		cbnz	r0, .L9
  84:I2C_Interface.c ****                 {
  85:I2C_Interface.c ****                     register_count = register_count-1; // Start counting from 0
 186              		.loc 1 85 0
 187 002e 013C     		subs	r4, r4, #1
 188 0030 E4B2     		uxtb	r4, r4
 189              	.LVL19:
  86:I2C_Interface.c ****                     while(register_count!=0){
 190              		.loc 1 86 0
 191 0032 05E0     		b	.L10
 192              	.LVL20:
 193              	.L11:
  87:I2C_Interface.c ****                         data[register_count] = I2C_Master_MasterReadByte(I2C_Master_ACK_DATA);
 194              		.loc 1 87 0
 195 0034 0120     		movs	r0, #1
 196 0036 FFF7FEFF 		bl	I2C_Master_MasterReadByte
 197              	.LVL21:
 198 003a 3055     		strb	r0, [r6, r4]
ARM GAS  C:\Users\Riccardo\AppData\Local\Temp\cc2w0Dmm.s 			page 6


  88:I2C_Interface.c ****                         register_count--;
 199              		.loc 1 88 0
 200 003c 013C     		subs	r4, r4, #1
 201              	.LVL22:
 202 003e E4B2     		uxtb	r4, r4
 203              	.LVL23:
 204              	.L10:
  86:I2C_Interface.c ****                     while(register_count!=0){
 205              		.loc 1 86 0
 206 0040 002C     		cmp	r4, #0
 207 0042 F7D1     		bne	.L11
  89:I2C_Interface.c ****                     }
  90:I2C_Interface.c ****                     data[0] = I2C_Master_MasterReadByte(I2C_Master_NAK_DATA);
 208              		.loc 1 90 0
 209 0044 0020     		movs	r0, #0
 210 0046 FFF7FEFF 		bl	I2C_Master_MasterReadByte
 211              	.LVL24:
 212 004a 3070     		strb	r0, [r6]
 213              	.LVL25:
 214              	.L9:
  91:I2C_Interface.c ****                     
  92:I2C_Interface.c ****                 }
  93:I2C_Interface.c ****             }
  94:I2C_Interface.c ****         }
  95:I2C_Interface.c ****         // Send stop condition
  96:I2C_Interface.c ****         I2C_Master_MasterSendStop();
 215              		.loc 1 96 0
 216 004c FFF7FEFF 		bl	I2C_Master_MasterSendStop
 217              	.LVL26:
  97:I2C_Interface.c ****         // Return error code
  98:I2C_Interface.c ****         return error ? ERROR : NO_ERROR;
  99:I2C_Interface.c ****     }
 218              		.loc 1 99 0
 219 0050 281C     		adds	r0, r5, #0
 220 0052 18BF     		it	ne
 221 0054 0120     		movne	r0, #1
 222 0056 BDE8F081 		pop	{r4, r5, r6, r7, r8, pc}
 223              		.cfi_endproc
 224              	.LFE3:
 225              		.size	I2C_Peripheral_ReadRegisterMulti, .-I2C_Peripheral_ReadRegisterMulti
 226 005a 00BF     		.section	.text.I2C_Peripheral_WriteRegister,"ax",%progbits
 227              		.align	2
 228              		.global	I2C_Peripheral_WriteRegister
 229              		.thumb
 230              		.thumb_func
 231              		.type	I2C_Peripheral_WriteRegister, %function
 232              	I2C_Peripheral_WriteRegister:
 233              	.LFB4:
 100:I2C_Interface.c ****     
 101:I2C_Interface.c ****     ErrorCode I2C_Peripheral_WriteRegister(uint8_t device_address,
 102:I2C_Interface.c ****                                             uint8_t register_address,
 103:I2C_Interface.c ****                                             uint8_t data)
 104:I2C_Interface.c ****     {
 234              		.loc 1 104 0
 235              		.cfi_startproc
 236              		@ args = 0, pretend = 0, frame = 0
 237              		@ frame_needed = 0, uses_anonymous_args = 0
ARM GAS  C:\Users\Riccardo\AppData\Local\Temp\cc2w0Dmm.s 			page 7


 238              	.LVL27:
 239 0000 70B5     		push	{r4, r5, r6, lr}
 240              		.cfi_def_cfa_offset 16
 241              		.cfi_offset 4, -16
 242              		.cfi_offset 5, -12
 243              		.cfi_offset 6, -8
 244              		.cfi_offset 14, -4
 245 0002 0D46     		mov	r5, r1
 246 0004 1646     		mov	r6, r2
 105:I2C_Interface.c ****         // Send start condition
 106:I2C_Interface.c ****         uint8_t error = I2C_Master_MasterSendStart(device_address, I2C_Master_WRITE_XFER_MODE);
 247              		.loc 1 106 0
 248 0006 0021     		movs	r1, #0
 249              	.LVL28:
 250 0008 FFF7FEFF 		bl	I2C_Master_MasterSendStart
 251              	.LVL29:
 107:I2C_Interface.c ****         if (error == I2C_Master_MSTR_NO_ERROR)
 252              		.loc 1 107 0
 253 000c 0446     		mov	r4, r0
 254 000e 40B9     		cbnz	r0, .L14
 108:I2C_Interface.c ****         {
 109:I2C_Interface.c ****             // Write register address
 110:I2C_Interface.c ****             error = I2C_Master_MasterWriteByte(register_address);
 255              		.loc 1 110 0
 256 0010 2846     		mov	r0, r5
 257              	.LVL30:
 258 0012 FFF7FEFF 		bl	I2C_Master_MasterWriteByte
 259              	.LVL31:
 111:I2C_Interface.c ****             if (error == I2C_Master_MSTR_NO_ERROR)
 260              		.loc 1 111 0
 261 0016 0446     		mov	r4, r0
 262 0018 18B9     		cbnz	r0, .L14
 112:I2C_Interface.c ****             {
 113:I2C_Interface.c ****                 // Write byte of interest
 114:I2C_Interface.c ****                 error = I2C_Master_MasterWriteByte(data);
 263              		.loc 1 114 0
 264 001a 3046     		mov	r0, r6
 265              	.LVL32:
 266 001c FFF7FEFF 		bl	I2C_Master_MasterWriteByte
 267              	.LVL33:
 268 0020 0446     		mov	r4, r0
 269              	.LVL34:
 270              	.L14:
 115:I2C_Interface.c ****             }
 116:I2C_Interface.c ****         }
 117:I2C_Interface.c ****         // Send stop condition
 118:I2C_Interface.c ****         I2C_Master_MasterSendStop();
 271              		.loc 1 118 0
 272 0022 FFF7FEFF 		bl	I2C_Master_MasterSendStop
 273              	.LVL35:
 119:I2C_Interface.c ****         // Return error code
 120:I2C_Interface.c ****         return error ? ERROR : NO_ERROR;
 121:I2C_Interface.c ****     }
 274              		.loc 1 121 0
 275 0026 201C     		adds	r0, r4, #0
 276 0028 18BF     		it	ne
 277 002a 0120     		movne	r0, #1
ARM GAS  C:\Users\Riccardo\AppData\Local\Temp\cc2w0Dmm.s 			page 8


 278 002c 70BD     		pop	{r4, r5, r6, pc}
 279              		.cfi_endproc
 280              	.LFE4:
 281              		.size	I2C_Peripheral_WriteRegister, .-I2C_Peripheral_WriteRegister
 282 002e 00BF     		.section	.text.I2C_Peripheral_WriteRegisterMulti,"ax",%progbits
 283              		.align	2
 284              		.global	I2C_Peripheral_WriteRegisterMulti
 285              		.thumb
 286              		.thumb_func
 287              		.type	I2C_Peripheral_WriteRegisterMulti, %function
 288              	I2C_Peripheral_WriteRegisterMulti:
 289              	.LFB5:
 122:I2C_Interface.c ****     
 123:I2C_Interface.c ****     ErrorCode I2C_Peripheral_WriteRegisterMulti(uint8_t device_address,
 124:I2C_Interface.c ****                                             uint8_t register_address,
 125:I2C_Interface.c ****                                             uint8_t register_count,
 126:I2C_Interface.c ****                                             uint8_t* data)
 127:I2C_Interface.c ****     {
 290              		.loc 1 127 0
 291              		.cfi_startproc
 292              		@ args = 0, pretend = 0, frame = 0
 293              		@ frame_needed = 0, uses_anonymous_args = 0
 294              	.LVL36:
 295 0000 F8B5     		push	{r3, r4, r5, r6, r7, lr}
 296              		.cfi_def_cfa_offset 24
 297              		.cfi_offset 3, -24
 298              		.cfi_offset 4, -20
 299              		.cfi_offset 5, -16
 300              		.cfi_offset 6, -12
 301              		.cfi_offset 7, -8
 302              		.cfi_offset 14, -4
 303 0002 0E46     		mov	r6, r1
 304 0004 1546     		mov	r5, r2
 305 0006 1F46     		mov	r7, r3
 128:I2C_Interface.c ****         // Send start condition
 129:I2C_Interface.c ****         uint8_t error = I2C_Master_MasterSendStart(device_address, I2C_Master_WRITE_XFER_MODE);
 306              		.loc 1 129 0
 307 0008 0021     		movs	r1, #0
 308              	.LVL37:
 309 000a FFF7FEFF 		bl	I2C_Master_MasterSendStart
 310              	.LVL38:
 130:I2C_Interface.c ****         if (error == I2C_Master_MSTR_NO_ERROR)
 311              		.loc 1 130 0
 312 000e 0446     		mov	r4, r0
 313 0010 68B9     		cbnz	r0, .L17
 131:I2C_Interface.c ****         {
 132:I2C_Interface.c ****             // Write register address
 133:I2C_Interface.c ****             error = I2C_Master_MasterWriteByte(register_address);
 314              		.loc 1 133 0
 315 0012 3046     		mov	r0, r6
 316              	.LVL39:
 317 0014 FFF7FEFF 		bl	I2C_Master_MasterWriteByte
 318              	.LVL40:
 134:I2C_Interface.c ****             if (error == I2C_Master_MSTR_NO_ERROR)
 319              		.loc 1 134 0
 320 0018 0446     		mov	r4, r0
 321 001a 40B9     		cbnz	r0, .L17
ARM GAS  C:\Users\Riccardo\AppData\Local\Temp\cc2w0Dmm.s 			page 9


 135:I2C_Interface.c ****             {
 136:I2C_Interface.c ****                 // Write byte of interest
 137:I2C_Interface.c ****                 register_count=register_count-1;
 322              		.loc 1 137 0
 323 001c 013D     		subs	r5, r5, #1
 324 001e EDB2     		uxtb	r5, r5
 325              	.LVL41:
 138:I2C_Interface.c ****                 while(register_address>0){
 326              		.loc 1 138 0
 327 0020 03E0     		b	.L18
 328              	.LVL42:
 329              	.L19:
 139:I2C_Interface.c ****                 error = I2C_Master_MasterWriteByte(data[register_count]);
 330              		.loc 1 139 0
 331 0022 785D     		ldrb	r0, [r7, r5]	@ zero_extendqisi2
 332 0024 FFF7FEFF 		bl	I2C_Master_MasterWriteByte
 333              	.LVL43:
 334 0028 0446     		mov	r4, r0
 335              	.LVL44:
 336              	.L18:
 138:I2C_Interface.c ****                 while(register_address>0){
 337              		.loc 1 138 0
 338 002a 002E     		cmp	r6, #0
 339 002c F9D1     		bne	.L19
 340              	.LVL45:
 341              	.L17:
 140:I2C_Interface.c ****                 }
 141:I2C_Interface.c ****             }
 142:I2C_Interface.c ****         }
 143:I2C_Interface.c ****         // Send stop condition
 144:I2C_Interface.c ****         I2C_Master_MasterSendStop();
 342              		.loc 1 144 0
 343 002e FFF7FEFF 		bl	I2C_Master_MasterSendStop
 344              	.LVL46:
 145:I2C_Interface.c ****         // Return error code
 146:I2C_Interface.c ****         return error ? ERROR : NO_ERROR;
 147:I2C_Interface.c ****     }
 345              		.loc 1 147 0
 346 0032 201C     		adds	r0, r4, #0
 347 0034 18BF     		it	ne
 348 0036 0120     		movne	r0, #1
 349 0038 F8BD     		pop	{r3, r4, r5, r6, r7, pc}
 350              		.cfi_endproc
 351              	.LFE5:
 352              		.size	I2C_Peripheral_WriteRegisterMulti, .-I2C_Peripheral_WriteRegisterMulti
 353 003a 00BF     		.section	.text.I2C_Peripheral_IsDeviceConnected,"ax",%progbits
 354              		.align	2
 355              		.global	I2C_Peripheral_IsDeviceConnected
 356              		.thumb
 357              		.thumb_func
 358              		.type	I2C_Peripheral_IsDeviceConnected, %function
 359              	I2C_Peripheral_IsDeviceConnected:
 360              	.LFB6:
 148:I2C_Interface.c ****     
 149:I2C_Interface.c ****     
 150:I2C_Interface.c ****     
 151:I2C_Interface.c ****     uint8_t I2C_Peripheral_IsDeviceConnected(uint8_t device_address)
ARM GAS  C:\Users\Riccardo\AppData\Local\Temp\cc2w0Dmm.s 			page 10


 152:I2C_Interface.c ****     {
 361              		.loc 1 152 0
 362              		.cfi_startproc
 363              		@ args = 0, pretend = 0, frame = 0
 364              		@ frame_needed = 0, uses_anonymous_args = 0
 365              	.LVL47:
 366 0000 10B5     		push	{r4, lr}
 367              		.cfi_def_cfa_offset 8
 368              		.cfi_offset 4, -8
 369              		.cfi_offset 14, -4
 153:I2C_Interface.c ****         // Send a start condition followed by a stop condition
 154:I2C_Interface.c ****         uint8_t error = I2C_Master_MasterSendStart(device_address, I2C_Master_WRITE_XFER_MODE);
 370              		.loc 1 154 0
 371 0002 0021     		movs	r1, #0
 372 0004 FFF7FEFF 		bl	I2C_Master_MasterSendStart
 373              	.LVL48:
 374 0008 0446     		mov	r4, r0
 375              	.LVL49:
 155:I2C_Interface.c ****         I2C_Master_MasterSendStop();
 376              		.loc 1 155 0
 377 000a FFF7FEFF 		bl	I2C_Master_MasterSendStop
 378              	.LVL50:
 156:I2C_Interface.c ****         // If no error generated during stop, device is connected
 157:I2C_Interface.c ****         if (error == I2C_Master_MSTR_NO_ERROR)
 379              		.loc 1 157 0
 380 000e 0CB9     		cbnz	r4, .L23
 158:I2C_Interface.c ****         {
 159:I2C_Interface.c ****             return DEVICE_CONNECTED;
 381              		.loc 1 159 0
 382 0010 0120     		movs	r0, #1
 383 0012 10BD     		pop	{r4, pc}
 384              	.LVL51:
 385              	.L23:
 160:I2C_Interface.c ****         }
 161:I2C_Interface.c ****         return DEVICE_UNCONNECTED;
 386              		.loc 1 161 0
 387 0014 0020     		movs	r0, #0
 162:I2C_Interface.c ****     }
 388              		.loc 1 162 0
 389 0016 10BD     		pop	{r4, pc}
 390              		.cfi_endproc
 391              	.LFE6:
 392              		.size	I2C_Peripheral_IsDeviceConnected, .-I2C_Peripheral_IsDeviceConnected
 393              		.text
 394              	.Letext0:
 395              		.file 2 "c:\\program files (x86)\\cypress\\psoc creator\\4.3\\psoc creator\\import\\gnu\\arm\\5.4.
 396              		.file 3 "c:\\program files (x86)\\cypress\\psoc creator\\4.3\\psoc creator\\import\\gnu\\arm\\5.4.
 397              		.file 4 "ErrorCodes.h"
 398              		.file 5 "Generated_Source\\PSoC5/I2C_Master.h"
 399              		.section	.debug_info,"",%progbits
 400              	.Ldebug_info0:
 401 0000 7E040000 		.4byte	0x47e
 402 0004 0400     		.2byte	0x4
 403 0006 00000000 		.4byte	.Ldebug_abbrev0
 404 000a 04       		.byte	0x4
 405 000b 01       		.uleb128 0x1
 406 000c 18010000 		.4byte	.LASF38
ARM GAS  C:\Users\Riccardo\AppData\Local\Temp\cc2w0Dmm.s 			page 11


 407 0010 0C       		.byte	0xc
 408 0011 4E000000 		.4byte	.LASF39
 409 0015 94000000 		.4byte	.LASF40
 410 0019 00000000 		.4byte	.Ldebug_ranges0+0
 411 001d 00000000 		.4byte	0
 412 0021 00000000 		.4byte	.Ldebug_line0
 413 0025 02       		.uleb128 0x2
 414 0026 01       		.byte	0x1
 415 0027 06       		.byte	0x6
 416 0028 71030000 		.4byte	.LASF0
 417 002c 03       		.uleb128 0x3
 418 002d 00000000 		.4byte	.LASF9
 419 0031 02       		.byte	0x2
 420 0032 1D       		.byte	0x1d
 421 0033 37000000 		.4byte	0x37
 422 0037 02       		.uleb128 0x2
 423 0038 01       		.byte	0x1
 424 0039 08       		.byte	0x8
 425 003a 0A010000 		.4byte	.LASF1
 426 003e 02       		.uleb128 0x2
 427 003f 02       		.byte	0x2
 428 0040 05       		.byte	0x5
 429 0041 25030000 		.4byte	.LASF2
 430 0045 02       		.uleb128 0x2
 431 0046 02       		.byte	0x2
 432 0047 07       		.byte	0x7
 433 0048 C8010000 		.4byte	.LASF3
 434 004c 02       		.uleb128 0x2
 435 004d 04       		.byte	0x4
 436 004e 05       		.byte	0x5
 437 004f 57030000 		.4byte	.LASF4
 438 0053 02       		.uleb128 0x2
 439 0054 04       		.byte	0x4
 440 0055 07       		.byte	0x7
 441 0056 5F020000 		.4byte	.LASF5
 442 005a 02       		.uleb128 0x2
 443 005b 08       		.byte	0x8
 444 005c 05       		.byte	0x5
 445 005d CD020000 		.4byte	.LASF6
 446 0061 02       		.uleb128 0x2
 447 0062 08       		.byte	0x8
 448 0063 07       		.byte	0x7
 449 0064 7E020000 		.4byte	.LASF7
 450 0068 04       		.uleb128 0x4
 451 0069 04       		.byte	0x4
 452 006a 05       		.byte	0x5
 453 006b 696E7400 		.ascii	"int\000"
 454 006f 02       		.uleb128 0x2
 455 0070 04       		.byte	0x4
 456 0071 07       		.byte	0x7
 457 0072 71020000 		.4byte	.LASF8
 458 0076 03       		.uleb128 0x3
 459 0077 95020000 		.4byte	.LASF10
 460 007b 03       		.byte	0x3
 461 007c 18       		.byte	0x18
 462 007d 2C000000 		.4byte	0x2c
 463 0081 02       		.uleb128 0x2
ARM GAS  C:\Users\Riccardo\AppData\Local\Temp\cc2w0Dmm.s 			page 12


 464 0082 04       		.byte	0x4
 465 0083 04       		.byte	0x4
 466 0084 89000000 		.4byte	.LASF11
 467 0088 02       		.uleb128 0x2
 468 0089 08       		.byte	0x8
 469 008a 04       		.byte	0x4
 470 008b 1A020000 		.4byte	.LASF12
 471 008f 02       		.uleb128 0x2
 472 0090 01       		.byte	0x1
 473 0091 08       		.byte	0x8
 474 0092 60030000 		.4byte	.LASF13
 475 0096 05       		.uleb128 0x5
 476 0097 01       		.byte	0x1
 477 0098 37000000 		.4byte	0x37
 478 009c 04       		.byte	0x4
 479 009d 15       		.byte	0x15
 480 009e AF000000 		.4byte	0xaf
 481 00a2 06       		.uleb128 0x6
 482 00a3 4E030000 		.4byte	.LASF14
 483 00a7 00       		.byte	0
 484 00a8 06       		.uleb128 0x6
 485 00a9 9D020000 		.4byte	.LASF15
 486 00ad 01       		.byte	0x1
 487 00ae 00       		.byte	0
 488 00af 03       		.uleb128 0x3
 489 00b0 5E000000 		.4byte	.LASF16
 490 00b4 04       		.byte	0x4
 491 00b5 18       		.byte	0x18
 492 00b6 96000000 		.4byte	0x96
 493 00ba 02       		.uleb128 0x2
 494 00bb 08       		.byte	0x8
 495 00bc 04       		.byte	0x4
 496 00bd 65030000 		.4byte	.LASF17
 497 00c1 02       		.uleb128 0x2
 498 00c2 04       		.byte	0x4
 499 00c3 07       		.byte	0x7
 500 00c4 BE020000 		.4byte	.LASF18
 501 00c8 07       		.uleb128 0x7
 502 00c9 7D030000 		.4byte	.LASF19
 503 00cd 01       		.byte	0x1
 504 00ce 17       		.byte	0x17
 505 00cf AF000000 		.4byte	0xaf
 506 00d3 00000000 		.4byte	.LFB0
 507 00d7 0A000000 		.4byte	.LFE0-.LFB0
 508 00db 01       		.uleb128 0x1
 509 00dc 9C       		.byte	0x9c
 510 00dd EB000000 		.4byte	0xeb
 511 00e1 08       		.uleb128 0x8
 512 00e2 06000000 		.4byte	.LVL0
 513 00e6 34040000 		.4byte	0x434
 514 00ea 00       		.byte	0
 515 00eb 07       		.uleb128 0x7
 516 00ec F5020000 		.4byte	.LASF20
 517 00f0 01       		.byte	0x1
 518 00f1 21       		.byte	0x21
 519 00f2 AF000000 		.4byte	0xaf
 520 00f6 00000000 		.4byte	.LFB1
ARM GAS  C:\Users\Riccardo\AppData\Local\Temp\cc2w0Dmm.s 			page 13


 521 00fa 0A000000 		.4byte	.LFE1-.LFB1
 522 00fe 01       		.uleb128 0x1
 523 00ff 9C       		.byte	0x9c
 524 0100 0E010000 		.4byte	0x10e
 525 0104 08       		.uleb128 0x8
 526 0105 06000000 		.4byte	.LVL1
 527 0109 3F040000 		.4byte	0x43f
 528 010d 00       		.byte	0
 529 010e 07       		.uleb128 0x7
 530 010f 09030000 		.4byte	.LASF21
 531 0113 01       		.byte	0x1
 532 0114 29       		.byte	0x29
 533 0115 AF000000 		.4byte	0xaf
 534 0119 00000000 		.4byte	.LFB2
 535 011d 3A000000 		.4byte	.LFE2-.LFB2
 536 0121 01       		.uleb128 0x1
 537 0122 9C       		.byte	0x9c
 538 0123 C7010000 		.4byte	0x1c7
 539 0127 09       		.uleb128 0x9
 540 0128 2F030000 		.4byte	.LASF22
 541 012c 01       		.byte	0x1
 542 012d 29       		.byte	0x29
 543 012e 76000000 		.4byte	0x76
 544 0132 00000000 		.4byte	.LLST0
 545 0136 09       		.uleb128 0x9
 546 0137 DB010000 		.4byte	.LASF23
 547 013b 01       		.byte	0x1
 548 013c 2A       		.byte	0x2a
 549 013d 76000000 		.4byte	0x76
 550 0141 21000000 		.4byte	.LLST1
 551 0145 09       		.uleb128 0x9
 552 0146 8F000000 		.4byte	.LASF24
 553 014a 01       		.byte	0x1
 554 014b 2B       		.byte	0x2b
 555 014c C7010000 		.4byte	0x1c7
 556 0150 42000000 		.4byte	.LLST2
 557 0154 0A       		.uleb128 0xa
 558 0155 C7020000 		.4byte	.LASF27
 559 0159 01       		.byte	0x1
 560 015a 2E       		.byte	0x2e
 561 015b 76000000 		.4byte	0x76
 562 015f 60000000 		.4byte	.LLST3
 563 0163 0B       		.uleb128 0xb
 564 0164 0E000000 		.4byte	.LVL4
 565 0168 4A040000 		.4byte	0x44a
 566 016c 7C010000 		.4byte	0x17c
 567 0170 0C       		.uleb128 0xc
 568 0171 01       		.uleb128 0x1
 569 0172 50       		.byte	0x50
 570 0173 02       		.uleb128 0x2
 571 0174 76       		.byte	0x76
 572 0175 00       		.sleb128 0
 573 0176 0C       		.uleb128 0xc
 574 0177 01       		.uleb128 0x1
 575 0178 51       		.byte	0x51
 576 0179 01       		.uleb128 0x1
 577 017a 30       		.byte	0x30
ARM GAS  C:\Users\Riccardo\AppData\Local\Temp\cc2w0Dmm.s 			page 14


 578 017b 00       		.byte	0
 579 017c 0B       		.uleb128 0xb
 580 017d 18000000 		.4byte	.LVL6
 581 0181 55040000 		.4byte	0x455
 582 0185 90010000 		.4byte	0x190
 583 0189 0C       		.uleb128 0xc
 584 018a 01       		.uleb128 0x1
 585 018b 50       		.byte	0x50
 586 018c 02       		.uleb128 0x2
 587 018d 75       		.byte	0x75
 588 018e 00       		.sleb128 0
 589 018f 00       		.byte	0
 590 0190 0B       		.uleb128 0xb
 591 0191 24000000 		.4byte	.LVL8
 592 0195 60040000 		.4byte	0x460
 593 0199 A9010000 		.4byte	0x1a9
 594 019d 0C       		.uleb128 0xc
 595 019e 01       		.uleb128 0x1
 596 019f 50       		.byte	0x50
 597 01a0 02       		.uleb128 0x2
 598 01a1 76       		.byte	0x76
 599 01a2 00       		.sleb128 0
 600 01a3 0C       		.uleb128 0xc
 601 01a4 01       		.uleb128 0x1
 602 01a5 51       		.byte	0x51
 603 01a6 01       		.uleb128 0x1
 604 01a7 31       		.byte	0x31
 605 01a8 00       		.byte	0
 606 01a9 0B       		.uleb128 0xb
 607 01aa 2C000000 		.4byte	.LVL9
 608 01ae 6B040000 		.4byte	0x46b
 609 01b2 BD010000 		.4byte	0x1bd
 610 01b6 0C       		.uleb128 0xc
 611 01b7 01       		.uleb128 0x1
 612 01b8 50       		.byte	0x50
 613 01b9 02       		.uleb128 0x2
 614 01ba 74       		.byte	0x74
 615 01bb 00       		.sleb128 0
 616 01bc 00       		.byte	0
 617 01bd 08       		.uleb128 0x8
 618 01be 32000000 		.4byte	.LVL11
 619 01c2 76040000 		.4byte	0x476
 620 01c6 00       		.byte	0
 621 01c7 0D       		.uleb128 0xd
 622 01c8 04       		.byte	0x4
 623 01c9 76000000 		.4byte	0x76
 624 01cd 07       		.uleb128 0x7
 625 01ce 21020000 		.4byte	.LASF25
 626 01d2 01       		.byte	0x1
 627 01d3 44       		.byte	0x44
 628 01d4 AF000000 		.4byte	0xaf
 629 01d8 00000000 		.4byte	.LFB3
 630 01dc 5A000000 		.4byte	.LFE3-.LFB3
 631 01e0 01       		.uleb128 0x1
 632 01e1 9C       		.byte	0x9c
 633 01e2 AA020000 		.4byte	0x2aa
 634 01e6 09       		.uleb128 0x9
ARM GAS  C:\Users\Riccardo\AppData\Local\Temp\cc2w0Dmm.s 			page 15


 635 01e7 2F030000 		.4byte	.LASF22
 636 01eb 01       		.byte	0x1
 637 01ec 44       		.byte	0x44
 638 01ed 76000000 		.4byte	0x76
 639 01f1 94000000 		.4byte	.LLST4
 640 01f5 09       		.uleb128 0x9
 641 01f6 DB010000 		.4byte	.LASF23
 642 01fa 01       		.byte	0x1
 643 01fb 45       		.byte	0x45
 644 01fc 76000000 		.4byte	0x76
 645 0200 B5000000 		.4byte	.LLST5
 646 0204 09       		.uleb128 0x9
 647 0205 3F000000 		.4byte	.LASF26
 648 0209 01       		.byte	0x1
 649 020a 46       		.byte	0x46
 650 020b 76000000 		.4byte	0x76
 651 020f D6000000 		.4byte	.LLST6
 652 0213 09       		.uleb128 0x9
 653 0214 8F000000 		.4byte	.LASF24
 654 0218 01       		.byte	0x1
 655 0219 47       		.byte	0x47
 656 021a C7010000 		.4byte	0x1c7
 657 021e 0D010000 		.4byte	.LLST7
 658 0222 0A       		.uleb128 0xa
 659 0223 C7020000 		.4byte	.LASF27
 660 0227 01       		.byte	0x1
 661 0228 4A       		.byte	0x4a
 662 0229 76000000 		.4byte	0x76
 663 022d 2B010000 		.4byte	.LLST8
 664 0231 0B       		.uleb128 0xb
 665 0232 12000000 		.4byte	.LVL14
 666 0236 4A040000 		.4byte	0x44a
 667 023a 4A020000 		.4byte	0x24a
 668 023e 0C       		.uleb128 0xc
 669 023f 01       		.uleb128 0x1
 670 0240 50       		.byte	0x50
 671 0241 02       		.uleb128 0x2
 672 0242 78       		.byte	0x78
 673 0243 00       		.sleb128 0
 674 0244 0C       		.uleb128 0xc
 675 0245 01       		.uleb128 0x1
 676 0246 51       		.byte	0x51
 677 0247 01       		.uleb128 0x1
 678 0248 30       		.byte	0x30
 679 0249 00       		.byte	0
 680 024a 0B       		.uleb128 0xb
 681 024b 1E000000 		.4byte	.LVL16
 682 024f 55040000 		.4byte	0x455
 683 0253 61020000 		.4byte	0x261
 684 0257 0C       		.uleb128 0xc
 685 0258 01       		.uleb128 0x1
 686 0259 50       		.byte	0x50
 687 025a 05       		.uleb128 0x5
 688 025b 77       		.byte	0x77
 689 025c 00       		.sleb128 0
 690 025d 08       		.byte	0x8
 691 025e 80       		.byte	0x80
ARM GAS  C:\Users\Riccardo\AppData\Local\Temp\cc2w0Dmm.s 			page 16


 692 025f 21       		.byte	0x21
 693 0260 00       		.byte	0
 694 0261 0B       		.uleb128 0xb
 695 0262 2A000000 		.4byte	.LVL18
 696 0266 60040000 		.4byte	0x460
 697 026a 7A020000 		.4byte	0x27a
 698 026e 0C       		.uleb128 0xc
 699 026f 01       		.uleb128 0x1
 700 0270 50       		.byte	0x50
 701 0271 02       		.uleb128 0x2
 702 0272 78       		.byte	0x78
 703 0273 00       		.sleb128 0
 704 0274 0C       		.uleb128 0xc
 705 0275 01       		.uleb128 0x1
 706 0276 51       		.byte	0x51
 707 0277 01       		.uleb128 0x1
 708 0278 31       		.byte	0x31
 709 0279 00       		.byte	0
 710 027a 0B       		.uleb128 0xb
 711 027b 3A000000 		.4byte	.LVL21
 712 027f 6B040000 		.4byte	0x46b
 713 0283 8D020000 		.4byte	0x28d
 714 0287 0C       		.uleb128 0xc
 715 0288 01       		.uleb128 0x1
 716 0289 50       		.byte	0x50
 717 028a 01       		.uleb128 0x1
 718 028b 31       		.byte	0x31
 719 028c 00       		.byte	0
 720 028d 0B       		.uleb128 0xb
 721 028e 4A000000 		.4byte	.LVL24
 722 0292 6B040000 		.4byte	0x46b
 723 0296 A0020000 		.4byte	0x2a0
 724 029a 0C       		.uleb128 0xc
 725 029b 01       		.uleb128 0x1
 726 029c 50       		.byte	0x50
 727 029d 01       		.uleb128 0x1
 728 029e 30       		.byte	0x30
 729 029f 00       		.byte	0
 730 02a0 08       		.uleb128 0x8
 731 02a1 50000000 		.4byte	.LVL26
 732 02a5 76040000 		.4byte	0x476
 733 02a9 00       		.byte	0
 734 02aa 07       		.uleb128 0x7
 735 02ab 42020000 		.4byte	.LASF28
 736 02af 01       		.byte	0x1
 737 02b0 65       		.byte	0x65
 738 02b1 AF000000 		.4byte	0xaf
 739 02b5 00000000 		.4byte	.LFB4
 740 02b9 2E000000 		.4byte	.LFE4-.LFB4
 741 02bd 01       		.uleb128 0x1
 742 02be 9C       		.byte	0x9c
 743 02bf 44030000 		.4byte	0x344
 744 02c3 09       		.uleb128 0x9
 745 02c4 2F030000 		.4byte	.LASF22
 746 02c8 01       		.byte	0x1
 747 02c9 65       		.byte	0x65
 748 02ca 76000000 		.4byte	0x76
ARM GAS  C:\Users\Riccardo\AppData\Local\Temp\cc2w0Dmm.s 			page 17


 749 02ce 5F010000 		.4byte	.LLST9
 750 02d2 09       		.uleb128 0x9
 751 02d3 DB010000 		.4byte	.LASF23
 752 02d7 01       		.byte	0x1
 753 02d8 66       		.byte	0x66
 754 02d9 76000000 		.4byte	0x76
 755 02dd 80010000 		.4byte	.LLST10
 756 02e1 09       		.uleb128 0x9
 757 02e2 8F000000 		.4byte	.LASF24
 758 02e6 01       		.byte	0x1
 759 02e7 67       		.byte	0x67
 760 02e8 76000000 		.4byte	0x76
 761 02ec A1010000 		.4byte	.LLST11
 762 02f0 0A       		.uleb128 0xa
 763 02f1 C7020000 		.4byte	.LASF27
 764 02f5 01       		.byte	0x1
 765 02f6 6A       		.byte	0x6a
 766 02f7 76000000 		.4byte	0x76
 767 02fb C2010000 		.4byte	.LLST12
 768 02ff 0B       		.uleb128 0xb
 769 0300 0C000000 		.4byte	.LVL29
 770 0304 4A040000 		.4byte	0x44a
 771 0308 12030000 		.4byte	0x312
 772 030c 0C       		.uleb128 0xc
 773 030d 01       		.uleb128 0x1
 774 030e 51       		.byte	0x51
 775 030f 01       		.uleb128 0x1
 776 0310 30       		.byte	0x30
 777 0311 00       		.byte	0
 778 0312 0B       		.uleb128 0xb
 779 0313 16000000 		.4byte	.LVL31
 780 0317 55040000 		.4byte	0x455
 781 031b 26030000 		.4byte	0x326
 782 031f 0C       		.uleb128 0xc
 783 0320 01       		.uleb128 0x1
 784 0321 50       		.byte	0x50
 785 0322 02       		.uleb128 0x2
 786 0323 75       		.byte	0x75
 787 0324 00       		.sleb128 0
 788 0325 00       		.byte	0
 789 0326 0B       		.uleb128 0xb
 790 0327 20000000 		.4byte	.LVL33
 791 032b 55040000 		.4byte	0x455
 792 032f 3A030000 		.4byte	0x33a
 793 0333 0C       		.uleb128 0xc
 794 0334 01       		.uleb128 0x1
 795 0335 50       		.byte	0x50
 796 0336 02       		.uleb128 0x2
 797 0337 76       		.byte	0x76
 798 0338 00       		.sleb128 0
 799 0339 00       		.byte	0
 800 033a 08       		.uleb128 0x8
 801 033b 26000000 		.4byte	.LVL35
 802 033f 76040000 		.4byte	0x476
 803 0343 00       		.byte	0
 804 0344 07       		.uleb128 0x7
 805 0345 A6010000 		.4byte	.LASF29
ARM GAS  C:\Users\Riccardo\AppData\Local\Temp\cc2w0Dmm.s 			page 18


 806 0349 01       		.byte	0x1
 807 034a 7B       		.byte	0x7b
 808 034b AF000000 		.4byte	0xaf
 809 034f 00000000 		.4byte	.LFB5
 810 0353 3A000000 		.4byte	.LFE5-.LFB5
 811 0357 01       		.uleb128 0x1
 812 0358 9C       		.byte	0x9c
 813 0359 E2030000 		.4byte	0x3e2
 814 035d 09       		.uleb128 0x9
 815 035e 2F030000 		.4byte	.LASF22
 816 0362 01       		.byte	0x1
 817 0363 7B       		.byte	0x7b
 818 0364 76000000 		.4byte	0x76
 819 0368 EB010000 		.4byte	.LLST13
 820 036c 09       		.uleb128 0x9
 821 036d DB010000 		.4byte	.LASF23
 822 0371 01       		.byte	0x1
 823 0372 7C       		.byte	0x7c
 824 0373 76000000 		.4byte	0x76
 825 0377 0C020000 		.4byte	.LLST14
 826 037b 09       		.uleb128 0x9
 827 037c 3F000000 		.4byte	.LASF26
 828 0380 01       		.byte	0x1
 829 0381 7D       		.byte	0x7d
 830 0382 76000000 		.4byte	0x76
 831 0386 2D020000 		.4byte	.LLST15
 832 038a 09       		.uleb128 0x9
 833 038b 8F000000 		.4byte	.LASF24
 834 038f 01       		.byte	0x1
 835 0390 7E       		.byte	0x7e
 836 0391 C7010000 		.4byte	0x1c7
 837 0395 59020000 		.4byte	.LLST16
 838 0399 0A       		.uleb128 0xa
 839 039a C7020000 		.4byte	.LASF27
 840 039e 01       		.byte	0x1
 841 039f 81       		.byte	0x81
 842 03a0 76000000 		.4byte	0x76
 843 03a4 77020000 		.4byte	.LLST17
 844 03a8 0B       		.uleb128 0xb
 845 03a9 0E000000 		.4byte	.LVL38
 846 03ad 4A040000 		.4byte	0x44a
 847 03b1 BB030000 		.4byte	0x3bb
 848 03b5 0C       		.uleb128 0xc
 849 03b6 01       		.uleb128 0x1
 850 03b7 51       		.byte	0x51
 851 03b8 01       		.uleb128 0x1
 852 03b9 30       		.byte	0x30
 853 03ba 00       		.byte	0
 854 03bb 0B       		.uleb128 0xb
 855 03bc 18000000 		.4byte	.LVL40
 856 03c0 55040000 		.4byte	0x455
 857 03c4 CF030000 		.4byte	0x3cf
 858 03c8 0C       		.uleb128 0xc
 859 03c9 01       		.uleb128 0x1
 860 03ca 50       		.byte	0x50
 861 03cb 02       		.uleb128 0x2
 862 03cc 76       		.byte	0x76
ARM GAS  C:\Users\Riccardo\AppData\Local\Temp\cc2w0Dmm.s 			page 19


 863 03cd 00       		.sleb128 0
 864 03ce 00       		.byte	0
 865 03cf 08       		.uleb128 0x8
 866 03d0 28000000 		.4byte	.LVL43
 867 03d4 55040000 		.4byte	0x455
 868 03d8 08       		.uleb128 0x8
 869 03d9 32000000 		.4byte	.LVL46
 870 03dd 76040000 		.4byte	0x476
 871 03e1 00       		.byte	0
 872 03e2 07       		.uleb128 0x7
 873 03e3 68000000 		.4byte	.LASF30
 874 03e7 01       		.byte	0x1
 875 03e8 97       		.byte	0x97
 876 03e9 76000000 		.4byte	0x76
 877 03ed 00000000 		.4byte	.LFB6
 878 03f1 18000000 		.4byte	.LFE6-.LFB6
 879 03f5 01       		.uleb128 0x1
 880 03f6 9C       		.byte	0x9c
 881 03f7 34040000 		.4byte	0x434
 882 03fb 09       		.uleb128 0x9
 883 03fc 2F030000 		.4byte	.LASF22
 884 0400 01       		.byte	0x1
 885 0401 97       		.byte	0x97
 886 0402 76000000 		.4byte	0x76
 887 0406 A0020000 		.4byte	.LLST18
 888 040a 0E       		.uleb128 0xe
 889 040b C7020000 		.4byte	.LASF27
 890 040f 01       		.byte	0x1
 891 0410 9A       		.byte	0x9a
 892 0411 76000000 		.4byte	0x76
 893 0415 01       		.uleb128 0x1
 894 0416 54       		.byte	0x54
 895 0417 0B       		.uleb128 0xb
 896 0418 08000000 		.4byte	.LVL48
 897 041c 4A040000 		.4byte	0x44a
 898 0420 2A040000 		.4byte	0x42a
 899 0424 0C       		.uleb128 0xc
 900 0425 01       		.uleb128 0x1
 901 0426 51       		.byte	0x51
 902 0427 01       		.uleb128 0x1
 903 0428 30       		.byte	0x30
 904 0429 00       		.byte	0
 905 042a 08       		.uleb128 0x8
 906 042b 0E000000 		.4byte	.LVL50
 907 042f 76040000 		.4byte	0x476
 908 0433 00       		.byte	0
 909 0434 0F       		.uleb128 0xf
 910 0435 09020000 		.4byte	.LASF31
 911 0439 09020000 		.4byte	.LASF31
 912 043d 05       		.byte	0x5
 913 043e 93       		.byte	0x93
 914 043f 0F       		.uleb128 0xf
 915 0440 3E030000 		.4byte	.LASF32
 916 0444 3E030000 		.4byte	.LASF32
 917 0448 05       		.byte	0x5
 918 0449 94       		.byte	0x94
 919 044a 0F       		.uleb128 0xf
ARM GAS  C:\Users\Riccardo\AppData\Local\Temp\cc2w0Dmm.s 			page 20


 920 044b A3020000 		.4byte	.LASF33
 921 044f A3020000 		.4byte	.LASF33
 922 0453 05       		.byte	0x5
 923 0454 B1       		.byte	0xb1
 924 0455 0F       		.uleb128 0xf
 925 0456 24000000 		.4byte	.LASF34
 926 045a 24000000 		.4byte	.LASF34
 927 045e 05       		.byte	0x5
 928 045f B6       		.byte	0xb6
 929 0460 0F       		.uleb128 0xf
 930 0461 EC010000 		.4byte	.LASF35
 931 0465 EC010000 		.4byte	.LASF35
 932 0469 05       		.byte	0x5
 933 046a B3       		.byte	0xb3
 934 046b 0F       		.uleb128 0xf
 935 046c 0A000000 		.4byte	.LASF36
 936 0470 0A000000 		.4byte	.LASF36
 937 0474 05       		.byte	0x5
 938 0475 B7       		.byte	0xb7
 939 0476 0F       		.uleb128 0xf
 940 0477 DB020000 		.4byte	.LASF37
 941 047b DB020000 		.4byte	.LASF37
 942 047f 05       		.byte	0x5
 943 0480 B5       		.byte	0xb5
 944 0481 00       		.byte	0
 945              		.section	.debug_abbrev,"",%progbits
 946              	.Ldebug_abbrev0:
 947 0000 01       		.uleb128 0x1
 948 0001 11       		.uleb128 0x11
 949 0002 01       		.byte	0x1
 950 0003 25       		.uleb128 0x25
 951 0004 0E       		.uleb128 0xe
 952 0005 13       		.uleb128 0x13
 953 0006 0B       		.uleb128 0xb
 954 0007 03       		.uleb128 0x3
 955 0008 0E       		.uleb128 0xe
 956 0009 1B       		.uleb128 0x1b
 957 000a 0E       		.uleb128 0xe
 958 000b 55       		.uleb128 0x55
 959 000c 17       		.uleb128 0x17
 960 000d 11       		.uleb128 0x11
 961 000e 01       		.uleb128 0x1
 962 000f 10       		.uleb128 0x10
 963 0010 17       		.uleb128 0x17
 964 0011 00       		.byte	0
 965 0012 00       		.byte	0
 966 0013 02       		.uleb128 0x2
 967 0014 24       		.uleb128 0x24
 968 0015 00       		.byte	0
 969 0016 0B       		.uleb128 0xb
 970 0017 0B       		.uleb128 0xb
 971 0018 3E       		.uleb128 0x3e
 972 0019 0B       		.uleb128 0xb
 973 001a 03       		.uleb128 0x3
 974 001b 0E       		.uleb128 0xe
 975 001c 00       		.byte	0
 976 001d 00       		.byte	0
ARM GAS  C:\Users\Riccardo\AppData\Local\Temp\cc2w0Dmm.s 			page 21


 977 001e 03       		.uleb128 0x3
 978 001f 16       		.uleb128 0x16
 979 0020 00       		.byte	0
 980 0021 03       		.uleb128 0x3
 981 0022 0E       		.uleb128 0xe
 982 0023 3A       		.uleb128 0x3a
 983 0024 0B       		.uleb128 0xb
 984 0025 3B       		.uleb128 0x3b
 985 0026 0B       		.uleb128 0xb
 986 0027 49       		.uleb128 0x49
 987 0028 13       		.uleb128 0x13
 988 0029 00       		.byte	0
 989 002a 00       		.byte	0
 990 002b 04       		.uleb128 0x4
 991 002c 24       		.uleb128 0x24
 992 002d 00       		.byte	0
 993 002e 0B       		.uleb128 0xb
 994 002f 0B       		.uleb128 0xb
 995 0030 3E       		.uleb128 0x3e
 996 0031 0B       		.uleb128 0xb
 997 0032 03       		.uleb128 0x3
 998 0033 08       		.uleb128 0x8
 999 0034 00       		.byte	0
 1000 0035 00       		.byte	0
 1001 0036 05       		.uleb128 0x5
 1002 0037 04       		.uleb128 0x4
 1003 0038 01       		.byte	0x1
 1004 0039 0B       		.uleb128 0xb
 1005 003a 0B       		.uleb128 0xb
 1006 003b 49       		.uleb128 0x49
 1007 003c 13       		.uleb128 0x13
 1008 003d 3A       		.uleb128 0x3a
 1009 003e 0B       		.uleb128 0xb
 1010 003f 3B       		.uleb128 0x3b
 1011 0040 0B       		.uleb128 0xb
 1012 0041 01       		.uleb128 0x1
 1013 0042 13       		.uleb128 0x13
 1014 0043 00       		.byte	0
 1015 0044 00       		.byte	0
 1016 0045 06       		.uleb128 0x6
 1017 0046 28       		.uleb128 0x28
 1018 0047 00       		.byte	0
 1019 0048 03       		.uleb128 0x3
 1020 0049 0E       		.uleb128 0xe
 1021 004a 1C       		.uleb128 0x1c
 1022 004b 0B       		.uleb128 0xb
 1023 004c 00       		.byte	0
 1024 004d 00       		.byte	0
 1025 004e 07       		.uleb128 0x7
 1026 004f 2E       		.uleb128 0x2e
 1027 0050 01       		.byte	0x1
 1028 0051 3F       		.uleb128 0x3f
 1029 0052 19       		.uleb128 0x19
 1030 0053 03       		.uleb128 0x3
 1031 0054 0E       		.uleb128 0xe
 1032 0055 3A       		.uleb128 0x3a
 1033 0056 0B       		.uleb128 0xb
ARM GAS  C:\Users\Riccardo\AppData\Local\Temp\cc2w0Dmm.s 			page 22


 1034 0057 3B       		.uleb128 0x3b
 1035 0058 0B       		.uleb128 0xb
 1036 0059 27       		.uleb128 0x27
 1037 005a 19       		.uleb128 0x19
 1038 005b 49       		.uleb128 0x49
 1039 005c 13       		.uleb128 0x13
 1040 005d 11       		.uleb128 0x11
 1041 005e 01       		.uleb128 0x1
 1042 005f 12       		.uleb128 0x12
 1043 0060 06       		.uleb128 0x6
 1044 0061 40       		.uleb128 0x40
 1045 0062 18       		.uleb128 0x18
 1046 0063 9742     		.uleb128 0x2117
 1047 0065 19       		.uleb128 0x19
 1048 0066 01       		.uleb128 0x1
 1049 0067 13       		.uleb128 0x13
 1050 0068 00       		.byte	0
 1051 0069 00       		.byte	0
 1052 006a 08       		.uleb128 0x8
 1053 006b 898201   		.uleb128 0x4109
 1054 006e 00       		.byte	0
 1055 006f 11       		.uleb128 0x11
 1056 0070 01       		.uleb128 0x1
 1057 0071 31       		.uleb128 0x31
 1058 0072 13       		.uleb128 0x13
 1059 0073 00       		.byte	0
 1060 0074 00       		.byte	0
 1061 0075 09       		.uleb128 0x9
 1062 0076 05       		.uleb128 0x5
 1063 0077 00       		.byte	0
 1064 0078 03       		.uleb128 0x3
 1065 0079 0E       		.uleb128 0xe
 1066 007a 3A       		.uleb128 0x3a
 1067 007b 0B       		.uleb128 0xb
 1068 007c 3B       		.uleb128 0x3b
 1069 007d 0B       		.uleb128 0xb
 1070 007e 49       		.uleb128 0x49
 1071 007f 13       		.uleb128 0x13
 1072 0080 02       		.uleb128 0x2
 1073 0081 17       		.uleb128 0x17
 1074 0082 00       		.byte	0
 1075 0083 00       		.byte	0
 1076 0084 0A       		.uleb128 0xa
 1077 0085 34       		.uleb128 0x34
 1078 0086 00       		.byte	0
 1079 0087 03       		.uleb128 0x3
 1080 0088 0E       		.uleb128 0xe
 1081 0089 3A       		.uleb128 0x3a
 1082 008a 0B       		.uleb128 0xb
 1083 008b 3B       		.uleb128 0x3b
 1084 008c 0B       		.uleb128 0xb
 1085 008d 49       		.uleb128 0x49
 1086 008e 13       		.uleb128 0x13
 1087 008f 02       		.uleb128 0x2
 1088 0090 17       		.uleb128 0x17
 1089 0091 00       		.byte	0
 1090 0092 00       		.byte	0
ARM GAS  C:\Users\Riccardo\AppData\Local\Temp\cc2w0Dmm.s 			page 23


 1091 0093 0B       		.uleb128 0xb
 1092 0094 898201   		.uleb128 0x4109
 1093 0097 01       		.byte	0x1
 1094 0098 11       		.uleb128 0x11
 1095 0099 01       		.uleb128 0x1
 1096 009a 31       		.uleb128 0x31
 1097 009b 13       		.uleb128 0x13
 1098 009c 01       		.uleb128 0x1
 1099 009d 13       		.uleb128 0x13
 1100 009e 00       		.byte	0
 1101 009f 00       		.byte	0
 1102 00a0 0C       		.uleb128 0xc
 1103 00a1 8A8201   		.uleb128 0x410a
 1104 00a4 00       		.byte	0
 1105 00a5 02       		.uleb128 0x2
 1106 00a6 18       		.uleb128 0x18
 1107 00a7 9142     		.uleb128 0x2111
 1108 00a9 18       		.uleb128 0x18
 1109 00aa 00       		.byte	0
 1110 00ab 00       		.byte	0
 1111 00ac 0D       		.uleb128 0xd
 1112 00ad 0F       		.uleb128 0xf
 1113 00ae 00       		.byte	0
 1114 00af 0B       		.uleb128 0xb
 1115 00b0 0B       		.uleb128 0xb
 1116 00b1 49       		.uleb128 0x49
 1117 00b2 13       		.uleb128 0x13
 1118 00b3 00       		.byte	0
 1119 00b4 00       		.byte	0
 1120 00b5 0E       		.uleb128 0xe
 1121 00b6 34       		.uleb128 0x34
 1122 00b7 00       		.byte	0
 1123 00b8 03       		.uleb128 0x3
 1124 00b9 0E       		.uleb128 0xe
 1125 00ba 3A       		.uleb128 0x3a
 1126 00bb 0B       		.uleb128 0xb
 1127 00bc 3B       		.uleb128 0x3b
 1128 00bd 0B       		.uleb128 0xb
 1129 00be 49       		.uleb128 0x49
 1130 00bf 13       		.uleb128 0x13
 1131 00c0 02       		.uleb128 0x2
 1132 00c1 18       		.uleb128 0x18
 1133 00c2 00       		.byte	0
 1134 00c3 00       		.byte	0
 1135 00c4 0F       		.uleb128 0xf
 1136 00c5 2E       		.uleb128 0x2e
 1137 00c6 00       		.byte	0
 1138 00c7 3F       		.uleb128 0x3f
 1139 00c8 19       		.uleb128 0x19
 1140 00c9 3C       		.uleb128 0x3c
 1141 00ca 19       		.uleb128 0x19
 1142 00cb 6E       		.uleb128 0x6e
 1143 00cc 0E       		.uleb128 0xe
 1144 00cd 03       		.uleb128 0x3
 1145 00ce 0E       		.uleb128 0xe
 1146 00cf 3A       		.uleb128 0x3a
 1147 00d0 0B       		.uleb128 0xb
ARM GAS  C:\Users\Riccardo\AppData\Local\Temp\cc2w0Dmm.s 			page 24


 1148 00d1 3B       		.uleb128 0x3b
 1149 00d2 0B       		.uleb128 0xb
 1150 00d3 00       		.byte	0
 1151 00d4 00       		.byte	0
 1152 00d5 00       		.byte	0
 1153              		.section	.debug_loc,"",%progbits
 1154              	.Ldebug_loc0:
 1155              	.LLST0:
 1156 0000 00000000 		.4byte	.LVL2
 1157 0004 0D000000 		.4byte	.LVL4-1
 1158 0008 0100     		.2byte	0x1
 1159 000a 50       		.byte	0x50
 1160 000b 0D000000 		.4byte	.LVL4-1
 1161 000f 3A000000 		.4byte	.LFE2
 1162 0013 0400     		.2byte	0x4
 1163 0015 F3       		.byte	0xf3
 1164 0016 01       		.uleb128 0x1
 1165 0017 50       		.byte	0x50
 1166 0018 9F       		.byte	0x9f
 1167 0019 00000000 		.4byte	0
 1168 001d 00000000 		.4byte	0
 1169              	.LLST1:
 1170 0021 00000000 		.4byte	.LVL2
 1171 0025 0A000000 		.4byte	.LVL3
 1172 0029 0100     		.2byte	0x1
 1173 002b 51       		.byte	0x51
 1174 002c 0A000000 		.4byte	.LVL3
 1175 0030 3A000000 		.4byte	.LFE2
 1176 0034 0400     		.2byte	0x4
 1177 0036 F3       		.byte	0xf3
 1178 0037 01       		.uleb128 0x1
 1179 0038 51       		.byte	0x51
 1180 0039 9F       		.byte	0x9f
 1181 003a 00000000 		.4byte	0
 1182 003e 00000000 		.4byte	0
 1183              	.LLST2:
 1184 0042 00000000 		.4byte	.LVL2
 1185 0046 0D000000 		.4byte	.LVL4-1
 1186 004a 0100     		.2byte	0x1
 1187 004c 52       		.byte	0x52
 1188 004d 0D000000 		.4byte	.LVL4-1
 1189 0051 3A000000 		.4byte	.LFE2
 1190 0055 0100     		.2byte	0x1
 1191 0057 57       		.byte	0x57
 1192 0058 00000000 		.4byte	0
 1193 005c 00000000 		.4byte	0
 1194              	.LLST3:
 1195 0060 0E000000 		.4byte	.LVL4
 1196 0064 14000000 		.4byte	.LVL5
 1197 0068 0100     		.2byte	0x1
 1198 006a 50       		.byte	0x50
 1199 006b 18000000 		.4byte	.LVL6
 1200 006f 20000000 		.4byte	.LVL7
 1201 0073 0100     		.2byte	0x1
 1202 0075 50       		.byte	0x50
 1203 0076 24000000 		.4byte	.LVL8
 1204 007a 2B000000 		.4byte	.LVL9-1
ARM GAS  C:\Users\Riccardo\AppData\Local\Temp\cc2w0Dmm.s 			page 25


 1205 007e 0100     		.2byte	0x1
 1206 0080 50       		.byte	0x50
 1207 0081 2E000000 		.4byte	.LVL10
 1208 0085 3A000000 		.4byte	.LFE2
 1209 0089 0100     		.2byte	0x1
 1210 008b 54       		.byte	0x54
 1211 008c 00000000 		.4byte	0
 1212 0090 00000000 		.4byte	0
 1213              	.LLST4:
 1214 0094 00000000 		.4byte	.LVL12
 1215 0098 11000000 		.4byte	.LVL14-1
 1216 009c 0100     		.2byte	0x1
 1217 009e 50       		.byte	0x50
 1218 009f 11000000 		.4byte	.LVL14-1
 1219 00a3 5A000000 		.4byte	.LFE3
 1220 00a7 0400     		.2byte	0x4
 1221 00a9 F3       		.byte	0xf3
 1222 00aa 01       		.uleb128 0x1
 1223 00ab 50       		.byte	0x50
 1224 00ac 9F       		.byte	0x9f
 1225 00ad 00000000 		.4byte	0
 1226 00b1 00000000 		.4byte	0
 1227              	.LLST5:
 1228 00b5 00000000 		.4byte	.LVL12
 1229 00b9 0E000000 		.4byte	.LVL13
 1230 00bd 0100     		.2byte	0x1
 1231 00bf 51       		.byte	0x51
 1232 00c0 0E000000 		.4byte	.LVL13
 1233 00c4 5A000000 		.4byte	.LFE3
 1234 00c8 0400     		.2byte	0x4
 1235 00ca F3       		.byte	0xf3
 1236 00cb 01       		.uleb128 0x1
 1237 00cc 51       		.byte	0x51
 1238 00cd 9F       		.byte	0x9f
 1239 00ce 00000000 		.4byte	0
 1240 00d2 00000000 		.4byte	0
 1241              	.LLST6:
 1242 00d6 00000000 		.4byte	.LVL12
 1243 00da 11000000 		.4byte	.LVL14-1
 1244 00de 0100     		.2byte	0x1
 1245 00e0 52       		.byte	0x52
 1246 00e1 11000000 		.4byte	.LVL14-1
 1247 00e5 32000000 		.4byte	.LVL19
 1248 00e9 0400     		.2byte	0x4
 1249 00eb F3       		.byte	0xf3
 1250 00ec 01       		.uleb128 0x1
 1251 00ed 52       		.byte	0x52
 1252 00ee 9F       		.byte	0x9f
 1253 00ef 32000000 		.4byte	.LVL19
 1254 00f3 3E000000 		.4byte	.LVL22
 1255 00f7 0100     		.2byte	0x1
 1256 00f9 54       		.byte	0x54
 1257 00fa 40000000 		.4byte	.LVL23
 1258 00fe 4C000000 		.4byte	.LVL25
 1259 0102 0100     		.2byte	0x1
 1260 0104 54       		.byte	0x54
 1261 0105 00000000 		.4byte	0
ARM GAS  C:\Users\Riccardo\AppData\Local\Temp\cc2w0Dmm.s 			page 26


 1262 0109 00000000 		.4byte	0
 1263              	.LLST7:
 1264 010d 00000000 		.4byte	.LVL12
 1265 0111 11000000 		.4byte	.LVL14-1
 1266 0115 0100     		.2byte	0x1
 1267 0117 53       		.byte	0x53
 1268 0118 11000000 		.4byte	.LVL14-1
 1269 011c 5A000000 		.4byte	.LFE3
 1270 0120 0100     		.2byte	0x1
 1271 0122 56       		.byte	0x56
 1272 0123 00000000 		.4byte	0
 1273 0127 00000000 		.4byte	0
 1274              	.LLST8:
 1275 012b 12000000 		.4byte	.LVL14
 1276 012f 1A000000 		.4byte	.LVL15
 1277 0133 0100     		.2byte	0x1
 1278 0135 50       		.byte	0x50
 1279 0136 1E000000 		.4byte	.LVL16
 1280 013a 26000000 		.4byte	.LVL17
 1281 013e 0100     		.2byte	0x1
 1282 0140 50       		.byte	0x50
 1283 0141 2A000000 		.4byte	.LVL18
 1284 0145 34000000 		.4byte	.LVL20
 1285 0149 0100     		.2byte	0x1
 1286 014b 50       		.byte	0x50
 1287 014c 4C000000 		.4byte	.LVL25
 1288 0150 5A000000 		.4byte	.LFE3
 1289 0154 0100     		.2byte	0x1
 1290 0156 55       		.byte	0x55
 1291 0157 00000000 		.4byte	0
 1292 015b 00000000 		.4byte	0
 1293              	.LLST9:
 1294 015f 00000000 		.4byte	.LVL27
 1295 0163 0B000000 		.4byte	.LVL29-1
 1296 0167 0100     		.2byte	0x1
 1297 0169 50       		.byte	0x50
 1298 016a 0B000000 		.4byte	.LVL29-1
 1299 016e 2E000000 		.4byte	.LFE4
 1300 0172 0400     		.2byte	0x4
 1301 0174 F3       		.byte	0xf3
 1302 0175 01       		.uleb128 0x1
 1303 0176 50       		.byte	0x50
 1304 0177 9F       		.byte	0x9f
 1305 0178 00000000 		.4byte	0
 1306 017c 00000000 		.4byte	0
 1307              	.LLST10:
 1308 0180 00000000 		.4byte	.LVL27
 1309 0184 08000000 		.4byte	.LVL28
 1310 0188 0100     		.2byte	0x1
 1311 018a 51       		.byte	0x51
 1312 018b 08000000 		.4byte	.LVL28
 1313 018f 2E000000 		.4byte	.LFE4
 1314 0193 0400     		.2byte	0x4
 1315 0195 F3       		.byte	0xf3
 1316 0196 01       		.uleb128 0x1
 1317 0197 51       		.byte	0x51
 1318 0198 9F       		.byte	0x9f
ARM GAS  C:\Users\Riccardo\AppData\Local\Temp\cc2w0Dmm.s 			page 27


 1319 0199 00000000 		.4byte	0
 1320 019d 00000000 		.4byte	0
 1321              	.LLST11:
 1322 01a1 00000000 		.4byte	.LVL27
 1323 01a5 0B000000 		.4byte	.LVL29-1
 1324 01a9 0100     		.2byte	0x1
 1325 01ab 52       		.byte	0x52
 1326 01ac 0B000000 		.4byte	.LVL29-1
 1327 01b0 2E000000 		.4byte	.LFE4
 1328 01b4 0400     		.2byte	0x4
 1329 01b6 F3       		.byte	0xf3
 1330 01b7 01       		.uleb128 0x1
 1331 01b8 52       		.byte	0x52
 1332 01b9 9F       		.byte	0x9f
 1333 01ba 00000000 		.4byte	0
 1334 01be 00000000 		.4byte	0
 1335              	.LLST12:
 1336 01c2 0C000000 		.4byte	.LVL29
 1337 01c6 12000000 		.4byte	.LVL30
 1338 01ca 0100     		.2byte	0x1
 1339 01cc 50       		.byte	0x50
 1340 01cd 16000000 		.4byte	.LVL31
 1341 01d1 1C000000 		.4byte	.LVL32
 1342 01d5 0100     		.2byte	0x1
 1343 01d7 50       		.byte	0x50
 1344 01d8 22000000 		.4byte	.LVL34
 1345 01dc 2E000000 		.4byte	.LFE4
 1346 01e0 0100     		.2byte	0x1
 1347 01e2 54       		.byte	0x54
 1348 01e3 00000000 		.4byte	0
 1349 01e7 00000000 		.4byte	0
 1350              	.LLST13:
 1351 01eb 00000000 		.4byte	.LVL36
 1352 01ef 0D000000 		.4byte	.LVL38-1
 1353 01f3 0100     		.2byte	0x1
 1354 01f5 50       		.byte	0x50
 1355 01f6 0D000000 		.4byte	.LVL38-1
 1356 01fa 3A000000 		.4byte	.LFE5
 1357 01fe 0400     		.2byte	0x4
 1358 0200 F3       		.byte	0xf3
 1359 0201 01       		.uleb128 0x1
 1360 0202 50       		.byte	0x50
 1361 0203 9F       		.byte	0x9f
 1362 0204 00000000 		.4byte	0
 1363 0208 00000000 		.4byte	0
 1364              	.LLST14:
 1365 020c 00000000 		.4byte	.LVL36
 1366 0210 0A000000 		.4byte	.LVL37
 1367 0214 0100     		.2byte	0x1
 1368 0216 51       		.byte	0x51
 1369 0217 0A000000 		.4byte	.LVL37
 1370 021b 3A000000 		.4byte	.LFE5
 1371 021f 0400     		.2byte	0x4
 1372 0221 F3       		.byte	0xf3
 1373 0222 01       		.uleb128 0x1
 1374 0223 51       		.byte	0x51
 1375 0224 9F       		.byte	0x9f
ARM GAS  C:\Users\Riccardo\AppData\Local\Temp\cc2w0Dmm.s 			page 28


 1376 0225 00000000 		.4byte	0
 1377 0229 00000000 		.4byte	0
 1378              	.LLST15:
 1379 022d 00000000 		.4byte	.LVL36
 1380 0231 0D000000 		.4byte	.LVL38-1
 1381 0235 0100     		.2byte	0x1
 1382 0237 52       		.byte	0x52
 1383 0238 0D000000 		.4byte	.LVL38-1
 1384 023c 20000000 		.4byte	.LVL41
 1385 0240 0400     		.2byte	0x4
 1386 0242 F3       		.byte	0xf3
 1387 0243 01       		.uleb128 0x1
 1388 0244 52       		.byte	0x52
 1389 0245 9F       		.byte	0x9f
 1390 0246 20000000 		.4byte	.LVL41
 1391 024a 2E000000 		.4byte	.LVL45
 1392 024e 0100     		.2byte	0x1
 1393 0250 55       		.byte	0x55
 1394 0251 00000000 		.4byte	0
 1395 0255 00000000 		.4byte	0
 1396              	.LLST16:
 1397 0259 00000000 		.4byte	.LVL36
 1398 025d 0D000000 		.4byte	.LVL38-1
 1399 0261 0100     		.2byte	0x1
 1400 0263 53       		.byte	0x53
 1401 0264 0D000000 		.4byte	.LVL38-1
 1402 0268 3A000000 		.4byte	.LFE5
 1403 026c 0100     		.2byte	0x1
 1404 026e 57       		.byte	0x57
 1405 026f 00000000 		.4byte	0
 1406 0273 00000000 		.4byte	0
 1407              	.LLST17:
 1408 0277 0E000000 		.4byte	.LVL38
 1409 027b 14000000 		.4byte	.LVL39
 1410 027f 0100     		.2byte	0x1
 1411 0281 50       		.byte	0x50
 1412 0282 18000000 		.4byte	.LVL40
 1413 0286 22000000 		.4byte	.LVL42
 1414 028a 0100     		.2byte	0x1
 1415 028c 50       		.byte	0x50
 1416 028d 22000000 		.4byte	.LVL42
 1417 0291 3A000000 		.4byte	.LFE5
 1418 0295 0100     		.2byte	0x1
 1419 0297 54       		.byte	0x54
 1420 0298 00000000 		.4byte	0
 1421 029c 00000000 		.4byte	0
 1422              	.LLST18:
 1423 02a0 00000000 		.4byte	.LVL47
 1424 02a4 07000000 		.4byte	.LVL48-1
 1425 02a8 0100     		.2byte	0x1
 1426 02aa 50       		.byte	0x50
 1427 02ab 07000000 		.4byte	.LVL48-1
 1428 02af 18000000 		.4byte	.LFE6
 1429 02b3 0400     		.2byte	0x4
 1430 02b5 F3       		.byte	0xf3
 1431 02b6 01       		.uleb128 0x1
 1432 02b7 50       		.byte	0x50
ARM GAS  C:\Users\Riccardo\AppData\Local\Temp\cc2w0Dmm.s 			page 29


 1433 02b8 9F       		.byte	0x9f
 1434 02b9 00000000 		.4byte	0
 1435 02bd 00000000 		.4byte	0
 1436              		.section	.debug_aranges,"",%progbits
 1437 0000 4C000000 		.4byte	0x4c
 1438 0004 0200     		.2byte	0x2
 1439 0006 00000000 		.4byte	.Ldebug_info0
 1440 000a 04       		.byte	0x4
 1441 000b 00       		.byte	0
 1442 000c 0000     		.2byte	0
 1443 000e 0000     		.2byte	0
 1444 0010 00000000 		.4byte	.LFB0
 1445 0014 0A000000 		.4byte	.LFE0-.LFB0
 1446 0018 00000000 		.4byte	.LFB1
 1447 001c 0A000000 		.4byte	.LFE1-.LFB1
 1448 0020 00000000 		.4byte	.LFB2
 1449 0024 3A000000 		.4byte	.LFE2-.LFB2
 1450 0028 00000000 		.4byte	.LFB3
 1451 002c 5A000000 		.4byte	.LFE3-.LFB3
 1452 0030 00000000 		.4byte	.LFB4
 1453 0034 2E000000 		.4byte	.LFE4-.LFB4
 1454 0038 00000000 		.4byte	.LFB5
 1455 003c 3A000000 		.4byte	.LFE5-.LFB5
 1456 0040 00000000 		.4byte	.LFB6
 1457 0044 18000000 		.4byte	.LFE6-.LFB6
 1458 0048 00000000 		.4byte	0
 1459 004c 00000000 		.4byte	0
 1460              		.section	.debug_ranges,"",%progbits
 1461              	.Ldebug_ranges0:
 1462 0000 00000000 		.4byte	.LFB0
 1463 0004 0A000000 		.4byte	.LFE0
 1464 0008 00000000 		.4byte	.LFB1
 1465 000c 0A000000 		.4byte	.LFE1
 1466 0010 00000000 		.4byte	.LFB2
 1467 0014 3A000000 		.4byte	.LFE2
 1468 0018 00000000 		.4byte	.LFB3
 1469 001c 5A000000 		.4byte	.LFE3
 1470 0020 00000000 		.4byte	.LFB4
 1471 0024 2E000000 		.4byte	.LFE4
 1472 0028 00000000 		.4byte	.LFB5
 1473 002c 3A000000 		.4byte	.LFE5
 1474 0030 00000000 		.4byte	.LFB6
 1475 0034 18000000 		.4byte	.LFE6
 1476 0038 00000000 		.4byte	0
 1477 003c 00000000 		.4byte	0
 1478              		.section	.debug_line,"",%progbits
 1479              	.Ldebug_line0:
 1480 0000 FF010000 		.section	.debug_str,"MS",%progbits,1
 1480      02005A01 
 1480      00000201 
 1480      FB0E0D00 
 1480      01010101 
 1481              	.LASF9:
 1482 0000 5F5F7569 		.ascii	"__uint8_t\000"
 1482      6E74385F 
 1482      7400
 1483              	.LASF36:
ARM GAS  C:\Users\Riccardo\AppData\Local\Temp\cc2w0Dmm.s 			page 30


 1484 000a 4932435F 		.ascii	"I2C_Master_MasterReadByte\000"
 1484      4D617374 
 1484      65725F4D 
 1484      61737465 
 1484      72526561 
 1485              	.LASF34:
 1486 0024 4932435F 		.ascii	"I2C_Master_MasterWriteByte\000"
 1486      4D617374 
 1486      65725F4D 
 1486      61737465 
 1486      72577269 
 1487              	.LASF26:
 1488 003f 72656769 		.ascii	"register_count\000"
 1488      73746572 
 1488      5F636F75 
 1488      6E7400
 1489              	.LASF39:
 1490 004e 4932435F 		.ascii	"I2C_Interface.c\000"
 1490      496E7465 
 1490      72666163 
 1490      652E6300 
 1491              	.LASF16:
 1492 005e 4572726F 		.ascii	"ErrorCode\000"
 1492      72436F64 
 1492      6500
 1493              	.LASF30:
 1494 0068 4932435F 		.ascii	"I2C_Peripheral_IsDeviceConnected\000"
 1494      50657269 
 1494      70686572 
 1494      616C5F49 
 1494      73446576 
 1495              	.LASF11:
 1496 0089 666C6F61 		.ascii	"float\000"
 1496      7400
 1497              	.LASF24:
 1498 008f 64617461 		.ascii	"data\000"
 1498      00
 1499              	.LASF40:
 1500 0094 433A5C55 		.ascii	"C:\\Users\\Riccardo\\Desktop\\Lab_sensori\\Assignme"
 1500      73657273 
 1500      5C526963 
 1500      63617264 
 1500      6F5C4465 
 1501 00c2 6E74735C 		.ascii	"nts\\Assignment_04\\PSoC_03_Complete\\PSoC_03\\AY19"
 1501      41737369 
 1501      676E6D65 
 1501      6E745F30 
 1501      345C5053 
 1502 00f1 32305F49 		.ascii	"20_II_HW_05_PROJ_2.cydsn\000"
 1502      495F4857 
 1502      5F30355F 
 1502      50524F4A 
 1502      5F322E63 
 1503              	.LASF1:
 1504 010a 756E7369 		.ascii	"unsigned char\000"
 1504      676E6564 
 1504      20636861 
ARM GAS  C:\Users\Riccardo\AppData\Local\Temp\cc2w0Dmm.s 			page 31


 1504      7200
 1505              	.LASF38:
 1506 0118 474E5520 		.ascii	"GNU C11 5.4.1 20160609 (release) [ARM/embedded-5-br"
 1506      43313120 
 1506      352E342E 
 1506      31203230 
 1506      31363036 
 1507 014b 616E6368 		.ascii	"anch revision 237715] -mcpu=cortex-m3 -mthumb -g -O"
 1507      20726576 
 1507      6973696F 
 1507      6E203233 
 1507      37373135 
 1508 017e 67202D66 		.ascii	"g -ffunction-sections -ffat-lto-objects\000"
 1508      66756E63 
 1508      74696F6E 
 1508      2D736563 
 1508      74696F6E 
 1509              	.LASF29:
 1510 01a6 4932435F 		.ascii	"I2C_Peripheral_WriteRegisterMulti\000"
 1510      50657269 
 1510      70686572 
 1510      616C5F57 
 1510      72697465 
 1511              	.LASF3:
 1512 01c8 73686F72 		.ascii	"short unsigned int\000"
 1512      7420756E 
 1512      7369676E 
 1512      65642069 
 1512      6E7400
 1513              	.LASF23:
 1514 01db 72656769 		.ascii	"register_address\000"
 1514      73746572 
 1514      5F616464 
 1514      72657373 
 1514      00
 1515              	.LASF35:
 1516 01ec 4932435F 		.ascii	"I2C_Master_MasterSendRestart\000"
 1516      4D617374 
 1516      65725F4D 
 1516      61737465 
 1516      7253656E 
 1517              	.LASF31:
 1518 0209 4932435F 		.ascii	"I2C_Master_Start\000"
 1518      4D617374 
 1518      65725F53 
 1518      74617274 
 1518      00
 1519              	.LASF12:
 1520 021a 646F7562 		.ascii	"double\000"
 1520      6C6500
 1521              	.LASF25:
 1522 0221 4932435F 		.ascii	"I2C_Peripheral_ReadRegisterMulti\000"
 1522      50657269 
 1522      70686572 
 1522      616C5F52 
 1522      65616452 
 1523              	.LASF28:
ARM GAS  C:\Users\Riccardo\AppData\Local\Temp\cc2w0Dmm.s 			page 32


 1524 0242 4932435F 		.ascii	"I2C_Peripheral_WriteRegister\000"
 1524      50657269 
 1524      70686572 
 1524      616C5F57 
 1524      72697465 
 1525              	.LASF5:
 1526 025f 6C6F6E67 		.ascii	"long unsigned int\000"
 1526      20756E73 
 1526      69676E65 
 1526      6420696E 
 1526      7400
 1527              	.LASF8:
 1528 0271 756E7369 		.ascii	"unsigned int\000"
 1528      676E6564 
 1528      20696E74 
 1528      00
 1529              	.LASF7:
 1530 027e 6C6F6E67 		.ascii	"long long unsigned int\000"
 1530      206C6F6E 
 1530      6720756E 
 1530      7369676E 
 1530      65642069 
 1531              	.LASF10:
 1532 0295 75696E74 		.ascii	"uint8_t\000"
 1532      385F7400 
 1533              	.LASF15:
 1534 029d 4552524F 		.ascii	"ERROR\000"
 1534      5200
 1535              	.LASF33:
 1536 02a3 4932435F 		.ascii	"I2C_Master_MasterSendStart\000"
 1536      4D617374 
 1536      65725F4D 
 1536      61737465 
 1536      7253656E 
 1537              	.LASF18:
 1538 02be 73697A65 		.ascii	"sizetype\000"
 1538      74797065 
 1538      00
 1539              	.LASF27:
 1540 02c7 6572726F 		.ascii	"error\000"
 1540      7200
 1541              	.LASF6:
 1542 02cd 6C6F6E67 		.ascii	"long long int\000"
 1542      206C6F6E 
 1542      6720696E 
 1542      7400
 1543              	.LASF37:
 1544 02db 4932435F 		.ascii	"I2C_Master_MasterSendStop\000"
 1544      4D617374 
 1544      65725F4D 
 1544      61737465 
 1544      7253656E 
 1545              	.LASF20:
 1546 02f5 4932435F 		.ascii	"I2C_Peripheral_Stop\000"
 1546      50657269 
 1546      70686572 
 1546      616C5F53 
ARM GAS  C:\Users\Riccardo\AppData\Local\Temp\cc2w0Dmm.s 			page 33


 1546      746F7000 
 1547              	.LASF21:
 1548 0309 4932435F 		.ascii	"I2C_Peripheral_ReadRegister\000"
 1548      50657269 
 1548      70686572 
 1548      616C5F52 
 1548      65616452 
 1549              	.LASF2:
 1550 0325 73686F72 		.ascii	"short int\000"
 1550      7420696E 
 1550      7400
 1551              	.LASF22:
 1552 032f 64657669 		.ascii	"device_address\000"
 1552      63655F61 
 1552      64647265 
 1552      737300
 1553              	.LASF32:
 1554 033e 4932435F 		.ascii	"I2C_Master_Stop\000"
 1554      4D617374 
 1554      65725F53 
 1554      746F7000 
 1555              	.LASF14:
 1556 034e 4E4F5F45 		.ascii	"NO_ERROR\000"
 1556      52524F52 
 1556      00
 1557              	.LASF4:
 1558 0357 6C6F6E67 		.ascii	"long int\000"
 1558      20696E74 
 1558      00
 1559              	.LASF13:
 1560 0360 63686172 		.ascii	"char\000"
 1560      00
 1561              	.LASF17:
 1562 0365 6C6F6E67 		.ascii	"long double\000"
 1562      20646F75 
 1562      626C6500 
 1563              	.LASF0:
 1564 0371 7369676E 		.ascii	"signed char\000"
 1564      65642063 
 1564      68617200 
 1565              	.LASF19:
 1566 037d 4932435F 		.ascii	"I2C_Peripheral_Start\000"
 1566      50657269 
 1566      70686572 
 1566      616C5F53 
 1566      74617274 
 1567              		.ident	"GCC: (GNU Tools for ARM Embedded Processors) 5.4.1 20160609 (release) [ARM/embedded-5-bran
